C51 COMPILER V9.54   DS1302                                                                03/22/2022 10:05:17 PAGE 1   


C51 COMPILER V9.54, COMPILATION OF MODULE DS1302
OBJECT MODULE PLACED IN .\build\Target 1\DS1302.o
COMPILER INVOKED BY: D:\Keil51\C51\BIN\C51.exe .\DS1302.C PRINT(.\build\Target 1\DS1302.lst) OMF2 TABS(4) CODE NOCOND SY
                    -MBOLS OPTIMIZE(8,SPEED) SMALL ROM(LARGE) INCDIR(D:\Keil51\C51\INC\STC;D:\Keil51\C51\INC) DEFINE(__UVISION_VERSION=526) O
                    -BJECT(.\build\Target 1\DS1302.o)

line level    source

   1          /*
   2            ???????: DS1302????????
   3            ????????: Keil uVision 4.10 
   4            ???????: CT107???????????? 8051??12MHz
   5            ??    ??: 2011-8-9
   6          */
   7          
   8          #include <STC15F2K60S2.H>
   9          #include <INTRINS.H>
  10          
  11          sbit SCK=P1^7;      
  12          sbit SDA=P2^3;      
  13          sbit RST = P1^3;   // DS1302???                                             
  14          
  15          unsigned char shijian[]={50,59,23,0,0,0,0};
  16          void Write_Ds1302_Byte(unsigned  char temp) 
  17          {
  18   1          unsigned char i;
  19   1          for (i=0;i<8;i++)       
  20   1          { 
  21   2              SCK=0;
  22   2              SDA=temp&0x01;
  23   2              temp>>=1; 
  24   2              SCK=1;
  25   2          }
  26   1      }   
  27          
  28          void Write_Ds1302( unsigned char address,unsigned char dat )     
  29          {
  30   1          unsigned char dat1,dat2;
  31   1          RST=0;
  32   1          _nop_();
  33   1          SCK=0;
  34   1          _nop_();
  35   1          RST=1;  
  36   1          _nop_();  
  37   1          Write_Ds1302_Byte(address); 
  38   1          dat1=dat/10;
  39   1          dat2=dat%10;
  40   1          dat=(dat1<<4)|dat2;
  41   1          Write_Ds1302_Byte(dat);     
  42   1          RST=0; 
  43   1      }
  44          
  45          unsigned char Read_Ds1302 ( unsigned char address )
  46          {
  47   1          unsigned char i,temp=0x00;
  48   1          unsigned char dat1,dat2;
  49   1      
  50   1          RST=0;
  51   1          _nop_();
  52   1          SCK=0;
  53   1          _nop_();
C51 COMPILER V9.54   DS1302                                                                03/22/2022 10:05:17 PAGE 2   

  54   1          RST=1;
  55   1          _nop_();
  56   1          Write_Ds1302_Byte(address);
  57   1          for (i=0;i<8;i++)   
  58   1          {       
  59   2              SCK=0;
  60   2              temp>>=1;   
  61   2              if(SDA)
  62   2              temp|=0x80; 
  63   2              SCK=1;
  64   2          } 
  65   1          RST=0;
  66   1          _nop_();
  67   1          RST=0;
  68   1          SCK=0;
  69   1          _nop_();
  70   1          SCK=1;
  71   1          _nop_();
  72   1          SDA=0;
  73   1          _nop_();
  74   1          SDA=1;
  75   1          _nop_();
  76   1          dat1=temp/16;
  77   1          dat2=temp%16;
  78   1          temp=dat1*10+dat2;
  79   1          return (temp);          
  80   1      }
  81          void DS1302_Init()
  82          {
  83   1          unsigned char i;
  84   1          unsigned char add=0x80;
  85   1          
  86   1          Write_Ds1302(0x8e,0x00);
  87   1          for(i=0;i<8;i++)
  88   1          {
  89   2              Write_Ds1302(add,shijian[i]);
  90   2              add+=2;
  91   2          }
  92   1          Write_Ds1302(0x8e,0x80);
  93   1      }void DS1302_Get()
  94          {
  95   1          unsigned char i;
  96   1          unsigned char add=0x81;
  97   1          
  98   1          Write_Ds1302(0x8e,0x00);
  99   1          for(i=0;i<8;i++)
 100   1          {
 101   2              shijian[i]=Read_Ds1302(add);
 102   2              add+=2;
 103   2          }
 104   1          Write_Ds1302(0x8e,0x80);
 105   1      }
C51 COMPILER V9.54   DS1302                                                                03/22/2022 10:05:17 PAGE 3   

ASSEMBLY LISTING OF GENERATED OBJECT CODE


             ; FUNCTION _Write_Ds1302_Byte (BEGIN)
                                           ; SOURCE LINE # 16
;---- Variable 'temp' assigned to Register 'R7' ----
                                           ; SOURCE LINE # 17
                                           ; SOURCE LINE # 19
;---- Variable 'i' assigned to Register 'R6' ----
0000 E4                CLR     A
0001 FE                MOV     R6,A
0002         ?C0001:
                                           ; SOURCE LINE # 20
                                           ; SOURCE LINE # 21
0002 C297              CLR     SCK
                                           ; SOURCE LINE # 22
0004 EF                MOV     A,R7
0005 13                RRC     A
0006 92A3              MOV     SDA,C
                                           ; SOURCE LINE # 23
0008 EF                MOV     A,R7
0009 C3                CLR     C
000A 13                RRC     A
000B FF                MOV     R7,A
                                           ; SOURCE LINE # 24
000C D297              SETB    SCK
                                           ; SOURCE LINE # 25
000E 0E                INC     R6
000F BE08F0            CJNE    R6,#08H,?C0001
                                           ; SOURCE LINE # 26
0012         ?C0004:
0012 22                RET     
             ; FUNCTION _Write_Ds1302_Byte (END)

             ; FUNCTION _Write_Ds1302 (BEGIN)
                                           ; SOURCE LINE # 28
;---- Variable 'dat' assigned to Register 'R5' ----
;---- Variable 'address' assigned to Register 'R7' ----
                                           ; SOURCE LINE # 29
                                           ; SOURCE LINE # 31
0000 C293              CLR     RST
                                           ; SOURCE LINE # 32
0002 00                NOP     
                                           ; SOURCE LINE # 33
0003 C297              CLR     SCK
                                           ; SOURCE LINE # 34
0005 00                NOP     
                                           ; SOURCE LINE # 35
0006 D293              SETB    RST
                                           ; SOURCE LINE # 36
0008 00                NOP     
                                           ; SOURCE LINE # 37
0009 120000      R     LCALL   _Write_Ds1302_Byte
                                           ; SOURCE LINE # 38
000C ED                MOV     A,R5
000D 75F00A            MOV     B,#0AH
0010 84                DIV     AB
0011 FF                MOV     R7,A
;---- Variable 'dat1' assigned to Register 'R7' ----
                                           ; SOURCE LINE # 39
0012 ED                MOV     A,R5
0013 75F00A            MOV     B,#0AH
C51 COMPILER V9.54   DS1302                                                                03/22/2022 10:05:17 PAGE 4   

0016 84                DIV     AB
;---- Variable 'dat2' assigned to Register 'R6' ----
                                           ; SOURCE LINE # 40
0017 EF                MOV     A,R7
0018 C4                SWAP    A
0019 54F0              ANL     A,#0F0H
001B 45F0              ORL     A,B
001D FD                MOV     R5,A
                                           ; SOURCE LINE # 41
001E FF                MOV     R7,A
001F 120000      R     LCALL   _Write_Ds1302_Byte
                                           ; SOURCE LINE # 42
0022 C293              CLR     RST
                                           ; SOURCE LINE # 43
0024 22                RET     
             ; FUNCTION _Write_Ds1302 (END)

             ; FUNCTION _Read_Ds1302 (BEGIN)
                                           ; SOURCE LINE # 45
;---- Variable 'address' assigned to Register 'R7' ----
                                           ; SOURCE LINE # 46
                                           ; SOURCE LINE # 47
;---- Variable 'temp' assigned to Register 'R5' ----
0000 E4                CLR     A
0001 FD                MOV     R5,A
                                           ; SOURCE LINE # 50
0002 C293              CLR     RST
                                           ; SOURCE LINE # 51
0004 00                NOP     
                                           ; SOURCE LINE # 52
0005 C297              CLR     SCK
                                           ; SOURCE LINE # 53
0007 00                NOP     
                                           ; SOURCE LINE # 54
0008 D293              SETB    RST
                                           ; SOURCE LINE # 55
000A 00                NOP     
                                           ; SOURCE LINE # 56
000B 120000      R     LCALL   _Write_Ds1302_Byte
                                           ; SOURCE LINE # 57
;---- Variable 'i' assigned to Register 'R7' ----
000E E4                CLR     A
000F FF                MOV     R7,A
0010         ?C0006:
                                           ; SOURCE LINE # 58
                                           ; SOURCE LINE # 59
0010 C297              CLR     SCK
                                           ; SOURCE LINE # 60
0012 ED                MOV     A,R5
0013 C3                CLR     C
0014 13                RRC     A
0015 FD                MOV     R5,A
                                           ; SOURCE LINE # 61
0016 30A303            JNB     SDA,?C0009
                                           ; SOURCE LINE # 62
0019 430580            ORL     AR5,#080H
001C         ?C0009:
                                           ; SOURCE LINE # 63
001C D297              SETB    SCK
                                           ; SOURCE LINE # 64
001E 0F                INC     R7
001F BF08EE            CJNE    R7,#08H,?C0006
C51 COMPILER V9.54   DS1302                                                                03/22/2022 10:05:17 PAGE 5   

0022         ?C0007:
                                           ; SOURCE LINE # 65
0022 C293              CLR     RST
                                           ; SOURCE LINE # 66
0024 00                NOP     
                                           ; SOURCE LINE # 67
0025 C293              CLR     RST
                                           ; SOURCE LINE # 68
0027 C297              CLR     SCK
                                           ; SOURCE LINE # 69
0029 00                NOP     
                                           ; SOURCE LINE # 70
002A D297              SETB    SCK
                                           ; SOURCE LINE # 71
002C 00                NOP     
                                           ; SOURCE LINE # 72
002D C2A3              CLR     SDA
                                           ; SOURCE LINE # 73
002F 00                NOP     
                                           ; SOURCE LINE # 74
0030 D2A3              SETB    SDA
                                           ; SOURCE LINE # 75
0032 00                NOP     
                                           ; SOURCE LINE # 76
0033 ED                MOV     A,R5
0034 C4                SWAP    A
0035 540F              ANL     A,#0FH
0037 FF                MOV     R7,A
;---- Variable 'dat1' assigned to Register 'R7' ----
                                           ; SOURCE LINE # 77
0038 ED                MOV     A,R5
0039 540F              ANL     A,#0FH
003B FE                MOV     R6,A
;---- Variable 'dat2' assigned to Register 'R6' ----
                                           ; SOURCE LINE # 78
003C EF                MOV     A,R7
003D 75F00A            MOV     B,#0AH
0040 A4                MUL     AB
0041 2E                ADD     A,R6
                                           ; SOURCE LINE # 79
0042 FF                MOV     R7,A
                                           ; SOURCE LINE # 80
0043         ?C0010:
0043 22                RET     
             ; FUNCTION _Read_Ds1302 (END)

             ; FUNCTION DS1302_Init (BEGIN)
                                           ; SOURCE LINE # 81
                                           ; SOURCE LINE # 82
                                           ; SOURCE LINE # 84
;---- Variable 'add' assigned to Register 'R4' ----
0000 7C80              MOV     R4,#080H
                                           ; SOURCE LINE # 86
0002 E4                CLR     A
0003 FD                MOV     R5,A
0004 7F8E              MOV     R7,#08EH
0006 120000      R     LCALL   _Write_Ds1302
                                           ; SOURCE LINE # 87
;---- Variable 'i' assigned to Register 'R3' ----
0009 E4                CLR     A
000A FB                MOV     R3,A
000B         ?C0011:
C51 COMPILER V9.54   DS1302                                                                03/22/2022 10:05:17 PAGE 6   

                                           ; SOURCE LINE # 88
                                           ; SOURCE LINE # 89
000B AF04              MOV     R7,AR4
000D 7400        R     MOV     A,#LOW shijian
000F 2B                ADD     A,R3
0010 F8                MOV     R0,A
0011 E6                MOV     A,@R0
0012 FD                MOV     R5,A
0013 120000      R     LCALL   _Write_Ds1302
                                           ; SOURCE LINE # 90
0016 0C                INC     R4
0017 0C                INC     R4
                                           ; SOURCE LINE # 91
0018 0B                INC     R3
0019 BB08EF            CJNE    R3,#08H,?C0011
001C         ?C0012:
                                           ; SOURCE LINE # 92
001C 7D80              MOV     R5,#080H
001E 7F8E              MOV     R7,#08EH
0020 020000      R     LJMP    _Write_Ds1302
             ; FUNCTION DS1302_Init (END)

             ; FUNCTION DS1302_Get (BEGIN)
                                           ; SOURCE LINE # 93
                                           ; SOURCE LINE # 94
                                           ; SOURCE LINE # 96
;---- Variable 'add' assigned to Register 'R4' ----
0000 7C81              MOV     R4,#081H
                                           ; SOURCE LINE # 98
0002 E4                CLR     A
0003 FD                MOV     R5,A
0004 7F8E              MOV     R7,#08EH
0006 120000      R     LCALL   _Write_Ds1302
                                           ; SOURCE LINE # 99
;---- Variable 'i' assigned to Register 'R3' ----
0009 E4                CLR     A
000A FB                MOV     R3,A
000B         ?C0015:
                                           ; SOURCE LINE # 100
                                           ; SOURCE LINE # 101
000B AF04              MOV     R7,AR4
000D 120000      R     LCALL   _Read_Ds1302
0010 7400        R     MOV     A,#LOW shijian
0012 2B                ADD     A,R3
0013 F8                MOV     R0,A
0014 A607              MOV     @R0,AR7
                                           ; SOURCE LINE # 102
0016 0C                INC     R4
0017 0C                INC     R4
                                           ; SOURCE LINE # 103
0018 0B                INC     R3
0019 BB08EF            CJNE    R3,#08H,?C0015
001C         ?C0016:
                                           ; SOURCE LINE # 104
001C 7D80              MOV     R5,#080H
001E 7F8E              MOV     R7,#08EH
0020 020000      R     LJMP    _Write_Ds1302
             ; FUNCTION DS1302_Get (END)

C51 COMPILER V9.54   DS1302                                                                03/22/2022 10:05:17 PAGE 7   

NAME                                    CLASS   MSPACE  TYPE    OFFSET  SIZE
====                                    =====   ======  ====    ======  ====


CCF2 . . . . . . . . . . . . . . . . .  ABSBIT   -----  BIT      00DAH  1
P1M0 . . . . . . . . . . . . . . . . .  SFR      DATA   U_CHAR   0092H  1
P0M1 . . . . . . . . . . . . . . . . .  SFR      DATA   U_CHAR   0093H  1
P2M0 . . . . . . . . . . . . . . . . .  SFR      DATA   U_CHAR   0096H  1
P1M1 . . . . . . . . . . . . . . . . .  SFR      DATA   U_CHAR   0091H  1
P0 . . . . . . . . . . . . . . . . . .  SFR      DATA   U_CHAR   0080H  1
P3M0 . . . . . . . . . . . . . . . . .  SFR      DATA   U_CHAR   00B2H  1
P2M1 . . . . . . . . . . . . . . . . .  SFR      DATA   U_CHAR   0095H  1
P1 . . . . . . . . . . . . . . . . . .  SFR      DATA   U_CHAR   0090H  1
P4M0 . . . . . . . . . . . . . . . . .  SFR      DATA   U_CHAR   00B4H  1
P3M1 . . . . . . . . . . . . . . . . .  SFR      DATA   U_CHAR   00B1H  1
P2 . . . . . . . . . . . . . . . . . .  SFR      DATA   U_CHAR   00A0H  1
WKTCH. . . . . . . . . . . . . . . . .  SFR      DATA   U_CHAR   00ABH  1
P5M0 . . . . . . . . . . . . . . . . .  SFR      DATA   U_CHAR   00CAH  1
P4M1 . . . . . . . . . . . . . . . . .  SFR      DATA   U_CHAR   00B3H  1
P3 . . . . . . . . . . . . . . . . . .  SFR      DATA   U_CHAR   00B0H  1
P6M0 . . . . . . . . . . . . . . . . .  SFR      DATA   U_CHAR   00CCH  1
P5M1 . . . . . . . . . . . . . . . . .  SFR      DATA   U_CHAR   00C9H  1
P4 . . . . . . . . . . . . . . . . . .  SFR      DATA   U_CHAR   00C0H  1
AC . . . . . . . . . . . . . . . . . .  ABSBIT   -----  BIT      00D6H  1
PWMIF. . . . . . . . . . . . . . . . .  SFR      DATA   U_CHAR   00F6H  1
P7M0 . . . . . . . . . . . . . . . . .  SFR      DATA   U_CHAR   00E2H  1
P6M1 . . . . . . . . . . . . . . . . .  SFR      DATA   U_CHAR   00CBH  1
P5 . . . . . . . . . . . . . . . . . .  SFR      DATA   U_CHAR   00C8H  1
EA . . . . . . . . . . . . . . . . . .  ABSBIT   -----  BIT      00AFH  1
P7M1 . . . . . . . . . . . . . . . . .  SFR      DATA   U_CHAR   00E1H  1
P6 . . . . . . . . . . . . . . . . . .  SFR      DATA   U_CHAR   00E8H  1
WKTCL. . . . . . . . . . . . . . . . .  SFR      DATA   U_CHAR   00AAH  1
P7 . . . . . . . . . . . . . . . . . .  SFR      DATA   U_CHAR   00F8H  1
SPCTL. . . . . . . . . . . . . . . . .  SFR      DATA   U_CHAR   00CEH  1
CF . . . . . . . . . . . . . . . . . .  ABSBIT   -----  BIT      00DFH  1
PWMCR. . . . . . . . . . . . . . . . .  SFR      DATA   U_CHAR   00F5H  1
CH . . . . . . . . . . . . . . . . . .  SFR      DATA   U_CHAR   00F9H  1
P_SW1. . . . . . . . . . . . . . . . .  SFR      DATA   U_CHAR   00A2H  1
P_SW2. . . . . . . . . . . . . . . . .  SFR      DATA   U_CHAR   00BAH  1
EADC . . . . . . . . . . . . . . . . .  ABSBIT   -----  BIT      00ADH  1
IE . . . . . . . . . . . . . . . . . .  SFR      DATA   U_CHAR   00A8H  1
CL . . . . . . . . . . . . . . . . . .  SFR      DATA   U_CHAR   00E9H  1
IAP_CMD. . . . . . . . . . . . . . . .  SFR      DATA   U_CHAR   00C5H  1
CCAP0H . . . . . . . . . . . . . . . .  SFR      DATA   U_CHAR   00FAH  1
CCAP1H . . . . . . . . . . . . . . . .  SFR      DATA   U_CHAR   00FBH  1
CCAP2H . . . . . . . . . . . . . . . .  SFR      DATA   U_CHAR   00FCH  1
ADC_RES. . . . . . . . . . . . . . . .  SFR      DATA   U_CHAR   00BDH  1
CCAP0L . . . . . . . . . . . . . . . .  SFR      DATA   U_CHAR   00EAH  1
CR . . . . . . . . . . . . . . . . . .  ABSBIT   -----  BIT      00DEH  1
PWMFDCR. . . . . . . . . . . . . . . .  SFR      DATA   U_CHAR   00F7H  1
CCAP1L . . . . . . . . . . . . . . . .  SFR      DATA   U_CHAR   00EBH  1
CCAPM0 . . . . . . . . . . . . . . . .  SFR      DATA   U_CHAR   00DAH  1
CCAP2L . . . . . . . . . . . . . . . .  SFR      DATA   U_CHAR   00ECH  1
CCAPM1 . . . . . . . . . . . . . . . .  SFR      DATA   U_CHAR   00DBH  1
CCAPM2 . . . . . . . . . . . . . . . .  SFR      DATA   U_CHAR   00DCH  1
ES . . . . . . . . . . . . . . . . . .  ABSBIT   -----  BIT      00ACH  1
PADC . . . . . . . . . . . . . . . . .  ABSBIT   -----  BIT      00BDH  1
IP . . . . . . . . . . . . . . . . . .  SFR      DATA   U_CHAR   00B8H  1
RI . . . . . . . . . . . . . . . . . .  ABSBIT   -----  BIT      0098H  1
CY . . . . . . . . . . . . . . . . . .  ABSBIT   -----  BIT      00D7H  1
TI . . . . . . . . . . . . . . . . . .  ABSBIT   -----  BIT      0099H  1
C51 COMPILER V9.54   DS1302                                                                03/22/2022 10:05:17 PAGE 8   

NAME                                    CLASS   MSPACE  TYPE    OFFSET  SIZE
====                                    =====   ======  ====    ======  ====


CLK_DIV. . . . . . . . . . . . . . . .  SFR      DATA   U_CHAR   0097H  1
IAP_ADDRH. . . . . . . . . . . . . . .  SFR      DATA   U_CHAR   00C3H  1
PS . . . . . . . . . . . . . . . . . .  ABSBIT   -----  BIT      00BCH  1
SP . . . . . . . . . . . . . . . . . .  SFR      DATA   U_CHAR   0081H  1
CMOD . . . . . . . . . . . . . . . . .  SFR      DATA   U_CHAR   00D9H  1
CCON . . . . . . . . . . . . . . . . .  SFR      DATA   U_CHAR   00D8H  1
IAP_ADDRL. . . . . . . . . . . . . . .  SFR      DATA   U_CHAR   00C4H  1
PPCA . . . . . . . . . . . . . . . . .  ABSBIT   -----  BIT      00BFH  1
OV . . . . . . . . . . . . . . . . . .  ABSBIT   -----  BIT      00D2H  1
CMPCR1 . . . . . . . . . . . . . . . .  SFR      DATA   U_CHAR   00E6H  1
CMPCR2 . . . . . . . . . . . . . . . .  SFR      DATA   U_CHAR   00E7H  1
ELVD . . . . . . . . . . . . . . . . .  ABSBIT   -----  BIT      00AEH  1
P00. . . . . . . . . . . . . . . . . .  ABSBIT   -----  BIT      0080H  1
ADC_CONTR. . . . . . . . . . . . . . .  SFR      DATA   U_CHAR   00BCH  1
SBUF . . . . . . . . . . . . . . . . .  SFR      DATA   U_CHAR   0099H  1
PCON . . . . . . . . . . . . . . . . .  SFR      DATA   U_CHAR   0087H  1
P10. . . . . . . . . . . . . . . . . .  ABSBIT   -----  BIT      0090H  1
P01. . . . . . . . . . . . . . . . . .  ABSBIT   -----  BIT      0081H  1
P20. . . . . . . . . . . . . . . . . .  ABSBIT   -----  BIT      00A0H  1
P11. . . . . . . . . . . . . . . . . .  ABSBIT   -----  BIT      0091H  1
P02. . . . . . . . . . . . . . . . . .  ABSBIT   -----  BIT      0082H  1
P30. . . . . . . . . . . . . . . . . .  ABSBIT   -----  BIT      00B0H  1
P21. . . . . . . . . . . . . . . . . .  ABSBIT   -----  BIT      00A1H  1
P12. . . . . . . . . . . . . . . . . .  ABSBIT   -----  BIT      0092H  1
P03. . . . . . . . . . . . . . . . . .  ABSBIT   -----  BIT      0083H  1
SCON . . . . . . . . . . . . . . . . .  SFR      DATA   U_CHAR   0098H  1
P40. . . . . . . . . . . . . . . . . .  ABSBIT   -----  BIT      00C0H  1
P31. . . . . . . . . . . . . . . . . .  ABSBIT   -----  BIT      00B1H  1
P22. . . . . . . . . . . . . . . . . .  ABSBIT   -----  BIT      00A2H  1
P13. . . . . . . . . . . . . . . . . .  ABSBIT   -----  BIT      0093H  1
P04. . . . . . . . . . . . . . . . . .  ABSBIT   -----  BIT      0084H  1
TMOD . . . . . . . . . . . . . . . . .  SFR      DATA   U_CHAR   0089H  1
TCON . . . . . . . . . . . . . . . . .  SFR      DATA   U_CHAR   0088H  1
P50. . . . . . . . . . . . . . . . . .  ABSBIT   -----  BIT      00C8H  1
P41. . . . . . . . . . . . . . . . . .  ABSBIT   -----  BIT      00C1H  1
P32. . . . . . . . . . . . . . . . . .  ABSBIT   -----  BIT      00B2H  1
P23. . . . . . . . . . . . . . . . . .  ABSBIT   -----  BIT      00A3H  1
P14. . . . . . . . . . . . . . . . . .  ABSBIT   -----  BIT      0094H  1
P05. . . . . . . . . . . . . . . . . .  ABSBIT   -----  BIT      0085H  1
P60. . . . . . . . . . . . . . . . . .  ABSBIT   -----  BIT      00E8H  1
P51. . . . . . . . . . . . . . . . . .  ABSBIT   -----  BIT      00C9H  1
P42. . . . . . . . . . . . . . . . . .  ABSBIT   -----  BIT      00C2H  1
P33. . . . . . . . . . . . . . . . . .  ABSBIT   -----  BIT      00B3H  1
P24. . . . . . . . . . . . . . . . . .  ABSBIT   -----  BIT      00A4H  1
P15. . . . . . . . . . . . . . . . . .  ABSBIT   -----  BIT      0095H  1
P06. . . . . . . . . . . . . . . . . .  ABSBIT   -----  BIT      0086H  1
PLVD . . . . . . . . . . . . . . . . .  ABSBIT   -----  BIT      00BEH  1
P70. . . . . . . . . . . . . . . . . .  ABSBIT   -----  BIT      00F8H  1
P61. . . . . . . . . . . . . . . . . .  ABSBIT   -----  BIT      00E9H  1
P52. . . . . . . . . . . . . . . . . .  ABSBIT   -----  BIT      00CAH  1
P43. . . . . . . . . . . . . . . . . .  ABSBIT   -----  BIT      00C3H  1
P34. . . . . . . . . . . . . . . . . .  ABSBIT   -----  BIT      00B4H  1
P25. . . . . . . . . . . . . . . . . .  ABSBIT   -----  BIT      00A5H  1
P16. . . . . . . . . . . . . . . . . .  ABSBIT   -----  BIT      0096H  1
P07. . . . . . . . . . . . . . . . . .  ABSBIT   -----  BIT      0087H  1
P71. . . . . . . . . . . . . . . . . .  ABSBIT   -----  BIT      00F9H  1
P62. . . . . . . . . . . . . . . . . .  ABSBIT   -----  BIT      00EAH  1
C51 COMPILER V9.54   DS1302                                                                03/22/2022 10:05:17 PAGE 9   

NAME                                    CLASS   MSPACE  TYPE    OFFSET  SIZE
====                                    =====   ======  ====    ======  ====


P53. . . . . . . . . . . . . . . . . .  ABSBIT   -----  BIT      00CBH  1
P44. . . . . . . . . . . . . . . . . .  ABSBIT   -----  BIT      00C4H  1
P35. . . . . . . . . . . . . . . . . .  ABSBIT   -----  BIT      00B5H  1
P26. . . . . . . . . . . . . . . . . .  ABSBIT   -----  BIT      00A6H  1
P17. . . . . . . . . . . . . . . . . .  ABSBIT   -----  BIT      0097H  1
P72. . . . . . . . . . . . . . . . . .  ABSBIT   -----  BIT      00FAH  1
P63. . . . . . . . . . . . . . . . . .  ABSBIT   -----  BIT      00EBH  1
P54. . . . . . . . . . . . . . . . . .  ABSBIT   -----  BIT      00CCH  1
P45. . . . . . . . . . . . . . . . . .  ABSBIT   -----  BIT      00C5H  1
P36. . . . . . . . . . . . . . . . . .  ABSBIT   -----  BIT      00B6H  1
P27. . . . . . . . . . . . . . . . . .  ABSBIT   -----  BIT      00A7H  1
P73. . . . . . . . . . . . . . . . . .  ABSBIT   -----  BIT      00FBH  1
P64. . . . . . . . . . . . . . . . . .  ABSBIT   -----  BIT      00ECH  1
P55. . . . . . . . . . . . . . . . . .  ABSBIT   -----  BIT      00CDH  1
P46. . . . . . . . . . . . . . . . . .  ABSBIT   -----  BIT      00C6H  1
P37. . . . . . . . . . . . . . . . . .  ABSBIT   -----  BIT      00B7H  1
P74. . . . . . . . . . . . . . . . . .  ABSBIT   -----  BIT      00FCH  1
P65. . . . . . . . . . . . . . . . . .  ABSBIT   -----  BIT      00EDH  1
P56. . . . . . . . . . . . . . . . . .  ABSBIT   -----  BIT      00CEH  1
P47. . . . . . . . . . . . . . . . . .  ABSBIT   -----  BIT      00C7H  1
P75. . . . . . . . . . . . . . . . . .  ABSBIT   -----  BIT      00FDH  1
P66. . . . . . . . . . . . . . . . . .  ABSBIT   -----  BIT      00EEH  1
P57. . . . . . . . . . . . . . . . . .  ABSBIT   -----  BIT      00CFH  1
P76. . . . . . . . . . . . . . . . . .  ABSBIT   -----  BIT      00FEH  1
P67. . . . . . . . . . . . . . . . . .  ABSBIT   -----  BIT      00EFH  1
IE0. . . . . . . . . . . . . . . . . .  ABSBIT   -----  BIT      0089H  1
BUS_SPEED. . . . . . . . . . . . . . .  SFR      DATA   U_CHAR   00A1H  1
P77. . . . . . . . . . . . . . . . . .  ABSBIT   -----  BIT      00FFH  1
IE1. . . . . . . . . . . . . . . . . .  ABSBIT   -----  BIT      008BH  1
IE2. . . . . . . . . . . . . . . . . .  SFR      DATA   U_CHAR   00AFH  1
AUXR . . . . . . . . . . . . . . . . .  SFR      DATA   U_CHAR   008EH  1
B. . . . . . . . . . . . . . . . . . .  SFR      DATA   U_CHAR   00F0H  1
IAP_CONTR. . . . . . . . . . . . . . .  SFR      DATA   U_CHAR   00C7H  1
PWMCFG . . . . . . . . . . . . . . . .  SFR      DATA   U_CHAR   00F1H  1
ACC. . . . . . . . . . . . . . . . . .  SFR      DATA   U_CHAR   00E0H  1
ET0. . . . . . . . . . . . . . . . . .  ABSBIT   -----  BIT      00A9H  1
TF0. . . . . . . . . . . . . . . . . .  ABSBIT   -----  BIT      008DH  1
ET1. . . . . . . . . . . . . . . . . .  ABSBIT   -----  BIT      00ABH  1
TF1. . . . . . . . . . . . . . . . . .  ABSBIT   -----  BIT      008FH  1
IP2. . . . . . . . . . . . . . . . . .  SFR      DATA   U_CHAR   00B5H  1
RB8. . . . . . . . . . . . . . . . . .  ABSBIT   -----  BIT      009AH  1
TH0. . . . . . . . . . . . . . . . . .  SFR      DATA   U_CHAR   008CH  1
TH1. . . . . . . . . . . . . . . . . .  SFR      DATA   U_CHAR   008DH  1
IT0. . . . . . . . . . . . . . . . . .  ABSBIT   -----  BIT      0088H  1
EX0. . . . . . . . . . . . . . . . . .  ABSBIT   -----  BIT      00A8H  1
TB8. . . . . . . . . . . . . . . . . .  ABSBIT   -----  BIT      009BH  1
T2H. . . . . . . . . . . . . . . . . .  SFR      DATA   U_CHAR   00D6H  1
IT1. . . . . . . . . . . . . . . . . .  ABSBIT   -----  BIT      008AH  1
EX1. . . . . . . . . . . . . . . . . .  ABSBIT   -----  BIT      00AAH  1
T3H. . . . . . . . . . . . . . . . . .  SFR      DATA   U_CHAR   00D4H  1
P. . . . . . . . . . . . . . . . . . .  ABSBIT   -----  BIT      00D0H  1
SM0. . . . . . . . . . . . . . . . . .  ABSBIT   -----  BIT      009FH  1
T4H. . . . . . . . . . . . . . . . . .  SFR      DATA   U_CHAR   00D2H  1
TL0. . . . . . . . . . . . . . . . . .  SFR      DATA   U_CHAR   008AH  1
SM1. . . . . . . . . . . . . . . . . .  ABSBIT   -----  BIT      009EH  1
TL1. . . . . . . . . . . . . . . . . .  SFR      DATA   U_CHAR   008BH  1
SM2. . . . . . . . . . . . . . . . . .  ABSBIT   -----  BIT      009DH  1
C51 COMPILER V9.54   DS1302                                                                03/22/2022 10:05:17 PAGE 10  

NAME                                    CLASS   MSPACE  TYPE    OFFSET  SIZE
====                                    =====   ======  ====    ======  ====


T2L. . . . . . . . . . . . . . . . . .  SFR      DATA   U_CHAR   00D7H  1
T3L. . . . . . . . . . . . . . . . . .  SFR      DATA   U_CHAR   00D5H  1
T4L. . . . . . . . . . . . . . . . . .  SFR      DATA   U_CHAR   00D3H  1
PT0. . . . . . . . . . . . . . . . . .  ABSBIT   -----  BIT      00B9H  1
DS1302_Init. . . . . . . . . . . . . .  PUBLIC   CODE   PROC     0000H  -----
  i. . . . . . . . . . . . . . . . . .  * REG *  DATA   U_CHAR   0003H  1
  add. . . . . . . . . . . . . . . . .  * REG *  DATA   U_CHAR   0004H  1
PT1. . . . . . . . . . . . . . . . . .  ABSBIT   -----  BIT      00BBH  1
RS0. . . . . . . . . . . . . . . . . .  ABSBIT   -----  BIT      00D3H  1
IAP_DATA . . . . . . . . . . . . . . .  SFR      DATA   U_CHAR   00C2H  1
TR0. . . . . . . . . . . . . . . . . .  ABSBIT   -----  BIT      008CH  1
RS1. . . . . . . . . . . . . . . . . .  ABSBIT   -----  BIT      00D4H  1
TR1. . . . . . . . . . . . . . . . . .  ABSBIT   -----  BIT      008EH  1
SDA. . . . . . . . . . . . . . . . . .  ABSBIT   -----  BIT      00A3H  1
WDT_CONTR. . . . . . . . . . . . . . .  SFR      DATA   U_CHAR   00C1H  1
PX0. . . . . . . . . . . . . . . . . .  ABSBIT   -----  BIT      00B8H  1
PX1. . . . . . . . . . . . . . . . . .  ABSBIT   -----  BIT      00BAH  1
PCA_PWM0 . . . . . . . . . . . . . . .  SFR      DATA   U_CHAR   00F2H  1
PCA_PWM1 . . . . . . . . . . . . . . .  SFR      DATA   U_CHAR   00F3H  1
PCA_PWM2 . . . . . . . . . . . . . . .  SFR      DATA   U_CHAR   00F4H  1
P1ASF. . . . . . . . . . . . . . . . .  SFR      DATA   U_CHAR   009DH  1
DPH. . . . . . . . . . . . . . . . . .  SFR      DATA   U_CHAR   0083H  1
_Read_Ds1302 . . . . . . . . . . . . .  PUBLIC   CODE   PROC     0000H  -----
  address. . . . . . . . . . . . . . .  * REG *  DATA   U_CHAR   0007H  1
  i. . . . . . . . . . . . . . . . . .  * REG *  DATA   U_CHAR   0007H  1
  temp . . . . . . . . . . . . . . . .  * REG *  DATA   U_CHAR   0005H  1
  dat1 . . . . . . . . . . . . . . . .  * REG *  DATA   U_CHAR   0007H  1
  dat2 . . . . . . . . . . . . . . . .  * REG *  DATA   U_CHAR   0006H  1
T3T4M. . . . . . . . . . . . . . . . .  SFR      DATA   U_CHAR   00D1H  1
T4T3M. . . . . . . . . . . . . . . . .  SFR      DATA   U_CHAR   00D1H  1
DS1302_Get . . . . . . . . . . . . . .  PUBLIC   CODE   PROC     0000H  -----
  i. . . . . . . . . . . . . . . . . .  * REG *  DATA   U_CHAR   0003H  1
  add. . . . . . . . . . . . . . . . .  * REG *  DATA   U_CHAR   0004H  1
ADC_RESL . . . . . . . . . . . . . . .  SFR      DATA   U_CHAR   00BEH  1
DPL. . . . . . . . . . . . . . . . . .  SFR      DATA   U_CHAR   0082H  1
SCK. . . . . . . . . . . . . . . . . .  ABSBIT   -----  BIT      0097H  1
SPSTAT . . . . . . . . . . . . . . . .  SFR      DATA   U_CHAR   00CDH  1
S2BUF. . . . . . . . . . . . . . . . .  SFR      DATA   U_CHAR   009BH  1
_Write_Ds1302_Byte . . . . . . . . . .  PUBLIC   CODE   PROC     0000H  -----
  temp . . . . . . . . . . . . . . . .  * REG *  DATA   U_CHAR   0007H  1
  i. . . . . . . . . . . . . . . . . .  * REG *  DATA   U_CHAR   0006H  1
S3BUF. . . . . . . . . . . . . . . . .  SFR      DATA   U_CHAR   00ADH  1
S4BUF. . . . . . . . . . . . . . . . .  SFR      DATA   U_CHAR   0085H  1
REN. . . . . . . . . . . . . . . . . .  ABSBIT   -----  BIT      009CH  1
S2CON. . . . . . . . . . . . . . . . .  SFR      DATA   U_CHAR   009AH  1
S3CON. . . . . . . . . . . . . . . . .  SFR      DATA   U_CHAR   00ACH  1
S4CON. . . . . . . . . . . . . . . . .  SFR      DATA   U_CHAR   0084H  1
shijian. . . . . . . . . . . . . . . .  PUBLIC   DATA   ARRAY    0000H  7
SADEN. . . . . . . . . . . . . . . . .  SFR      DATA   U_CHAR   00B9H  1
_Write_Ds1302. . . . . . . . . . . . .  PUBLIC   CODE   PROC     0000H  -----
  address. . . . . . . . . . . . . . .  * REG *  DATA   U_CHAR   0007H  1
  dat. . . . . . . . . . . . . . . . .  * REG *  DATA   U_CHAR   0005H  1
  dat1 . . . . . . . . . . . . . . . .  * REG *  DATA   U_CHAR   0007H  1
  dat2 . . . . . . . . . . . . . . . .  * REG *  DATA   U_CHAR   0006H  1
SADDR. . . . . . . . . . . . . . . . .  SFR      DATA   U_CHAR   00A9H  1
IAP_TRIG . . . . . . . . . . . . . . .  SFR      DATA   U_CHAR   00C6H  1
AUXR1. . . . . . . . . . . . . . . . .  SFR      DATA   U_CHAR   00A2H  1
C51 COMPILER V9.54   DS1302                                                                03/22/2022 10:05:17 PAGE 11  

NAME                                    CLASS   MSPACE  TYPE    OFFSET  SIZE
====                                    =====   ======  ====    ======  ====


F0 . . . . . . . . . . . . . . . . . .  ABSBIT   -----  BIT      00D5H  1
INT_CLKO . . . . . . . . . . . . . . .  SFR      DATA   U_CHAR   008FH  1
RST. . . . . . . . . . . . . . . . . .  ABSBIT   -----  BIT      0093H  1
PSW. . . . . . . . . . . . . . . . . .  SFR      DATA   U_CHAR   00D0H  1
CCF0 . . . . . . . . . . . . . . . . .  ABSBIT   -----  BIT      00D8H  1
CCF1 . . . . . . . . . . . . . . . . .  ABSBIT   -----  BIT      00D9H  1
SPDAT. . . . . . . . . . . . . . . . .  SFR      DATA   U_CHAR   00CFH  1
P0M0 . . . . . . . . . . . . . . . . .  SFR      DATA   U_CHAR   0094H  1


MODULE INFORMATION:   STATIC OVERLAYABLE
   CODE SIZE        =    194    ----
   CONSTANT SIZE    =   ----    ----
   XDATA SIZE       =   ----    ----
   PDATA SIZE       =   ----    ----
   DATA SIZE        =      7    ----
   IDATA SIZE       =   ----    ----
   BIT SIZE         =   ----    ----
   EDATA SIZE       =   ----    ----
   HDATA SIZE       =   ----    ----
   XDATA CONST SIZE =   ----    ----
   FAR CONST SIZE   =   ----    ----
END OF MODULE INFORMATION.


C51 COMPILATION COMPLETE.  0 WARNING(S),  0 ERROR(S)
