C51 COMPILER V9.54   ONEWIRE                                                               03/22/2022 10:05:17 PAGE 1   


C51 COMPILER V9.54, COMPILATION OF MODULE ONEWIRE
OBJECT MODULE PLACED IN .\build\Target 1\onewire.o
COMPILER INVOKED BY: D:\Keil51\C51\BIN\C51.exe .\ONEWIRE.C PRINT(.\build\Target 1\onewire.lst) OMF2 TABS(4) CODE NOCOND 
                    -SYMBOLS OPTIMIZE(8,SPEED) SMALL ROM(LARGE) INCDIR(D:\Keil51\C51\INC\STC;D:\Keil51\C51\INC) DEFINE(__UVISION_VERSION=526)
                    - OBJECT(.\build\Target 1\onewire.o)

line level    source

   1          /*
   2            ???????: ??????????????
   3            ????????: Keil uVision 4.10 
   4            ???????: CT107???????????? 8051 12MHz
   5            ??    ??: 2011-8-9
   6          */
   7          #include <STC15F2K60S2.H>
   8          #include <INTRINS.H>
   9          
  10          sbit DQ = P1^4;  //????????
  11          
  12          //?????????????
  13          void Delay_OneWire(unsigned int t)  
  14          {
  15   1          unsigned char i;
  16   1          while(t--){
  17   2              for(i=0; i<8; i++);
  18   2          }
  19   1      }
  20          
  21          
  22          //???????????DS18B20?h?????
  23          void Write_DS18B20(unsigned char dat)
  24          {
  25   1          unsigned char i;
  26   1          for(i=0;i<8;i++)
  27   1          {
  28   2              DQ = 0;
  29   2              DQ = dat&0x01;
  30   2              Delay_OneWire(5);
  31   2              DQ = 1;
  32   2              dat >>= 1;
  33   2          }
  34   1          Delay_OneWire(5);
  35   1      }
  36          
  37          //??DS18B20???h?????
  38          unsigned char Read_DS18B20(void)
  39          {
  40   1          unsigned char i;
  41   1          unsigned char dat;
  42   1        
  43   1          for(i=0;i<8;i++)
  44   1          {
  45   2              DQ = 0;
  46   2              dat >>= 1;
  47   2              DQ = 1;
  48   2              if(DQ)
  49   2              {
  50   3                  dat |= 0x80;
  51   3              }       
  52   2              Delay_OneWire(5);
  53   2          }
C51 COMPILER V9.54   ONEWIRE                                                               03/22/2022 10:05:17 PAGE 2   

  54   1          return dat;
  55   1      }
  56          
  57          //DS18B20????'??
  58          bit init_ds18b20(void)
  59          {
  60   1          bit initflag = 0;
  61   1          
  62   1          DQ = 1;
  63   1          Delay_OneWire(12);
  64   1          DQ = 0;
  65   1          Delay_OneWire(80);
  66   1          DQ = 1;
  67   1          Delay_OneWire(10); 
  68   1              initflag = DQ;     
  69   1          Delay_OneWire(5);
  70   1        
  71   1          return initflag;
  72   1      }
  73          unsigned char Temper_Get()
  74          {
  75   1          unsigned char low,high,temp;
  76   1          
  77   1          init_ds18b20();
  78   1          Write_DS18B20(0xcc);
  79   1          Write_DS18B20(0x44);
  80   1          Delay_OneWire(20);
  81   1          
  82   1          init_ds18b20();
  83   1          Write_DS18B20(0xcc);
  84   1          Write_DS18B20(0xbe);
  85   1          
  86   1          low=Read_DS18B20();
  87   1          high=Read_DS18B20();
  88   1          
  89   1          temp=(low>>4)|(high<<4);
  90   1      
  91   1          return temp;
  92   1      }
C51 COMPILER V9.54   ONEWIRE                                                               03/22/2022 10:05:17 PAGE 3   

ASSEMBLY LISTING OF GENERATED OBJECT CODE


             ; FUNCTION L?0019 (BEGIN)
0000         L?0020:
0000 7F05              MOV     R7,#05H
0002 7E00              MOV     R6,#00H
             ; FUNCTION _Delay_OneWire (BEGIN)
                                           ; SOURCE LINE # 13
;---- Variable 'i' assigned to Register 'R5' ----
;---- Variable 't' assigned to Register 'R6/R7' ----
                                           ; SOURCE LINE # 14
0004         ?C0001:
                                           ; SOURCE LINE # 16
0004 EF                MOV     A,R7
0005 1F                DEC     R7
0006 AA06              MOV     R2,AR6
0008 7001              JNZ     ?C0018
000A 1E                DEC     R6
000B         ?C0018:
000B 4A                ORL     A,R2
000C 600B              JZ      ?C0006
                                           ; SOURCE LINE # 17
000E E4                CLR     A
000F FD                MOV     R5,A
0010         ?C0003:
0010 ED                MOV     A,R5
0011 C3                CLR     C
0012 9408              SUBB    A,#08H
0014 50EE              JNC     ?C0001
0016 0D                INC     R5
0017 80F7              SJMP    ?C0003
                                           ; SOURCE LINE # 18
                                           ; SOURCE LINE # 19
0019         ?C0006:
0019 22                RET     
             ; FUNCTION _Delay_OneWire (END)

             ; FUNCTION _Write_DS18B20 (BEGIN)
                                           ; SOURCE LINE # 23
;---- Variable 'dat' assigned to Register 'R1' ----
0000 A907              MOV     R1,AR7
                                           ; SOURCE LINE # 24
                                           ; SOURCE LINE # 26
;---- Variable 'i' assigned to Register 'R3' ----
0002 E4                CLR     A
0003 FB                MOV     R3,A
0004         ?C0007:
                                           ; SOURCE LINE # 27
                                           ; SOURCE LINE # 28
0004 C294              CLR     DQ
                                           ; SOURCE LINE # 29
0006 E9                MOV     A,R1
0007 13                RRC     A
0008 9294              MOV     DQ,C
                                           ; SOURCE LINE # 30
000A 120000      R     LCALL   L?0019
                                           ; SOURCE LINE # 31
000D D294              SETB    DQ
                                           ; SOURCE LINE # 32
000F E9                MOV     A,R1
0010 C3                CLR     C
C51 COMPILER V9.54   ONEWIRE                                                               03/22/2022 10:05:17 PAGE 4   

0011 13                RRC     A
0012 F9                MOV     R1,A
                                           ; SOURCE LINE # 33
0013 0B                INC     R3
0014 BB08ED            CJNE    R3,#08H,?C0007
0017         ?C0008:
                                           ; SOURCE LINE # 34
0017 7F05              MOV     R7,#05H
0019 7E00              MOV     R6,#00H
001B 020000      R     LJMP    _Delay_OneWire
             ; FUNCTION _Write_DS18B20 (END)

             ; FUNCTION Read_DS18B20 (BEGIN)
                                           ; SOURCE LINE # 38
;---- Variable 'dat' assigned to Register 'R4' ----
                                           ; SOURCE LINE # 39
                                           ; SOURCE LINE # 43
;---- Variable 'i' assigned to Register 'R3' ----
0000 E4                CLR     A
0001 FB                MOV     R3,A
0002         ?C0011:
                                           ; SOURCE LINE # 44
                                           ; SOURCE LINE # 45
0002 C294              CLR     DQ
                                           ; SOURCE LINE # 46
0004 EC                MOV     A,R4
0005 C3                CLR     C
0006 13                RRC     A
0007 FC                MOV     R4,A
                                           ; SOURCE LINE # 47
0008 D294              SETB    DQ
                                           ; SOURCE LINE # 48
000A 309403            JNB     DQ,?C0014
                                           ; SOURCE LINE # 49
                                           ; SOURCE LINE # 50
000D 430480            ORL     AR4,#080H
                                           ; SOURCE LINE # 51
0010         ?C0014:
                                           ; SOURCE LINE # 52
0010 120000      R     LCALL   L?0019
                                           ; SOURCE LINE # 53
0013 0B                INC     R3
0014 BB08EB            CJNE    R3,#08H,?C0011
0017         ?C0012:
                                           ; SOURCE LINE # 54
0017 AF04              MOV     R7,AR4
                                           ; SOURCE LINE # 55
0019         ?C0015:
0019 22                RET     
             ; FUNCTION Read_DS18B20 (END)

             ; FUNCTION init_ds18b20 (BEGIN)
                                           ; SOURCE LINE # 58
                                           ; SOURCE LINE # 59
                                           ; SOURCE LINE # 60
0000 C200        R     CLR     initflag
                                           ; SOURCE LINE # 62
0002 D294              SETB    DQ
                                           ; SOURCE LINE # 63
0004 7F0C              MOV     R7,#0CH
0006 7E00              MOV     R6,#00H
0008 120000      R     LCALL   _Delay_OneWire
C51 COMPILER V9.54   ONEWIRE                                                               03/22/2022 10:05:17 PAGE 5   

                                           ; SOURCE LINE # 64
000B C294              CLR     DQ
                                           ; SOURCE LINE # 65
000D 7F50              MOV     R7,#050H
000F 7E00              MOV     R6,#00H
0011 120000      R     LCALL   _Delay_OneWire
                                           ; SOURCE LINE # 66
0014 D294              SETB    DQ
                                           ; SOURCE LINE # 67
0016 7F0A              MOV     R7,#0AH
0018 7E00              MOV     R6,#00H
001A 120000      R     LCALL   _Delay_OneWire
                                           ; SOURCE LINE # 68
001D A294              MOV     C,DQ
001F 9200        R     MOV     initflag,C
                                           ; SOURCE LINE # 69
0021 120000      R     LCALL   L?0020
                                           ; SOURCE LINE # 71
0024 A200        R     MOV     C,initflag
                                           ; SOURCE LINE # 72
0026         ?C0016:
0026 22                RET     
             ; FUNCTION init_ds18b20 (END)

             ; FUNCTION Temper_Get (BEGIN)
                                           ; SOURCE LINE # 73
                                           ; SOURCE LINE # 74
                                           ; SOURCE LINE # 77
0000 120000      R     LCALL   init_ds18b20
                                           ; SOURCE LINE # 78
0003 7FCC              MOV     R7,#0CCH
0005 120000      R     LCALL   _Write_DS18B20
                                           ; SOURCE LINE # 79
0008 7F44              MOV     R7,#044H
000A 120000      R     LCALL   _Write_DS18B20
                                           ; SOURCE LINE # 80
000D 7F14              MOV     R7,#014H
000F 7E00              MOV     R6,#00H
0011 120000      R     LCALL   _Delay_OneWire
                                           ; SOURCE LINE # 82
0014 120000      R     LCALL   init_ds18b20
                                           ; SOURCE LINE # 83
0017 7FCC              MOV     R7,#0CCH
0019 120000      R     LCALL   _Write_DS18B20
                                           ; SOURCE LINE # 84
001C 7FBE              MOV     R7,#0BEH
001E 120000      R     LCALL   _Write_DS18B20
                                           ; SOURCE LINE # 86
0021 120000      R     LCALL   Read_DS18B20
;---- Variable 'low' assigned to Register 'R1' ----
0024 A907              MOV     R1,AR7
                                           ; SOURCE LINE # 87
0026 120000      R     LCALL   Read_DS18B20
;---- Variable 'high' assigned to Register 'R7' ----
                                           ; SOURCE LINE # 89
0029 EF                MOV     A,R7
002A C4                SWAP    A
002B 54F0              ANL     A,#0F0H
002D FF                MOV     R7,A
002E E9                MOV     A,R1
002F C4                SWAP    A
0030 540F              ANL     A,#0FH
C51 COMPILER V9.54   ONEWIRE                                                               03/22/2022 10:05:17 PAGE 6   

0032 4F                ORL     A,R7
0033 FF                MOV     R7,A
;---- Variable 'temp' assigned to Register 'R7' ----
                                           ; SOURCE LINE # 91
                                           ; SOURCE LINE # 92
0034         ?C0017:
0034 22                RET     
             ; FUNCTION Temper_Get (END)

C51 COMPILER V9.54   ONEWIRE                                                               03/22/2022 10:05:17 PAGE 7   

NAME                                    CLASS   MSPACE  TYPE    OFFSET  SIZE
====                                    =====   ======  ====    ======  ====


CCF2 . . . . . . . . . . . . . . . . .  ABSBIT   -----  BIT      00DAH  1
P1M0 . . . . . . . . . . . . . . . . .  SFR      DATA   U_CHAR   0092H  1
P0M1 . . . . . . . . . . . . . . . . .  SFR      DATA   U_CHAR   0093H  1
P2M0 . . . . . . . . . . . . . . . . .  SFR      DATA   U_CHAR   0096H  1
P1M1 . . . . . . . . . . . . . . . . .  SFR      DATA   U_CHAR   0091H  1
P0 . . . . . . . . . . . . . . . . . .  SFR      DATA   U_CHAR   0080H  1
P3M0 . . . . . . . . . . . . . . . . .  SFR      DATA   U_CHAR   00B2H  1
P2M1 . . . . . . . . . . . . . . . . .  SFR      DATA   U_CHAR   0095H  1
P1 . . . . . . . . . . . . . . . . . .  SFR      DATA   U_CHAR   0090H  1
P4M0 . . . . . . . . . . . . . . . . .  SFR      DATA   U_CHAR   00B4H  1
P3M1 . . . . . . . . . . . . . . . . .  SFR      DATA   U_CHAR   00B1H  1
P2 . . . . . . . . . . . . . . . . . .  SFR      DATA   U_CHAR   00A0H  1
WKTCH. . . . . . . . . . . . . . . . .  SFR      DATA   U_CHAR   00ABH  1
P5M0 . . . . . . . . . . . . . . . . .  SFR      DATA   U_CHAR   00CAH  1
P4M1 . . . . . . . . . . . . . . . . .  SFR      DATA   U_CHAR   00B3H  1
P3 . . . . . . . . . . . . . . . . . .  SFR      DATA   U_CHAR   00B0H  1
P6M0 . . . . . . . . . . . . . . . . .  SFR      DATA   U_CHAR   00CCH  1
P5M1 . . . . . . . . . . . . . . . . .  SFR      DATA   U_CHAR   00C9H  1
P4 . . . . . . . . . . . . . . . . . .  SFR      DATA   U_CHAR   00C0H  1
AC . . . . . . . . . . . . . . . . . .  ABSBIT   -----  BIT      00D6H  1
Read_DS18B20 . . . . . . . . . . . . .  PUBLIC   CODE   PROC     0000H  -----
  i. . . . . . . . . . . . . . . . . .  * REG *  DATA   U_CHAR   0003H  1
  dat. . . . . . . . . . . . . . . . .  * REG *  DATA   U_CHAR   0004H  1
PWMIF. . . . . . . . . . . . . . . . .  SFR      DATA   U_CHAR   00F6H  1
P7M0 . . . . . . . . . . . . . . . . .  SFR      DATA   U_CHAR   00E2H  1
P6M1 . . . . . . . . . . . . . . . . .  SFR      DATA   U_CHAR   00CBH  1
P5 . . . . . . . . . . . . . . . . . .  SFR      DATA   U_CHAR   00C8H  1
EA . . . . . . . . . . . . . . . . . .  ABSBIT   -----  BIT      00AFH  1
P7M1 . . . . . . . . . . . . . . . . .  SFR      DATA   U_CHAR   00E1H  1
P6 . . . . . . . . . . . . . . . . . .  SFR      DATA   U_CHAR   00E8H  1
WKTCL. . . . . . . . . . . . . . . . .  SFR      DATA   U_CHAR   00AAH  1
P7 . . . . . . . . . . . . . . . . . .  SFR      DATA   U_CHAR   00F8H  1
SPCTL. . . . . . . . . . . . . . . . .  SFR      DATA   U_CHAR   00CEH  1
CF . . . . . . . . . . . . . . . . . .  ABSBIT   -----  BIT      00DFH  1
PWMCR. . . . . . . . . . . . . . . . .  SFR      DATA   U_CHAR   00F5H  1
CH . . . . . . . . . . . . . . . . . .  SFR      DATA   U_CHAR   00F9H  1
P_SW1. . . . . . . . . . . . . . . . .  SFR      DATA   U_CHAR   00A2H  1
P_SW2. . . . . . . . . . . . . . . . .  SFR      DATA   U_CHAR   00BAH  1
EADC . . . . . . . . . . . . . . . . .  ABSBIT   -----  BIT      00ADH  1
IE . . . . . . . . . . . . . . . . . .  SFR      DATA   U_CHAR   00A8H  1
CL . . . . . . . . . . . . . . . . . .  SFR      DATA   U_CHAR   00E9H  1
_Delay_OneWire . . . . . . . . . . . .  PUBLIC   CODE   PROC     0004H  -----
  t. . . . . . . . . . . . . . . . . .  * REG *  DATA   U_INT    0006H  2
  i. . . . . . . . . . . . . . . . . .  * REG *  DATA   U_CHAR   0005H  1
IAP_CMD. . . . . . . . . . . . . . . .  SFR      DATA   U_CHAR   00C5H  1
CCAP0H . . . . . . . . . . . . . . . .  SFR      DATA   U_CHAR   00FAH  1
CCAP1H . . . . . . . . . . . . . . . .  SFR      DATA   U_CHAR   00FBH  1
CCAP2H . . . . . . . . . . . . . . . .  SFR      DATA   U_CHAR   00FCH  1
ADC_RES. . . . . . . . . . . . . . . .  SFR      DATA   U_CHAR   00BDH  1
_Write_DS18B20 . . . . . . . . . . . .  PUBLIC   CODE   PROC     0000H  -----
  dat. . . . . . . . . . . . . . . . .  * REG *  DATA   U_CHAR   0001H  1
  i. . . . . . . . . . . . . . . . . .  * REG *  DATA   U_CHAR   0003H  1
DQ . . . . . . . . . . . . . . . . . .  ABSBIT   -----  BIT      0094H  1
CCAP0L . . . . . . . . . . . . . . . .  SFR      DATA   U_CHAR   00EAH  1
CR . . . . . . . . . . . . . . . . . .  ABSBIT   -----  BIT      00DEH  1
PWMFDCR. . . . . . . . . . . . . . . .  SFR      DATA   U_CHAR   00F7H  1
CCAP1L . . . . . . . . . . . . . . . .  SFR      DATA   U_CHAR   00EBH  1
C51 COMPILER V9.54   ONEWIRE                                                               03/22/2022 10:05:17 PAGE 8   

NAME                                    CLASS   MSPACE  TYPE    OFFSET  SIZE
====                                    =====   ======  ====    ======  ====


CCAPM0 . . . . . . . . . . . . . . . .  SFR      DATA   U_CHAR   00DAH  1
CCAP2L . . . . . . . . . . . . . . . .  SFR      DATA   U_CHAR   00ECH  1
CCAPM1 . . . . . . . . . . . . . . . .  SFR      DATA   U_CHAR   00DBH  1
CCAPM2 . . . . . . . . . . . . . . . .  SFR      DATA   U_CHAR   00DCH  1
ES . . . . . . . . . . . . . . . . . .  ABSBIT   -----  BIT      00ACH  1
PADC . . . . . . . . . . . . . . . . .  ABSBIT   -----  BIT      00BDH  1
IP . . . . . . . . . . . . . . . . . .  SFR      DATA   U_CHAR   00B8H  1
RI . . . . . . . . . . . . . . . . . .  ABSBIT   -----  BIT      0098H  1
CY . . . . . . . . . . . . . . . . . .  ABSBIT   -----  BIT      00D7H  1
TI . . . . . . . . . . . . . . . . . .  ABSBIT   -----  BIT      0099H  1
init_ds18b20 . . . . . . . . . . . . .  PUBLIC   CODE   PROC     0000H  -----
  initflag . . . . . . . . . . . . . .  AUTO     DATA   BIT      0000H  1
CLK_DIV. . . . . . . . . . . . . . . .  SFR      DATA   U_CHAR   0097H  1
IAP_ADDRH. . . . . . . . . . . . . . .  SFR      DATA   U_CHAR   00C3H  1
PS . . . . . . . . . . . . . . . . . .  ABSBIT   -----  BIT      00BCH  1
SP . . . . . . . . . . . . . . . . . .  SFR      DATA   U_CHAR   0081H  1
CMOD . . . . . . . . . . . . . . . . .  SFR      DATA   U_CHAR   00D9H  1
CCON . . . . . . . . . . . . . . . . .  SFR      DATA   U_CHAR   00D8H  1
IAP_ADDRL. . . . . . . . . . . . . . .  SFR      DATA   U_CHAR   00C4H  1
PPCA . . . . . . . . . . . . . . . . .  ABSBIT   -----  BIT      00BFH  1
OV . . . . . . . . . . . . . . . . . .  ABSBIT   -----  BIT      00D2H  1
CMPCR1 . . . . . . . . . . . . . . . .  SFR      DATA   U_CHAR   00E6H  1
CMPCR2 . . . . . . . . . . . . . . . .  SFR      DATA   U_CHAR   00E7H  1
ELVD . . . . . . . . . . . . . . . . .  ABSBIT   -----  BIT      00AEH  1
P00. . . . . . . . . . . . . . . . . .  ABSBIT   -----  BIT      0080H  1
ADC_CONTR. . . . . . . . . . . . . . .  SFR      DATA   U_CHAR   00BCH  1
SBUF . . . . . . . . . . . . . . . . .  SFR      DATA   U_CHAR   0099H  1
PCON . . . . . . . . . . . . . . . . .  SFR      DATA   U_CHAR   0087H  1
P10. . . . . . . . . . . . . . . . . .  ABSBIT   -----  BIT      0090H  1
P01. . . . . . . . . . . . . . . . . .  ABSBIT   -----  BIT      0081H  1
P20. . . . . . . . . . . . . . . . . .  ABSBIT   -----  BIT      00A0H  1
P11. . . . . . . . . . . . . . . . . .  ABSBIT   -----  BIT      0091H  1
P02. . . . . . . . . . . . . . . . . .  ABSBIT   -----  BIT      0082H  1
P30. . . . . . . . . . . . . . . . . .  ABSBIT   -----  BIT      00B0H  1
P21. . . . . . . . . . . . . . . . . .  ABSBIT   -----  BIT      00A1H  1
P12. . . . . . . . . . . . . . . . . .  ABSBIT   -----  BIT      0092H  1
P03. . . . . . . . . . . . . . . . . .  ABSBIT   -----  BIT      0083H  1
SCON . . . . . . . . . . . . . . . . .  SFR      DATA   U_CHAR   0098H  1
P40. . . . . . . . . . . . . . . . . .  ABSBIT   -----  BIT      00C0H  1
P31. . . . . . . . . . . . . . . . . .  ABSBIT   -----  BIT      00B1H  1
P22. . . . . . . . . . . . . . . . . .  ABSBIT   -----  BIT      00A2H  1
P13. . . . . . . . . . . . . . . . . .  ABSBIT   -----  BIT      0093H  1
P04. . . . . . . . . . . . . . . . . .  ABSBIT   -----  BIT      0084H  1
TMOD . . . . . . . . . . . . . . . . .  SFR      DATA   U_CHAR   0089H  1
TCON . . . . . . . . . . . . . . . . .  SFR      DATA   U_CHAR   0088H  1
P50. . . . . . . . . . . . . . . . . .  ABSBIT   -----  BIT      00C8H  1
P41. . . . . . . . . . . . . . . . . .  ABSBIT   -----  BIT      00C1H  1
P32. . . . . . . . . . . . . . . . . .  ABSBIT   -----  BIT      00B2H  1
P23. . . . . . . . . . . . . . . . . .  ABSBIT   -----  BIT      00A3H  1
P14. . . . . . . . . . . . . . . . . .  ABSBIT   -----  BIT      0094H  1
P05. . . . . . . . . . . . . . . . . .  ABSBIT   -----  BIT      0085H  1
P60. . . . . . . . . . . . . . . . . .  ABSBIT   -----  BIT      00E8H  1
P51. . . . . . . . . . . . . . . . . .  ABSBIT   -----  BIT      00C9H  1
P42. . . . . . . . . . . . . . . . . .  ABSBIT   -----  BIT      00C2H  1
P33. . . . . . . . . . . . . . . . . .  ABSBIT   -----  BIT      00B3H  1
P24. . . . . . . . . . . . . . . . . .  ABSBIT   -----  BIT      00A4H  1
P15. . . . . . . . . . . . . . . . . .  ABSBIT   -----  BIT      0095H  1
C51 COMPILER V9.54   ONEWIRE                                                               03/22/2022 10:05:17 PAGE 9   

NAME                                    CLASS   MSPACE  TYPE    OFFSET  SIZE
====                                    =====   ======  ====    ======  ====


P06. . . . . . . . . . . . . . . . . .  ABSBIT   -----  BIT      0086H  1
PLVD . . . . . . . . . . . . . . . . .  ABSBIT   -----  BIT      00BEH  1
P70. . . . . . . . . . . . . . . . . .  ABSBIT   -----  BIT      00F8H  1
P61. . . . . . . . . . . . . . . . . .  ABSBIT   -----  BIT      00E9H  1
P52. . . . . . . . . . . . . . . . . .  ABSBIT   -----  BIT      00CAH  1
P43. . . . . . . . . . . . . . . . . .  ABSBIT   -----  BIT      00C3H  1
P34. . . . . . . . . . . . . . . . . .  ABSBIT   -----  BIT      00B4H  1
P25. . . . . . . . . . . . . . . . . .  ABSBIT   -----  BIT      00A5H  1
P16. . . . . . . . . . . . . . . . . .  ABSBIT   -----  BIT      0096H  1
P07. . . . . . . . . . . . . . . . . .  ABSBIT   -----  BIT      0087H  1
P71. . . . . . . . . . . . . . . . . .  ABSBIT   -----  BIT      00F9H  1
P62. . . . . . . . . . . . . . . . . .  ABSBIT   -----  BIT      00EAH  1
P53. . . . . . . . . . . . . . . . . .  ABSBIT   -----  BIT      00CBH  1
P44. . . . . . . . . . . . . . . . . .  ABSBIT   -----  BIT      00C4H  1
P35. . . . . . . . . . . . . . . . . .  ABSBIT   -----  BIT      00B5H  1
P26. . . . . . . . . . . . . . . . . .  ABSBIT   -----  BIT      00A6H  1
P17. . . . . . . . . . . . . . . . . .  ABSBIT   -----  BIT      0097H  1
P72. . . . . . . . . . . . . . . . . .  ABSBIT   -----  BIT      00FAH  1
P63. . . . . . . . . . . . . . . . . .  ABSBIT   -----  BIT      00EBH  1
P54. . . . . . . . . . . . . . . . . .  ABSBIT   -----  BIT      00CCH  1
P45. . . . . . . . . . . . . . . . . .  ABSBIT   -----  BIT      00C5H  1
P36. . . . . . . . . . . . . . . . . .  ABSBIT   -----  BIT      00B6H  1
P27. . . . . . . . . . . . . . . . . .  ABSBIT   -----  BIT      00A7H  1
P73. . . . . . . . . . . . . . . . . .  ABSBIT   -----  BIT      00FBH  1
P64. . . . . . . . . . . . . . . . . .  ABSBIT   -----  BIT      00ECH  1
P55. . . . . . . . . . . . . . . . . .  ABSBIT   -----  BIT      00CDH  1
P46. . . . . . . . . . . . . . . . . .  ABSBIT   -----  BIT      00C6H  1
P37. . . . . . . . . . . . . . . . . .  ABSBIT   -----  BIT      00B7H  1
P74. . . . . . . . . . . . . . . . . .  ABSBIT   -----  BIT      00FCH  1
P65. . . . . . . . . . . . . . . . . .  ABSBIT   -----  BIT      00EDH  1
P56. . . . . . . . . . . . . . . . . .  ABSBIT   -----  BIT      00CEH  1
P47. . . . . . . . . . . . . . . . . .  ABSBIT   -----  BIT      00C7H  1
P75. . . . . . . . . . . . . . . . . .  ABSBIT   -----  BIT      00FDH  1
P66. . . . . . . . . . . . . . . . . .  ABSBIT   -----  BIT      00EEH  1
P57. . . . . . . . . . . . . . . . . .  ABSBIT   -----  BIT      00CFH  1
P76. . . . . . . . . . . . . . . . . .  ABSBIT   -----  BIT      00FEH  1
P67. . . . . . . . . . . . . . . . . .  ABSBIT   -----  BIT      00EFH  1
IE0. . . . . . . . . . . . . . . . . .  ABSBIT   -----  BIT      0089H  1
BUS_SPEED. . . . . . . . . . . . . . .  SFR      DATA   U_CHAR   00A1H  1
P77. . . . . . . . . . . . . . . . . .  ABSBIT   -----  BIT      00FFH  1
IE1. . . . . . . . . . . . . . . . . .  ABSBIT   -----  BIT      008BH  1
IE2. . . . . . . . . . . . . . . . . .  SFR      DATA   U_CHAR   00AFH  1
AUXR . . . . . . . . . . . . . . . . .  SFR      DATA   U_CHAR   008EH  1
B. . . . . . . . . . . . . . . . . . .  SFR      DATA   U_CHAR   00F0H  1
IAP_CONTR. . . . . . . . . . . . . . .  SFR      DATA   U_CHAR   00C7H  1
PWMCFG . . . . . . . . . . . . . . . .  SFR      DATA   U_CHAR   00F1H  1
ACC. . . . . . . . . . . . . . . . . .  SFR      DATA   U_CHAR   00E0H  1
ET0. . . . . . . . . . . . . . . . . .  ABSBIT   -----  BIT      00A9H  1
TF0. . . . . . . . . . . . . . . . . .  ABSBIT   -----  BIT      008DH  1
ET1. . . . . . . . . . . . . . . . . .  ABSBIT   -----  BIT      00ABH  1
TF1. . . . . . . . . . . . . . . . . .  ABSBIT   -----  BIT      008FH  1
IP2. . . . . . . . . . . . . . . . . .  SFR      DATA   U_CHAR   00B5H  1
RB8. . . . . . . . . . . . . . . . . .  ABSBIT   -----  BIT      009AH  1
TH0. . . . . . . . . . . . . . . . . .  SFR      DATA   U_CHAR   008CH  1
TH1. . . . . . . . . . . . . . . . . .  SFR      DATA   U_CHAR   008DH  1
IT0. . . . . . . . . . . . . . . . . .  ABSBIT   -----  BIT      0088H  1
EX0. . . . . . . . . . . . . . . . . .  ABSBIT   -----  BIT      00A8H  1
C51 COMPILER V9.54   ONEWIRE                                                               03/22/2022 10:05:17 PAGE 10  

NAME                                    CLASS   MSPACE  TYPE    OFFSET  SIZE
====                                    =====   ======  ====    ======  ====


TB8. . . . . . . . . . . . . . . . . .  ABSBIT   -----  BIT      009BH  1
T2H. . . . . . . . . . . . . . . . . .  SFR      DATA   U_CHAR   00D6H  1
IT1. . . . . . . . . . . . . . . . . .  ABSBIT   -----  BIT      008AH  1
EX1. . . . . . . . . . . . . . . . . .  ABSBIT   -----  BIT      00AAH  1
T3H. . . . . . . . . . . . . . . . . .  SFR      DATA   U_CHAR   00D4H  1
P. . . . . . . . . . . . . . . . . . .  ABSBIT   -----  BIT      00D0H  1
SM0. . . . . . . . . . . . . . . . . .  ABSBIT   -----  BIT      009FH  1
T4H. . . . . . . . . . . . . . . . . .  SFR      DATA   U_CHAR   00D2H  1
TL0. . . . . . . . . . . . . . . . . .  SFR      DATA   U_CHAR   008AH  1
SM1. . . . . . . . . . . . . . . . . .  ABSBIT   -----  BIT      009EH  1
TL1. . . . . . . . . . . . . . . . . .  SFR      DATA   U_CHAR   008BH  1
SM2. . . . . . . . . . . . . . . . . .  ABSBIT   -----  BIT      009DH  1
T2L. . . . . . . . . . . . . . . . . .  SFR      DATA   U_CHAR   00D7H  1
T3L. . . . . . . . . . . . . . . . . .  SFR      DATA   U_CHAR   00D5H  1
T4L. . . . . . . . . . . . . . . . . .  SFR      DATA   U_CHAR   00D3H  1
PT0. . . . . . . . . . . . . . . . . .  ABSBIT   -----  BIT      00B9H  1
PT1. . . . . . . . . . . . . . . . . .  ABSBIT   -----  BIT      00BBH  1
RS0. . . . . . . . . . . . . . . . . .  ABSBIT   -----  BIT      00D3H  1
IAP_DATA . . . . . . . . . . . . . . .  SFR      DATA   U_CHAR   00C2H  1
TR0. . . . . . . . . . . . . . . . . .  ABSBIT   -----  BIT      008CH  1
RS1. . . . . . . . . . . . . . . . . .  ABSBIT   -----  BIT      00D4H  1
TR1. . . . . . . . . . . . . . . . . .  ABSBIT   -----  BIT      008EH  1
WDT_CONTR. . . . . . . . . . . . . . .  SFR      DATA   U_CHAR   00C1H  1
PX0. . . . . . . . . . . . . . . . . .  ABSBIT   -----  BIT      00B8H  1
PX1. . . . . . . . . . . . . . . . . .  ABSBIT   -----  BIT      00BAH  1
PCA_PWM0 . . . . . . . . . . . . . . .  SFR      DATA   U_CHAR   00F2H  1
PCA_PWM1 . . . . . . . . . . . . . . .  SFR      DATA   U_CHAR   00F3H  1
PCA_PWM2 . . . . . . . . . . . . . . .  SFR      DATA   U_CHAR   00F4H  1
P1ASF. . . . . . . . . . . . . . . . .  SFR      DATA   U_CHAR   009DH  1
DPH. . . . . . . . . . . . . . . . . .  SFR      DATA   U_CHAR   0083H  1
T3T4M. . . . . . . . . . . . . . . . .  SFR      DATA   U_CHAR   00D1H  1
T4T3M. . . . . . . . . . . . . . . . .  SFR      DATA   U_CHAR   00D1H  1
ADC_RESL . . . . . . . . . . . . . . .  SFR      DATA   U_CHAR   00BEH  1
DPL. . . . . . . . . . . . . . . . . .  SFR      DATA   U_CHAR   0082H  1
SPSTAT . . . . . . . . . . . . . . . .  SFR      DATA   U_CHAR   00CDH  1
S2BUF. . . . . . . . . . . . . . . . .  SFR      DATA   U_CHAR   009BH  1
S3BUF. . . . . . . . . . . . . . . . .  SFR      DATA   U_CHAR   00ADH  1
S4BUF. . . . . . . . . . . . . . . . .  SFR      DATA   U_CHAR   0085H  1
REN. . . . . . . . . . . . . . . . . .  ABSBIT   -----  BIT      009CH  1
S2CON. . . . . . . . . . . . . . . . .  SFR      DATA   U_CHAR   009AH  1
S3CON. . . . . . . . . . . . . . . . .  SFR      DATA   U_CHAR   00ACH  1
S4CON. . . . . . . . . . . . . . . . .  SFR      DATA   U_CHAR   0084H  1
SADEN. . . . . . . . . . . . . . . . .  SFR      DATA   U_CHAR   00B9H  1
SADDR. . . . . . . . . . . . . . . . .  SFR      DATA   U_CHAR   00A9H  1
Temper_Get . . . . . . . . . . . . . .  PUBLIC   CODE   PROC     0000H  -----
  low. . . . . . . . . . . . . . . . .  * REG *  DATA   U_CHAR   0001H  1
  high . . . . . . . . . . . . . . . .  * REG *  DATA   U_CHAR   0007H  1
  temp . . . . . . . . . . . . . . . .  * REG *  DATA   U_CHAR   0007H  1
IAP_TRIG . . . . . . . . . . . . . . .  SFR      DATA   U_CHAR   00C6H  1
AUXR1. . . . . . . . . . . . . . . . .  SFR      DATA   U_CHAR   00A2H  1
F0 . . . . . . . . . . . . . . . . . .  ABSBIT   -----  BIT      00D5H  1
INT_CLKO . . . . . . . . . . . . . . .  SFR      DATA   U_CHAR   008FH  1
PSW. . . . . . . . . . . . . . . . . .  SFR      DATA   U_CHAR   00D0H  1
CCF0 . . . . . . . . . . . . . . . . .  ABSBIT   -----  BIT      00D8H  1
CCF1 . . . . . . . . . . . . . . . . .  ABSBIT   -----  BIT      00D9H  1
SPDAT. . . . . . . . . . . . . . . . .  SFR      DATA   U_CHAR   00CFH  1
P0M0 . . . . . . . . . . . . . . . . .  SFR      DATA   U_CHAR   0094H  1

C51 COMPILER V9.54   ONEWIRE                                                               03/22/2022 10:05:17 PAGE 11  


MODULE INFORMATION:   STATIC OVERLAYABLE
   CODE SIZE        =    174    ----
   CONSTANT SIZE    =   ----    ----
   XDATA SIZE       =   ----    ----
   PDATA SIZE       =   ----    ----
   DATA SIZE        =   ----    ----
   IDATA SIZE       =   ----    ----
   BIT SIZE         =   ----       1
   EDATA SIZE       =   ----    ----
   HDATA SIZE       =   ----    ----
   XDATA CONST SIZE =   ----    ----
   FAR CONST SIZE   =   ----    ----
END OF MODULE INFORMATION.


C51 COMPILATION COMPLETE.  0 WARNING(S),  0 ERROR(S)
