[2022-06-01 10:23:25]	[done]
	build successfully !

[2022-06-01 10:23:51]	[done]
	build successfully !

[2022-06-01 10:24:27]	[done]
	build successfully !

[2022-06-01 10:25:29]	[done]
	build successfully !

[2022-06-01 10:26:14]	[done]
	build successfully !

[2022-06-01 10:27:41]	[done]
	build successfully !

[2022-06-01 10:29:14]	[done]
	build successfully !

[2022-06-01 10:29:42]	[done]
	build successfully !

[2022-06-01 10:38:03]	compilation failed at : "c:\Users\Maxwell\Desktop\FILMS\kEILPROJECT\第八届国赛1.0\main.c", exit code: 2
   at unify_builder.Program.Main(String[] args)
---
C51 COMPILER V9.54 - SN: K1DZC-FPDZAC
COPYRIGHT Copyright (C) 2012 - 2015 ARM Ltd and ARM Germany GmbH. All rights reserved.
*** ERROR C141 IN LINE 58 OF .\MAIN.C: syntax error near ';'
*** ERROR C141 IN LINE 59 OF .\MAIN.C: syntax error near ';'
*** ERROR C141 IN LINE 60 OF .\MAIN.C: syntax error near ';'
*** ERROR C141 IN LINE 61 OF .\MAIN.C: syntax error near ';'
*** ERROR C141 IN LINE 62 OF .\MAIN.C: syntax error near ';'
*** ERROR C141 IN LINE 63 OF .\MAIN.C: syntax error near ';'
*** ERROR C141 IN LINE 67 OF .\MAIN.C: syntax error near ';'
*** ERROR C141 IN LINE 72 OF .\MAIN.C: syntax error near ';'
*** ERROR C141 IN LINE 73 OF .\MAIN.C: syntax error near ';'
*** ERROR C141 IN LINE 74 OF .\MAIN.C: syntax error near ';'
C51 COMPILATION COMPLETE.  0 WARNING(S),  10 ERROR(S)

[2022-06-01 10:40:16]	[done]
	build successfully !

[2022-06-01 10:41:05]	[done]
	build successfully !

[2022-06-01 10:42:01]	[done]
	build successfully !

[2022-06-01 10:49:24]	compilation failed at : "c:\Users\Maxwell\Desktop\FILMS\kEILPROJECT\第八届国赛1.0\main.c", exit code: 2
   at unify_builder.Program.Main(String[] args)
---
C51 COMPILER V9.54 - SN: K1DZC-FPDZAC
COPYRIGHT Copyright (C) 2012 - 2015 ARM Ltd and ARM Germany GmbH. All rights reserved.
*** ERROR C141 IN LINE 87 OF .\MAIN.C: syntax error near 'Digbuf'
*** ERROR C141 IN LINE 97 OF .\MAIN.C: syntax error near 'Digbuf'
*** ERROR C141 IN LINE 98 OF .\MAIN.C: syntax error near 'Digbuf'
*** ERROR C141 IN LINE 108 OF .\MAIN.C: syntax error near 'Digbuf'
*** ERROR C141 IN LINE 109 OF .\MAIN.C: syntax error near 'Digbuf'
C51 COMPILATION COMPLETE.  0 WARNING(S),  5 ERROR(S)

[2022-06-01 10:49:37]	[done]
	build successfully !

[2022-06-01 10:56:42]	[done]
	build successfully !

[2022-06-01 11:01:57]	[done]
	build successfully !

[2022-06-01 11:05:14]	[done]
	build successfully !

[2022-06-01 11:07:48]	compilation failed at : "c:\Users\Maxwell\Desktop\FILMS\kEILPROJECT\第八届国赛1.0\main.c", exit code: 2
   at unify_builder.Program.Main(String[] args)
---
C51 COMPILER V9.54 - SN: K1DZC-FPDZAC
COPYRIGHT Copyright (C) 2012 - 2015 ARM Ltd and ARM Germany GmbH. All rights reserved.
*** ERROR C141 IN LINE 313 OF .\MAIN.C: syntax error near 'unsigned'
*** ERROR C202 IN LINE 313 OF .\MAIN.C: 'i': undefined identifier
*** ERROR C202 IN LINE 313 OF .\MAIN.C: 'i': undefined identifier
*** ERROR C202 IN LINE 313 OF .\MAIN.C: 'i': undefined identifier
*** ERROR C141 IN LINE 313 OF .\MAIN.C: syntax error near ')'
C51 COMPILATION COMPLETE.  0 WARNING(S),  5 ERROR(S)

[2022-06-01 11:08:06]	[done]
	build successfully !

[2022-06-01 11:11:05]	[done]
	build successfully !

[2022-06-01 11:11:10]	[done]
	build successfully !

[2022-06-01 11:13:04]	[done]
	build successfully !

[2022-06-01 11:13:53]	[done]
	build successfully !

[2022-06-01 11:14:14]	[done]
	build successfully !

[2022-06-01 11:17:03]	[done]
	build successfully !

[2022-06-01 11:17:37]	[done]
	build successfully !

[2022-06-01 11:18:10]	[done]
	build successfully !

[2022-06-01 11:19:46]	[done]
	build successfully !

[2022-06-01 12:10:55]	[done]
	build successfully !

[2022-06-01 12:13:56]	[done]
	build successfully !

[2022-06-01 12:22:07]	[done]
	build successfully !

[2022-06-01 12:24:18]	[done]
	build successfully !

[2022-06-01 12:47:20]	compilation failed at : "c:\Users\Maxwell\Desktop\FILMS\kEILPROJECT\第八届国赛1.0\main.c", exit code: 2
   at unify_builder.Program.Main(String[] args)
---
C51 COMPILER V9.54 - SN: K1DZC-FPDZAC
COPYRIGHT Copyright (C) 2012 - 2015 ARM Ltd and ARM Germany GmbH. All rights reserved.
*** ERROR C202 IN LINE 269 OF .\MAIN.C: 'fal': undefined identifier
C51 COMPILATION COMPLETE.  0 WARNING(S),  1 ERROR(S)

[2022-06-01 12:47:27]	[done]
	build successfully !

[2022-06-01 12:48:07]	[done]
	build successfully !

[2022-06-01 12:48:54]	[done]
	build successfully !

[2022-06-01 12:52:02]	[done]
	build successfully !

[2022-06-01 12:52:22]	[done]
	build successfully !

[2022-06-01 12:54:21]	[done]
	build successfully !

[2022-06-01 12:58:15]	[done]
	build successfully !

[2022-06-01 13:03:08]	[done]
	build successfully !

[2022-06-01 13:07:43]	[done]
	build successfully !

[2022-06-01 13:07:55]	[done]
	build successfully !

[2022-06-01 13:08:14]	[done]
	build successfully !

