C51 COMPILER V9.54   MAIN                                                                  06/14/2022 09:26:20 PAGE 1   


C51 COMPILER V9.54, COMPILATION OF MODULE MAIN
OBJECT MODULE PLACED IN .\Objects\main.obj
COMPILER INVOKED BY: D:\Keil51\C51\BIN\C51.EXE main.c OPTIMIZE(8,SPEED) BROWSE DEBUG OBJECTEXTEND PRINT(.\Listings\main.
                    -lst) OBJECT(.\Objects\main.obj)

line level    source

   1          #include <stc15f2k60s2.h>
   2          #include <intrins.h>
   3          
   4          #define uchar unsigned char
   5          #define uint unsigned int
   6                  
   7          uchar code tab[]={0xc0,0xf9,0xa4,0xb0,0x99,0x92,0x82,0xf8,0x80,0x90,
   8                                                  0x40,0x19,0x24,0x30,0x19,0x12,0x02,0x78,0x00,0x10,
   9                                                                                                                                          0xbf,0xff};
  10          uchar Digbuf[]={1,2,3,4,5,6,7,8};
  11          uchar Digcom=0;
  12          
  13          
  14          void allinit();
  15          void Timer2Init(void);          //1??@11.0592MHz
  16          
  17          void main()
  18          {
  19   1              allinit();
  20   1              Timer2Init();
  21   1              while(1)
  22   1              {
  23   2                      
  24   2              }
  25   1      }
  26          void allinit()
  27          {
  28   1              P2|=0xa0;
  29   1              P2&=0xbf;
  30   1              P0=0x00;
  31   1              
  32   1              P2|=0x80;
  33   1              P2&=0x9f;
  34   1              P0=0xff;
  35   1              
  36   1              P2|=0xc0;
  37   1              P2&=0xdf;
  38   1              P0=0xff;
  39   1              
  40   1              P2|=0xe0;
  41   1              P2&=0xff;
  42   1              P0=0xff;        
  43   1      }
  44          void Timer2Init(void)           //1??@11.0592MHz
  45          {
  46   1              AUXR |= 0x04;           //?????1T??
  47   1              T2L = 0xCD;             //???????
  48   1              T2H = 0xD4;             //???????
  49   1              AUXR |= 0x10;           //???2????
  50   1              IE2|=0x04;
  51   1              EA=1;
  52   1      }
  53          void t2_ser() interrupt 12
  54          {
C51 COMPILER V9.54   MAIN                                                                  06/14/2022 09:26:20 PAGE 2   

  55   1              P2|=0xe0;
  56   1              P2&=0xff;
  57   1              P0=0xff;        
  58   1              
  59   1              P2|=0xc0;
  60   1              P2&=0xdf;
  61   1              P0=0x01<<Digcom;
  62   1              
  63   1              P2|=0xe0;
  64   1              P2&=0xff;
  65   1              P0=tab[Digbuf[Digcom];
*** ERROR C141 IN LINE 65 OF main.c: syntax error near ';'
  66   1      
  67   1              if(++Digcom==8){Digcom=0;}
  68   1              
  69   1      }

C51 COMPILATION COMPLETE.  0 WARNING(S),  1 ERROR(S)
