[2022-06-01 13:29:53]	[done]
	build successfully !

[2022-06-01 13:30:42]	[done]
	build successfully !

[2022-06-01 13:31:14]	[done]
	build successfully !

[2022-06-01 13:32:45]	[done]
	build successfully !

[2022-06-01 13:37:01]	[done]
	build successfully !

[2022-06-01 13:37:29]	[done]
	build successfully !

[2022-06-01 18:41:09]	compilation failed at : "c:\Users\Maxwell\Desktop\FILMS\kEILPROJECT\第12届国赛3.0\main.c", exit code: 2
   at unify_builder.Program.Main(String[] args)
---
C51 COMPILER V9.54 - SN: K1DZC-FPDZAC
COPYRIGHT Copyright (C) 2012 - 2015 ARM Ltd and ARM Germany GmbH. All rights reserved.
*** ERROR C193 IN LINE 151 OF .\MAIN.C: '++': illegal operation on bit(s)
*** ERROR C141 IN LINE 155 OF .\MAIN.C: syntax error near '}'
C51 COMPILATION COMPLETE.  0 WARNING(S),  2 ERROR(S)

[2022-06-01 18:41:21]	compilation failed at : "c:\Users\Maxwell\Desktop\FILMS\kEILPROJECT\第12届国赛3.0\main.c", exit code: 2
   at unify_builder.Program.Main(String[] args)
---
C51 COMPILER V9.54 - SN: K1DZC-FPDZAC
COPYRIGHT Copyright (C) 2012 - 2015 ARM Ltd and ARM Germany GmbH. All rights reserved.
*** ERROR C141 IN LINE 155 OF .\MAIN.C: syntax error near '}'
C51 COMPILATION COMPLETE.  0 WARNING(S),  1 ERROR(S)

[2022-06-01 18:41:27]	[done]
	build successfully !

[2022-06-01 18:42:08]	[done]
	build successfully !

[2022-06-01 18:56:42]	link failed !, exit code: 2
   at unify_builder.Program.Main(String[] args)
---
LX51 LINKER/LOCATER V4.66.41.0 - SN: K1DZC-FPDZAC
COPYRIGHT ARM Germany GmbH 1995 - 2015
"@c:\Users\Maxwell\Desktop\FILMS\kEILPROJECT\第12届国赛3.0\build\Target 1\第12届国赛3.0.lnp" 
".\build\Target 1\ds1302.o",".\build\Target 1\iic.o",".\build\Target 1\main.o" TO ".\build\Target 1\第12届国赛3.0"
PRINT(".\build\Target 1\第12届国赛3.0.map") REMOVEUNUSED
*** ERROR L127: UNRESOLVED EXTERNAL SYMBOL
    SYMBOL:  shuju_jilu_display
    MODULE:  .\build\Target 1\main.o (MAIN)
*** ERROR L127: UNRESOLVED EXTERNAL SYMBOL
    SYMBOL:  juli_shuju_display
    MODULE:  .\build\Target 1\main.o (MAIN)
*** ERROR L127: UNRESOLVED EXTERNAL SYMBOL
    SYMBOL:  julicanshu_shezhi
    MODULE:  .\build\Target 1\main.o (MAIN)
*** ERROR L127: UNRESOLVED EXTERNAL SYMBOL
    SYMBOL:  caijishijiancanshu_shezhi
    MODULE:  .\build\Target 1\main.o (MAIN)
*** ERROR L128: REFERENCE MADE TO UNRESOLVED EXTERNAL
    SYMBOL:  juli_shuju_display
    MODULE:  .\build\Target 1\main.o (MAIN)
    ADDRESS: 1000512H
*** ERROR L128: REFERENCE MADE TO UNRESOLVED EXTERNAL
    SYMBOL:  shuju_jilu_display
    MODULE:  .\build\Target 1\main.o (MAIN)
    ADDRESS: 100051AH
*** ERROR L128: REFERENCE MADE TO UNRESOLVED EXTERNAL
    SYMBOL:  caijishijiancanshu_shezhi
    MODULE:  .\build\Target 1\main.o (MAIN)
    ADDRESS: 1000523H
*** ERROR L128: REFERENCE MADE TO UNRESOLVED EXTERNAL
    SYMBOL:  julicanshu_shezhi
    MODULE:  .\build\Target 1\main.o (MAIN)
    ADDRESS: 1000529H
Program Size: data=56.4 xdata=0 const=0 code=1573
LX51 RUN COMPLETE.  0 WARNING(S),  8 ERROR(S)


[2022-06-01 19:21:53]	[done]
	build successfully !

[2022-06-01 19:25:07]	[done]
	build successfully !

[2022-06-01 19:31:56]	compilation failed at : "c:\Users\Maxwell\Desktop\FILMS\kEILPROJECT\第12届国赛3.0\main.c", exit code: 2
   at unify_builder.Program.Main(String[] args)
---
C51 COMPILER V9.54 - SN: K1DZC-FPDZAC
COPYRIGHT Copyright (C) 2012 - 2015 ARM Ltd and ARM Germany GmbH. All rights reserved.
*** ERROR C141 IN LINE 485 OF .\MAIN.C: syntax error near ';'
*** ERROR C141 IN LINE 485 OF .\MAIN.C: syntax error near ')'
C51 COMPILATION COMPLETE.  0 WARNING(S),  2 ERROR(S)

[2022-06-01 19:32:06]	[done]
	build successfully !

[2022-06-01 19:32:37]	[done]
	build successfully !

[2022-06-01 19:34:36]	[done]
	build successfully !

[2022-06-01 19:35:47]	[done]
	build successfully !

[2022-06-01 19:36:34]	[done]
	build successfully !

[2022-06-01 19:36:56]	[done]
	build successfully !

[2022-06-01 19:38:07]	[done]
	build successfully !

[2022-06-01 19:38:45]	[done]
	build successfully !

[2022-06-01 19:41:29]	[done]
	build successfully !

[2022-06-01 19:42:24]	[done]
	build successfully !

[2022-06-01 19:44:26]	[done]
	build successfully !

[2022-06-01 19:45:30]	[done]
	build successfully !

[2022-06-01 19:47:34]	[done]
	build successfully !

[2022-06-01 19:47:41]	[done]
	build successfully !

[2022-06-01 19:49:55]	[done]
	build successfully !

[2022-06-01 19:52:19]	[done]
	build successfully !

[2022-06-01 19:53:10]	[done]
	build successfully !

[2022-06-01 19:55:07]	[done]
	build successfully !

[2022-06-01 19:55:43]	[done]
	build successfully !

[2022-06-01 19:56:10]	[done]
	build successfully !

[2022-06-01 19:56:43]	[done]
	build successfully !

[2022-06-01 19:59:12]	[done]
	build successfully !

[2022-06-01 20:00:53]	[done]
	build successfully !

[2022-06-01 20:02:08]	[done]
	build successfully !

[2022-06-01 20:03:01]	[done]
	build successfully !

[2022-06-01 20:04:31]	[done]
	build successfully !

[2022-06-01 20:05:22]	[done]
	build successfully !

[2022-06-01 20:07:13]	[done]
	build successfully !

[2022-06-01 20:07:40]	[done]
	build successfully !

[2022-06-01 20:08:28]	[done]
	build successfully !

[2022-06-01 20:09:06]	[done]
	build successfully !

[2022-06-01 20:09:45]	[done]
	build successfully !

[2022-06-01 20:14:23]	[done]
	build successfully !

[2022-06-01 20:17:41]	[done]
	build successfully !

[2022-06-01 20:20:50]	[done]
	build successfully !

[2022-06-01 20:21:28]	[done]
	build successfully !

[2022-06-01 20:21:52]	[done]
	build successfully !

[2022-06-01 20:22:09]	[done]
	build successfully !

[2022-06-01 20:28:06]	[done]
	build successfully !

[2022-06-01 20:30:06]	[done]
	build successfully !

[2022-06-01 20:30:57]	[done]
	build successfully !

[2022-06-01 20:32:15]	[done]
	build successfully !

[2022-06-01 20:37:35]	[done]
	build successfully !

[2022-06-01 20:44:14]	compilation failed at : "c:\Users\Maxwell\Desktop\FILMS\kEILPROJECT\第12届国赛3.0\main.c", exit code: 2
   at unify_builder.Program.Main(String[] args)
---
C51 COMPILER V9.54 - SN: K1DZC-FPDZAC
COPYRIGHT Copyright (C) 2012 - 2015 ARM Ltd and ARM Germany GmbH. All rights reserved.
*** ERROR C193 IN LINE 371 OF .\MAIN.C: '': bad operand type
C51 COMPILATION COMPLETE.  0 WARNING(S),  1 ERROR(S)

[2022-06-01 20:45:12]	compilation failed at : "c:\Users\Maxwell\Desktop\FILMS\kEILPROJECT\第12届国赛3.0\main.c", exit code: 2
   at unify_builder.Program.Main(String[] args)
---
C51 COMPILER V9.54 - SN: K1DZC-FPDZAC
COPYRIGHT Copyright (C) 2012 - 2015 ARM Ltd and ARM Germany GmbH. All rights reserved.
*** ERROR C141 IN LINE 368 OF .\MAIN.C: syntax error near 'if'
C51 COMPILATION COMPLETE.  0 WARNING(S),  1 ERROR(S)

[2022-06-01 20:45:21]	compilation failed at : "c:\Users\Maxwell\Desktop\FILMS\kEILPROJECT\第12届国赛3.0\main.c", exit code: 2
   at unify_builder.Program.Main(String[] args)
---
C51 COMPILER V9.54 - SN: K1DZC-FPDZAC
COPYRIGHT Copyright (C) 2012 - 2015 ARM Ltd and ARM Germany GmbH. All rights reserved.
*** ERROR C193 IN LINE 371 OF .\MAIN.C: '': bad operand type
C51 COMPILATION COMPLETE.  0 WARNING(S),  1 ERROR(S)

[2022-06-01 20:46:23]	[done]
	build successfully !

[2022-06-01 20:48:21]	[done]
	build successfully !

[2022-06-01 20:58:22]	[done]
	build successfully !

[2022-06-01 20:58:47]	[done]
	build successfully !

[2022-06-01 21:00:49]	[done]
	build successfully !

[2022-06-05 11:35:00]	[done]
	build successfully !

[2022-06-05 11:37:33]	[done]
	build successfully !

[2022-06-05 11:40:03]	[done]
	build successfully !

[2022-06-05 11:40:42]	[done]
	build successfully !

[2022-06-05 11:42:11]	[done]
	build successfully !

[2022-06-05 11:44:30]	[done]
	build successfully !

[2022-06-05 11:51:28]	[done]
	build successfully !

