C51 COMPILER V9.54   IIC                                                                   06/13/2022 19:30:09 PAGE 1   


C51 COMPILER V9.54, COMPILATION OF MODULE IIC
OBJECT MODULE PLACED IN .\Objects\iic.obj
COMPILER INVOKED BY: D:\Keil51\C51\BIN\C51.EXE iic.c OPTIMIZE(8,SPEED) BROWSE DEBUG OBJECTEXTEND PRINT(.\Listings\iic.ls
                    -t) OBJECT(.\Objects\iic.obj)

line level    source

   1          /*
   2            ????: IIC??????
   3            ????: Keil uVision 4.10 
   4            ????: CT107????????? 8051,12MHz
   5            ?    ?: 2011-8-9
   6          */
   7          
   8          #include <STC15F2K60S2.H>
   9          #include "intrins.h"
  10          
  11          #define somenop {_nop_();_nop_();_nop_();_nop_();_nop_();_nop_();_nop_();_nop_();_nop_();_nop_();_nop_();_
             -nop_();_nop_();_nop_();_nop_();_nop_();_nop_();_nop_();_nop_();_nop_();_nop_();_nop_();_nop_();_nop_();_nop_();_nop_();_
             -nop_();_nop_();_nop_();_nop_();_nop_();_nop_();_nop_();_nop_();_nop_();_nop_();_nop_();_nop_();_nop_();_nop_();_nop_();_
             -nop_();_nop_();_nop_();_nop_();_nop_();_nop_();_nop_();_nop_();_nop_();}    
  12          
  13          
  14          #define SlaveAddrW 0xA0
  15          #define SlaveAddrR 0xA1
  16          
  17          //??????
  18          sbit SDA = P2^1;  /* ??? */
  19          sbit SCL = P2^0;  /* ??? */
  20          
  21          
  22          //??????
  23          void IIC_Start(void)
  24          {
  25   1              SDA = 1;
  26   1              SCL = 1;
  27   1              somenop;
  28   1              SDA = 0;
  29   1              somenop;
  30   1              SCL = 0;        
  31   1      }
  32          
  33          //??????
  34          void IIC_Stop(void)
  35          {
  36   1              SDA = 0;
  37   1              SCL = 1;
  38   1              somenop;
  39   1              SDA = 1;
  40   1      }
  41          
  42          //?????
  43          void IIC_Ack(bit ackbit)
  44          {
  45   1              if(ackbit) 
  46   1              {       
  47   2                      SDA = 0;
  48   2              }
  49   1              else 
  50   1              {
  51   2                      SDA = 1;
C51 COMPILER V9.54   IIC                                                                   06/13/2022 19:30:09 PAGE 2   

  52   2              }
  53   1              somenop;
  54   1              SCL = 1;
  55   1              somenop;
  56   1              SCL = 0;
  57   1              SDA = 1; 
  58   1              somenop;
  59   1      }
  60          
  61          //????
  62          bit IIC_WaitAck(void)
  63          {
  64   1              SDA = 1;
  65   1              somenop;
  66   1              SCL = 1;
  67   1              somenop;
  68   1              if(SDA)    
  69   1              {   
  70   2                      SCL = 0;
  71   2                      IIC_Stop();
  72   2                      return 0;
  73   2              }
  74   1              else  
  75   1              { 
  76   2                      SCL = 0;
  77   2                      return 1;
  78   2              }
  79   1      }
  80          
  81          //??I2C??????
  82          void IIC_SendByte(unsigned char byt)
  83          {
  84   1              unsigned char i;
  85   1              for(i=0;i<8;i++)
  86   1              {   
  87   2                      if(byt&0x80) 
  88   2                      {       
  89   3                              SDA = 1;
  90   3                      }
  91   2                      else 
  92   2                      {
  93   3                              SDA = 0;
  94   3                      }
  95   2                      somenop;
  96   2                      SCL = 1;
  97   2                      byt <<= 1;
  98   2                      somenop;
  99   2                      SCL = 0;
 100   2              }
 101   1      }
 102          
 103          //?I2C???????
 104          unsigned char IIC_RecByte(void)
 105          {
 106   1              unsigned char da;
 107   1              unsigned char i;
 108   1              
 109   1              for(i=0;i<8;i++)
 110   1              {   
 111   2                      SCL = 1;
 112   2                      somenop;
 113   2                      da <<= 1;
C51 COMPILER V9.54   IIC                                                                   06/13/2022 19:30:09 PAGE 3   

 114   2                      if(SDA) 
 115   2                      da |= 0x01;
 116   2                      SCL = 0;
 117   2                      somenop;
 118   2              }
 119   1              return da;
 120   1      }
 121          void DA_Write(unsigned char dat)
 122          {
 123   1              
 124   1              IIC_Start();
 125   1              IIC_SendByte(0x90);
 126   1              IIC_WaitAck();
 127   1              IIC_SendByte(0x40);
 128   1              IIC_WaitAck();
 129   1              IIC_SendByte(dat);
 130   1              IIC_WaitAck();
 131   1              IIC_Stop();
 132   1              
 133   1      }
 134          void EEPROM_Write(unsigned char add,unsigned char dat)
 135          {
 136   1              IIC_Start();
 137   1              IIC_SendByte(0xa0);
 138   1              IIC_WaitAck();
 139   1              IIC_SendByte(add);
 140   1              IIC_WaitAck();
 141   1              IIC_SendByte(dat);
 142   1              IIC_WaitAck();
 143   1              IIC_Stop();
 144   1      }
 145          unsigned char EEPROM_Read(unsigned char add)
 146          {
 147   1              
 148   1              unsigned char temp;
 149   1              
 150   1              IIC_Start();
 151   1              IIC_SendByte(0xa0);
 152   1              IIC_WaitAck();
 153   1              IIC_SendByte(add);
 154   1              IIC_WaitAck();
 155   1              IIC_Stop();
 156   1              
 157   1              IIC_Start();
 158   1              IIC_SendByte(0xa1);
 159   1              IIC_WaitAck();
 160   1              temp=IIC_RecByte();
 161   1              IIC_Stop();
 162   1              
 163   1              return temp;
 164   1              
 165   1      }


MODULE INFORMATION:   STATIC OVERLAYABLE
   CODE SIZE        =    782    ----
   CONSTANT SIZE    =   ----    ----
   XDATA SIZE       =   ----    ----
   PDATA SIZE       =   ----    ----
   DATA SIZE        =   ----    ----
   IDATA SIZE       =   ----    ----
   BIT SIZE         =   ----       1
C51 COMPILER V9.54   IIC                                                                   06/13/2022 19:30:09 PAGE 4   

END OF MODULE INFORMATION.


C51 COMPILATION COMPLETE.  0 WARNING(S),  0 ERROR(S)
