C51 COMPILER V9.54   ONEWIRE                                                               06/13/2022 19:11:41 PAGE 1   


C51 COMPILER V9.54, COMPILATION OF MODULE ONEWIRE
OBJECT MODULE PLACED IN .\Objects\onewire.obj
COMPILER INVOKED BY: D:\Keil51\C51\BIN\C51.EXE onewire.c OPTIMIZE(8,SPEED) BROWSE DEBUG OBJECTEXTEND PRINT(.\Listings\on
                    -ewire.lst) OBJECT(.\Objects\onewire.obj)

line level    source

   1          /*
   2            ????: ???????
   3            ????: Keil uVision 4.10 
   4            ????: CT107????????? 8051 12MHz
   5            ?    ?: 2011-8-9
   6          */
   7          #include <STC15F2K60S2.H>
   8          #include "intrins.h"
   9          
  10          sbit DQ = P1^4;  //?????
  11          
  12          //???????
  13          void Delay_OneWire(unsigned int t)  
  14          {
  15   1              
  16   1              t=t*10;
  17   1              while(t--);
  18   1      }
  19          
  20          
  21          //??????DS18B20?????
  22          void Write_DS18B20(unsigned char dat)
  23          {
  24   1              unsigned char i;
  25   1              for(i=0;i<8;i++)
  26   1              {
  27   2                      DQ = 0;
  28   2                      DQ = dat&0x01;
  29   2                      Delay_OneWire(5);
  30   2                      DQ = 1;
  31   2                      dat >>= 1;
  32   2              }
  33   1              Delay_OneWire(5);
  34   1      }
  35          
  36          //?DS18B20??????
  37          unsigned char Read_DS18B20(void)
  38          {
  39   1              unsigned char i;
  40   1              unsigned char dat;
  41   1        
  42   1              for(i=0;i<8;i++)
  43   1              {
  44   2                      DQ = 0;
  45   2                      dat >>= 1;
  46   2                      DQ = 1;
  47   2                      if(DQ)
  48   2                      {
  49   3                              dat |= 0x80;
  50   3                      }           
  51   2                      Delay_OneWire(5);
  52   2              }
  53   1              return dat;
  54   1      }
C51 COMPILER V9.54   ONEWIRE                                                               06/13/2022 19:11:41 PAGE 2   

  55          
  56          //DS18B20?????
  57          bit init_ds18b20(void)
  58          {
  59   1              bit initflag = 0;
  60   1              
  61   1              DQ = 1;
  62   1              Delay_OneWire(12);
  63   1              DQ = 0;
  64   1              Delay_OneWire(80);
  65   1              DQ = 1;
  66   1              Delay_OneWire(10); 
  67   1              initflag = DQ;     
  68   1              Delay_OneWire(5);
  69   1        
  70   1              return initflag;
  71   1      }
  72          
  73          unsigned int Temper_Get()
  74          {
  75   1              unsigned int temp;
  76   1              unsigned char low;
  77   1              unsigned char high;
  78   1              
  79   1              init_ds18b20();
  80   1              Write_DS18B20(0xcc);
  81   1              Write_DS18B20(0x44);
  82   1              Delay_OneWire(20);
  83   1              
  84   1              init_ds18b20();
  85   1              Write_DS18B20(0xcc);
  86   1              Write_DS18B20(0xbe);
  87   1              
  88   1              
  89   1              low=Read_DS18B20();
  90   1              high=Read_DS18B20();
  91   1              
  92   1              high=high&0x0f;
  93   1              temp=high;
  94   1              temp=temp<<8;
  95   1              temp=temp|low;
  96   1              temp=temp*6.25;
  97   1              
  98   1              return temp;
  99   1              
 100   1      }
 101                  
 102          
 103          
 104          
 105          
 106          


MODULE INFORMATION:   STATIC OVERLAYABLE
   CODE SIZE        =    187    ----
   CONSTANT SIZE    =   ----    ----
   XDATA SIZE       =   ----    ----
   PDATA SIZE       =   ----    ----
   DATA SIZE        =   ----    ----
   IDATA SIZE       =   ----    ----
   BIT SIZE         =   ----       1
C51 COMPILER V9.54   ONEWIRE                                                               06/13/2022 19:11:41 PAGE 3   

END OF MODULE INFORMATION.


C51 COMPILATION COMPLETE.  0 WARNING(S),  0 ERROR(S)
