C51 COMPILER V9.54   IIC                                                                   05/01/2022 13:00:27 PAGE 1   


C51 COMPILER V9.54, COMPILATION OF MODULE IIC
OBJECT MODULE PLACED IN .\build\Target 1\iic.o
COMPILER INVOKED BY: D:\Keil51\C51\BIN\C51.exe .\IIC.C PRINT(.\build\Target 1\iic.lst) OMF2 TABS(4) CODE NOCOND SYMBOLS 
                    -OPTIMIZE(8,SPEED) SMALL ROM(LARGE) INCDIR(D:/Keil51/C51/INC/STC;D:\Keil51\C51\INC) DEFINE(__UVISION_VERSION=526) OBJECT(
                    -.\build\Target 1\iic.o)

line level    source

   1          /*
   2            程序说明: IIC总线驱动程序
   3            软件环境: Keil uVision 4.10 
   4            硬件环境: CT107单片机综合实训平台 8051，12MHz
   5            日    期: 2011-8-9
   6          */
   7          
   8          #include "STC15F2K60S2.H"
   9          #include "INTRINS.H"
  10          
  11          #define somenop {_nop_();_nop_();_nop_();_nop_();_nop_();_nop_();_nop_();_nop_();_nop_();_nop_();_nop_();_
             -nop_();_nop_();_nop_();_nop_();_nop_();_nop_();_nop_();_nop_();_nop_();_nop_();_nop_();_nop_();_nop_();_nop_();_nop_();_
             -nop_();_nop_();_nop_();_nop_();_nop_();_nop_();_nop_();_nop_();_nop_();_nop_();_nop_();_nop_();_nop_();_nop_();_nop_();_
             -nop_();_nop_();_nop_();_nop_();_nop_();_nop_();_nop_();_nop_();_nop_();}    
  12          
  13          
  14          #define SlaveAddrW 0xA0
  15          #define SlaveAddrR 0xA1
  16          
  17          //总线引脚定义
  18          sbit SDA = P2^1;  /* 数据线 */
  19          sbit SCL = P2^0;  /* 时钟线 */
  20          
  21          
  22          //总线启动条件
  23          void IIC_Start(void)
  24          {
  25   1          SDA = 1;
  26   1          SCL = 1;
  27   1          somenop;
  28   1          SDA = 0;
  29   1          somenop;
  30   1          SCL = 0;    
  31   1      }
  32          
  33          //总线停止条件
  34          void IIC_Stop(void)
  35          {
  36   1          SDA = 0;
  37   1          SCL = 1;
  38   1          somenop;
  39   1          SDA = 1;
  40   1      }
  41          
  42          //应答位控制
  43          void IIC_Ack(bit ackbit)
  44          {
  45   1          if(ackbit) 
  46   1          {   
  47   2              SDA = 0;
  48   2          }
  49   1          else 
  50   1          {
C51 COMPILER V9.54   IIC                                                                   05/01/2022 13:00:27 PAGE 2   

  51   2              SDA = 1;
  52   2          }
  53   1          somenop;
  54   1          SCL = 1;
  55   1          somenop;
  56   1          SCL = 0;
  57   1          SDA = 1; 
  58   1          somenop;
  59   1      }
  60          
  61          //等待应答
  62          bit IIC_WaitAck(void)
  63          {
  64   1          SDA = 1;
  65   1          somenop;
  66   1          SCL = 1;
  67   1          somenop;
  68   1          if(SDA)    
  69   1          {   
  70   2              SCL = 0;
  71   2              IIC_Stop();
  72   2              return 0;
  73   2          }
  74   1          else  
  75   1          { 
  76   2              SCL = 0;
  77   2              return 1;
  78   2          }
  79   1      }
  80          
  81          //通过I2C总线发送数据
  82          void IIC_SendByte(unsigned char byt)
  83          {
  84   1          unsigned char i;
  85   1          for(i=0;i<8;i++)
  86   1          {   
  87   2              if(byt&0x80) 
  88   2              {   
  89   3                  SDA = 1;
  90   3              }
  91   2              else 
  92   2              {
  93   3                  SDA = 0;
  94   3              }
  95   2              somenop;
  96   2              SCL = 1;
  97   2              byt <<= 1;
  98   2              somenop;
  99   2              SCL = 0;
 100   2          }
 101   1      }
 102          
 103          //从I2C总线上接收数据
 104          unsigned char IIC_RecByte(void)
 105          {
 106   1          unsigned char da;
 107   1          unsigned char i;
 108   1          
 109   1          for(i=0;i<8;i++)
 110   1          {   
 111   2              SCL = 1;
 112   2              somenop;
C51 COMPILER V9.54   IIC                                                                   05/01/2022 13:00:27 PAGE 3   

 113   2              da <<= 1;
 114   2              if(SDA) 
 115   2              da |= 0x01;
 116   2              SCL = 0;
 117   2              somenop;
 118   2          }
 119   1          return da;
 120   1      }
 121          unsigned char AD_Read(unsigned char add)
 122          {
 123   1          unsigned char temp;
 124   1      
 125   1          IIC_Start();
 126   1          IIC_SendByte(0x90);
 127   1          IIC_WaitAck();
 128   1          IIC_SendByte(add);
 129   1          IIC_WaitAck();
 130   1          IIC_Stop();
 131   1      
 132   1          IIC_Start();
 133   1          IIC_SendByte(0x91);
 134   1          IIC_WaitAck();
 135   1          
 136   1          temp=IIC_RecByte();
 137   1          IIC_Stop();
 138   1      
 139   1          return temp;
 140   1      }
C51 COMPILER V9.54   IIC                                                                   05/01/2022 13:00:27 PAGE 4   

ASSEMBLY LISTING OF GENERATED OBJECT CODE


             ; FUNCTION IIC_Start (BEGIN)
                                           ; SOURCE LINE # 23
                                           ; SOURCE LINE # 24
                                           ; SOURCE LINE # 25
0000 D2A1              SETB    SDA
                                           ; SOURCE LINE # 26
0002 D2A0              SETB    SCL
                                           ; SOURCE LINE # 27
0004 00                NOP     
0005 00                NOP     
0006 00                NOP     
0007 00                NOP     
0008 00                NOP     
0009 00                NOP     
000A 00                NOP     
000B 00                NOP     
000C 00                NOP     
000D 00                NOP     
000E 00                NOP     
000F 00                NOP     
0010 00                NOP     
0011 00                NOP     
0012 00                NOP     
0013 00                NOP     
0014 00                NOP     
0015 00                NOP     
0016 00                NOP     
0017 00                NOP     
0018 00                NOP     
0019 00                NOP     
001A 00                NOP     
001B 00                NOP     
001C 00                NOP     
001D 00                NOP     
001E 00                NOP     
001F 00                NOP     
0020 00                NOP     
0021 00                NOP     
0022 00                NOP     
0023 00                NOP     
0024 00                NOP     
0025 00                NOP     
0026 00                NOP     
0027 00                NOP     
0028 00                NOP     
0029 00                NOP     
002A 00                NOP     
002B 00                NOP     
002C 00                NOP     
002D 00                NOP     
002E 00                NOP     
002F 00                NOP     
0030 00                NOP     
0031 00                NOP     
0032 00                NOP     
0033 00                NOP     
0034 00                NOP     
0035 00                NOP     
                                           ; SOURCE LINE # 28
C51 COMPILER V9.54   IIC                                                                   05/01/2022 13:00:27 PAGE 5   

0036 C2A1              CLR     SDA
                                           ; SOURCE LINE # 29
0038 00                NOP     
0039 00                NOP     
003A 00                NOP     
003B 00                NOP     
003C 00                NOP     
003D 00                NOP     
003E 00                NOP     
003F 00                NOP     
0040 00                NOP     
0041 00                NOP     
0042 00                NOP     
0043 00                NOP     
0044 00                NOP     
0045 00                NOP     
0046 00                NOP     
0047 00                NOP     
0048 00                NOP     
0049 00                NOP     
004A 00                NOP     
004B 00                NOP     
004C 00                NOP     
004D 00                NOP     
004E 00                NOP     
004F 00                NOP     
0050 00                NOP     
0051 00                NOP     
0052 00                NOP     
0053 00                NOP     
0054 00                NOP     
0055 00                NOP     
0056 00                NOP     
0057 00                NOP     
0058 00                NOP     
0059 00                NOP     
005A 00                NOP     
005B 00                NOP     
005C 00                NOP     
005D 00                NOP     
005E 00                NOP     
005F 00                NOP     
0060 00                NOP     
0061 00                NOP     
0062 00                NOP     
0063 00                NOP     
0064 00                NOP     
0065 00                NOP     
0066 00                NOP     
0067 00                NOP     
0068 00                NOP     
0069 00                NOP     
                                           ; SOURCE LINE # 30
006A C2A0              CLR     SCL
                                           ; SOURCE LINE # 31
006C 22                RET     
             ; FUNCTION IIC_Start (END)

             ; FUNCTION IIC_Stop (BEGIN)
                                           ; SOURCE LINE # 34
                                           ; SOURCE LINE # 35
                                           ; SOURCE LINE # 36
C51 COMPILER V9.54   IIC                                                                   05/01/2022 13:00:27 PAGE 6   

0000 C2A1              CLR     SDA
                                           ; SOURCE LINE # 37
0002 D2A0              SETB    SCL
                                           ; SOURCE LINE # 38
0004 00                NOP     
0005 00                NOP     
0006 00                NOP     
0007 00                NOP     
0008 00                NOP     
0009 00                NOP     
000A 00                NOP     
000B 00                NOP     
000C 00                NOP     
000D 00                NOP     
000E 00                NOP     
000F 00                NOP     
0010 00                NOP     
0011 00                NOP     
0012 00                NOP     
0013 00                NOP     
0014 00                NOP     
0015 00                NOP     
0016 00                NOP     
0017 00                NOP     
0018 00                NOP     
0019 00                NOP     
001A 00                NOP     
001B 00                NOP     
001C 00                NOP     
001D 00                NOP     
001E 00                NOP     
001F 00                NOP     
0020 00                NOP     
0021 00                NOP     
0022 00                NOP     
0023 00                NOP     
0024 00                NOP     
0025 00                NOP     
0026 00                NOP     
0027 00                NOP     
0028 00                NOP     
0029 00                NOP     
002A 00                NOP     
002B 00                NOP     
002C 00                NOP     
002D 00                NOP     
002E 00                NOP     
002F 00                NOP     
0030 00                NOP     
0031 00                NOP     
0032 00                NOP     
0033 00                NOP     
0034 00                NOP     
0035 00                NOP     
                                           ; SOURCE LINE # 39
0036 D2A1              SETB    SDA
                                           ; SOURCE LINE # 40
0038 22                RET     
             ; FUNCTION IIC_Stop (END)

             ; FUNCTION IIC_Ack (BEGIN)
                                           ; SOURCE LINE # 43
C51 COMPILER V9.54   IIC                                                                   05/01/2022 13:00:27 PAGE 7   

                                           ; SOURCE LINE # 44
                                           ; SOURCE LINE # 45
0000 300004            JNB     ackbit,?C0003
                                           ; SOURCE LINE # 46
                                           ; SOURCE LINE # 47
0003 C2A1              CLR     SDA
                                           ; SOURCE LINE # 48
0005 8002              SJMP    ?C0004
0007         ?C0003:
                                           ; SOURCE LINE # 50
                                           ; SOURCE LINE # 51
0007 D2A1              SETB    SDA
                                           ; SOURCE LINE # 52
0009         ?C0004:
                                           ; SOURCE LINE # 53
0009 00                NOP     
000A 00                NOP     
000B 00                NOP     
000C 00                NOP     
000D 00                NOP     
000E 00                NOP     
000F 00                NOP     
0010 00                NOP     
0011 00                NOP     
0012 00                NOP     
0013 00                NOP     
0014 00                NOP     
0015 00                NOP     
0016 00                NOP     
0017 00                NOP     
0018 00                NOP     
0019 00                NOP     
001A 00                NOP     
001B 00                NOP     
001C 00                NOP     
001D 00                NOP     
001E 00                NOP     
001F 00                NOP     
0020 00                NOP     
0021 00                NOP     
0022 00                NOP     
0023 00                NOP     
0024 00                NOP     
0025 00                NOP     
0026 00                NOP     
0027 00                NOP     
0028 00                NOP     
0029 00                NOP     
002A 00                NOP     
002B 00                NOP     
002C 00                NOP     
002D 00                NOP     
002E 00                NOP     
002F 00                NOP     
0030 00                NOP     
0031 00                NOP     
0032 00                NOP     
0033 00                NOP     
0034 00                NOP     
0035 00                NOP     
0036 00                NOP     
0037 00                NOP     
C51 COMPILER V9.54   IIC                                                                   05/01/2022 13:00:27 PAGE 8   

0038 00                NOP     
0039 00                NOP     
003A 00                NOP     
                                           ; SOURCE LINE # 54
003B D2A0              SETB    SCL
                                           ; SOURCE LINE # 55
003D 00                NOP     
003E 00                NOP     
003F 00                NOP     
0040 00                NOP     
0041 00                NOP     
0042 00                NOP     
0043 00                NOP     
0044 00                NOP     
0045 00                NOP     
0046 00                NOP     
0047 00                NOP     
0048 00                NOP     
0049 00                NOP     
004A 00                NOP     
004B 00                NOP     
004C 00                NOP     
004D 00                NOP     
004E 00                NOP     
004F 00                NOP     
0050 00                NOP     
0051 00                NOP     
0052 00                NOP     
0053 00                NOP     
0054 00                NOP     
0055 00                NOP     
0056 00                NOP     
0057 00                NOP     
0058 00                NOP     
0059 00                NOP     
005A 00                NOP     
005B 00                NOP     
005C 00                NOP     
005D 00                NOP     
005E 00                NOP     
005F 00                NOP     
0060 00                NOP     
0061 00                NOP     
0062 00                NOP     
0063 00                NOP     
0064 00                NOP     
0065 00                NOP     
0066 00                NOP     
0067 00                NOP     
0068 00                NOP     
0069 00                NOP     
006A 00                NOP     
006B 00                NOP     
006C 00                NOP     
006D 00                NOP     
006E 00                NOP     
                                           ; SOURCE LINE # 56
006F C2A0              CLR     SCL
                                           ; SOURCE LINE # 57
0071 D2A1              SETB    SDA
                                           ; SOURCE LINE # 58
0073 00                NOP     
C51 COMPILER V9.54   IIC                                                                   05/01/2022 13:00:27 PAGE 9   

0074 00                NOP     
0075 00                NOP     
0076 00                NOP     
0077 00                NOP     
0078 00                NOP     
0079 00                NOP     
007A 00                NOP     
007B 00                NOP     
007C 00                NOP     
007D 00                NOP     
007E 00                NOP     
007F 00                NOP     
0080 00                NOP     
0081 00                NOP     
0082 00                NOP     
0083 00                NOP     
0084 00                NOP     
0085 00                NOP     
0086 00                NOP     
0087 00                NOP     
0088 00                NOP     
0089 00                NOP     
008A 00                NOP     
008B 00                NOP     
008C 00                NOP     
008D 00                NOP     
008E 00                NOP     
008F 00                NOP     
0090 00                NOP     
0091 00                NOP     
0092 00                NOP     
0093 00                NOP     
0094 00                NOP     
0095 00                NOP     
0096 00                NOP     
0097 00                NOP     
0098 00                NOP     
0099 00                NOP     
009A 00                NOP     
009B 00                NOP     
009C 00                NOP     
009D 00                NOP     
009E 00                NOP     
009F 00                NOP     
00A0 00                NOP     
00A1 00                NOP     
00A2 00                NOP     
00A3 00                NOP     
00A4 00                NOP     
                                           ; SOURCE LINE # 59
00A5 22                RET     
             ; FUNCTION IIC_Ack (END)

             ; FUNCTION L?0021 (BEGIN)
0000 120000      R     LCALL   _IIC_SendByte
             ; FUNCTION IIC_WaitAck (BEGIN)
                                           ; SOURCE LINE # 62
                                           ; SOURCE LINE # 63
                                           ; SOURCE LINE # 64
0003 D2A1              SETB    SDA
                                           ; SOURCE LINE # 65
0005 00                NOP     
C51 COMPILER V9.54   IIC                                                                   05/01/2022 13:00:27 PAGE 10  

0006 00                NOP     
0007 00                NOP     
0008 00                NOP     
0009 00                NOP     
000A 00                NOP     
000B 00                NOP     
000C 00                NOP     
000D 00                NOP     
000E 00                NOP     
000F 00                NOP     
0010 00                NOP     
0011 00                NOP     
0012 00                NOP     
0013 00                NOP     
0014 00                NOP     
0015 00                NOP     
0016 00                NOP     
0017 00                NOP     
0018 00                NOP     
0019 00                NOP     
001A 00                NOP     
001B 00                NOP     
001C 00                NOP     
001D 00                NOP     
001E 00                NOP     
001F 00                NOP     
0020 00                NOP     
0021 00                NOP     
0022 00                NOP     
0023 00                NOP     
0024 00                NOP     
0025 00                NOP     
0026 00                NOP     
0027 00                NOP     
0028 00                NOP     
0029 00                NOP     
002A 00                NOP     
002B 00                NOP     
002C 00                NOP     
002D 00                NOP     
002E 00                NOP     
002F 00                NOP     
0030 00                NOP     
0031 00                NOP     
0032 00                NOP     
0033 00                NOP     
0034 00                NOP     
0035 00                NOP     
0036 00                NOP     
                                           ; SOURCE LINE # 66
0037 D2A0              SETB    SCL
                                           ; SOURCE LINE # 67
0039 00                NOP     
003A 00                NOP     
003B 00                NOP     
003C 00                NOP     
003D 00                NOP     
003E 00                NOP     
003F 00                NOP     
0040 00                NOP     
0041 00                NOP     
0042 00                NOP     
C51 COMPILER V9.54   IIC                                                                   05/01/2022 13:00:27 PAGE 11  

0043 00                NOP     
0044 00                NOP     
0045 00                NOP     
0046 00                NOP     
0047 00                NOP     
0048 00                NOP     
0049 00                NOP     
004A 00                NOP     
004B 00                NOP     
004C 00                NOP     
004D 00                NOP     
004E 00                NOP     
004F 00                NOP     
0050 00                NOP     
0051 00                NOP     
0052 00                NOP     
0053 00                NOP     
0054 00                NOP     
0055 00                NOP     
0056 00                NOP     
0057 00                NOP     
0058 00                NOP     
0059 00                NOP     
005A 00                NOP     
005B 00                NOP     
005C 00                NOP     
005D 00                NOP     
005E 00                NOP     
005F 00                NOP     
0060 00                NOP     
0061 00                NOP     
0062 00                NOP     
0063 00                NOP     
0064 00                NOP     
0065 00                NOP     
0066 00                NOP     
0067 00                NOP     
0068 00                NOP     
0069 00                NOP     
006A 00                NOP     
                                           ; SOURCE LINE # 68
006B 30A107            JNB     SDA,?C0006
                                           ; SOURCE LINE # 69
                                           ; SOURCE LINE # 70
006E C2A0              CLR     SCL
                                           ; SOURCE LINE # 71
0070 120000      R     LCALL   IIC_Stop
                                           ; SOURCE LINE # 72
0073 C3                CLR     C
0074 22                RET     
                                           ; SOURCE LINE # 73
0075         ?C0006:
                                           ; SOURCE LINE # 75
                                           ; SOURCE LINE # 76
0075 C2A0              CLR     SCL
                                           ; SOURCE LINE # 77
0077 D3                SETB    C
                                           ; SOURCE LINE # 78
                                           ; SOURCE LINE # 79
0078         ?C0007:
0078 22                RET     
             ; FUNCTION IIC_WaitAck (END)
C51 COMPILER V9.54   IIC                                                                   05/01/2022 13:00:27 PAGE 12  


             ; FUNCTION _IIC_SendByte (BEGIN)
                                           ; SOURCE LINE # 82
;---- Variable 'byt' assigned to Register 'R7' ----
                                           ; SOURCE LINE # 83
                                           ; SOURCE LINE # 85
;---- Variable 'i' assigned to Register 'R6' ----
0000 E4                CLR     A
0001 FE                MOV     R6,A
0002         ?C0009:
                                           ; SOURCE LINE # 86
                                           ; SOURCE LINE # 87
0002 EF                MOV     A,R7
0003 30E704            JNB     ACC.7,?C0012
                                           ; SOURCE LINE # 88
                                           ; SOURCE LINE # 89
0006 D2A1              SETB    SDA
                                           ; SOURCE LINE # 90
0008 8002              SJMP    ?C0013
000A         ?C0012:
                                           ; SOURCE LINE # 92
                                           ; SOURCE LINE # 93
000A C2A1              CLR     SDA
                                           ; SOURCE LINE # 94
000C         ?C0013:
                                           ; SOURCE LINE # 95
000C 00                NOP     
000D 00                NOP     
000E 00                NOP     
000F 00                NOP     
0010 00                NOP     
0011 00                NOP     
0012 00                NOP     
0013 00                NOP     
0014 00                NOP     
0015 00                NOP     
0016 00                NOP     
0017 00                NOP     
0018 00                NOP     
0019 00                NOP     
001A 00                NOP     
001B 00                NOP     
001C 00                NOP     
001D 00                NOP     
001E 00                NOP     
001F 00                NOP     
0020 00                NOP     
0021 00                NOP     
0022 00                NOP     
0023 00                NOP     
0024 00                NOP     
0025 00                NOP     
0026 00                NOP     
0027 00                NOP     
0028 00                NOP     
0029 00                NOP     
002A 00                NOP     
002B 00                NOP     
002C 00                NOP     
002D 00                NOP     
002E 00                NOP     
002F 00                NOP     
C51 COMPILER V9.54   IIC                                                                   05/01/2022 13:00:27 PAGE 13  

0030 00                NOP     
0031 00                NOP     
0032 00                NOP     
0033 00                NOP     
0034 00                NOP     
0035 00                NOP     
0036 00                NOP     
0037 00                NOP     
0038 00                NOP     
0039 00                NOP     
003A 00                NOP     
003B 00                NOP     
003C 00                NOP     
003D 00                NOP     
                                           ; SOURCE LINE # 96
003E D2A0              SETB    SCL
                                           ; SOURCE LINE # 97
0040 EF                MOV     A,R7
0041 25E0              ADD     A,ACC
0043 FF                MOV     R7,A
                                           ; SOURCE LINE # 98
0044 00                NOP     
0045 00                NOP     
0046 00                NOP     
0047 00                NOP     
0048 00                NOP     
0049 00                NOP     
004A 00                NOP     
004B 00                NOP     
004C 00                NOP     
004D 00                NOP     
004E 00                NOP     
004F 00                NOP     
0050 00                NOP     
0051 00                NOP     
0052 00                NOP     
0053 00                NOP     
0054 00                NOP     
0055 00                NOP     
0056 00                NOP     
0057 00                NOP     
0058 00                NOP     
0059 00                NOP     
005A 00                NOP     
005B 00                NOP     
005C 00                NOP     
005D 00                NOP     
005E 00                NOP     
005F 00                NOP     
0060 00                NOP     
0061 00                NOP     
0062 00                NOP     
0063 00                NOP     
0064 00                NOP     
0065 00                NOP     
0066 00                NOP     
0067 00                NOP     
0068 00                NOP     
0069 00                NOP     
006A 00                NOP     
006B 00                NOP     
006C 00                NOP     
C51 COMPILER V9.54   IIC                                                                   05/01/2022 13:00:27 PAGE 14  

006D 00                NOP     
006E 00                NOP     
006F 00                NOP     
0070 00                NOP     
0071 00                NOP     
0072 00                NOP     
0073 00                NOP     
0074 00                NOP     
0075 00                NOP     
                                           ; SOURCE LINE # 99
0076 C2A0              CLR     SCL
                                           ; SOURCE LINE # 100
0078 0E                INC     R6
0079 BE0886            CJNE    R6,#08H,?C0009
                                           ; SOURCE LINE # 101
007C         ?C0014:
007C 22                RET     
             ; FUNCTION _IIC_SendByte (END)

             ; FUNCTION IIC_RecByte (BEGIN)
                                           ; SOURCE LINE # 104
;---- Variable 'da' assigned to Register 'R7' ----
                                           ; SOURCE LINE # 105
                                           ; SOURCE LINE # 109
;---- Variable 'i' assigned to Register 'R6' ----
0000 E4                CLR     A
0001 FE                MOV     R6,A
0002         ?C0015:
                                           ; SOURCE LINE # 110
                                           ; SOURCE LINE # 111
0002 D2A0              SETB    SCL
                                           ; SOURCE LINE # 112
0004 00                NOP     
0005 00                NOP     
0006 00                NOP     
0007 00                NOP     
0008 00                NOP     
0009 00                NOP     
000A 00                NOP     
000B 00                NOP     
000C 00                NOP     
000D 00                NOP     
000E 00                NOP     
000F 00                NOP     
0010 00                NOP     
0011 00                NOP     
0012 00                NOP     
0013 00                NOP     
0014 00                NOP     
0015 00                NOP     
0016 00                NOP     
0017 00                NOP     
0018 00                NOP     
0019 00                NOP     
001A 00                NOP     
001B 00                NOP     
001C 00                NOP     
001D 00                NOP     
001E 00                NOP     
001F 00                NOP     
0020 00                NOP     
0021 00                NOP     
C51 COMPILER V9.54   IIC                                                                   05/01/2022 13:00:27 PAGE 15  

0022 00                NOP     
0023 00                NOP     
0024 00                NOP     
0025 00                NOP     
0026 00                NOP     
0027 00                NOP     
0028 00                NOP     
0029 00                NOP     
002A 00                NOP     
002B 00                NOP     
002C 00                NOP     
002D 00                NOP     
002E 00                NOP     
002F 00                NOP     
0030 00                NOP     
0031 00                NOP     
0032 00                NOP     
0033 00                NOP     
0034 00                NOP     
0035 00                NOP     
                                           ; SOURCE LINE # 113
0036 EF                MOV     A,R7
0037 25E0              ADD     A,ACC
0039 FF                MOV     R7,A
                                           ; SOURCE LINE # 114
003A 30A103            JNB     SDA,?C0018
                                           ; SOURCE LINE # 115
003D 430701            ORL     AR7,#01H
0040         ?C0018:
                                           ; SOURCE LINE # 116
0040 C2A0              CLR     SCL
                                           ; SOURCE LINE # 117
0042 00                NOP     
0043 00                NOP     
0044 00                NOP     
0045 00                NOP     
0046 00                NOP     
0047 00                NOP     
0048 00                NOP     
0049 00                NOP     
004A 00                NOP     
004B 00                NOP     
004C 00                NOP     
004D 00                NOP     
004E 00                NOP     
004F 00                NOP     
0050 00                NOP     
0051 00                NOP     
0052 00                NOP     
0053 00                NOP     
0054 00                NOP     
0055 00                NOP     
0056 00                NOP     
0057 00                NOP     
0058 00                NOP     
0059 00                NOP     
005A 00                NOP     
005B 00                NOP     
005C 00                NOP     
005D 00                NOP     
005E 00                NOP     
005F 00                NOP     
C51 COMPILER V9.54   IIC                                                                   05/01/2022 13:00:27 PAGE 16  

0060 00                NOP     
0061 00                NOP     
0062 00                NOP     
0063 00                NOP     
0064 00                NOP     
0065 00                NOP     
0066 00                NOP     
0067 00                NOP     
0068 00                NOP     
0069 00                NOP     
006A 00                NOP     
006B 00                NOP     
006C 00                NOP     
006D 00                NOP     
006E 00                NOP     
006F 00                NOP     
0070 00                NOP     
0071 00                NOP     
0072 00                NOP     
0073 00                NOP     
                                           ; SOURCE LINE # 118
0074 0E                INC     R6
0075 BE088A            CJNE    R6,#08H,?C0015
0078         ?C0016:
                                           ; SOURCE LINE # 119
                                           ; SOURCE LINE # 120
0078         ?C0019:
0078 22                RET     
             ; FUNCTION IIC_RecByte (END)

             ; FUNCTION _AD_Read (BEGIN)
                                           ; SOURCE LINE # 121
;---- Variable 'add' assigned to Register 'R5' ----
0000 AD07              MOV     R5,AR7
                                           ; SOURCE LINE # 122
                                           ; SOURCE LINE # 125
0002 120000      R     LCALL   IIC_Start
                                           ; SOURCE LINE # 126
0005 7F90              MOV     R7,#090H
                                           ; SOURCE LINE # 127
0007 120000      R     LCALL   L?0021
                                           ; SOURCE LINE # 128
000A AF05              MOV     R7,AR5
                                           ; SOURCE LINE # 129
000C 120000      R     LCALL   L?0021
                                           ; SOURCE LINE # 130
000F 120000      R     LCALL   IIC_Stop
                                           ; SOURCE LINE # 132
0012 120000      R     LCALL   IIC_Start
                                           ; SOURCE LINE # 133
0015 7F91              MOV     R7,#091H
0017 120000      R     LCALL   _IIC_SendByte
                                           ; SOURCE LINE # 134
001A 120000      R     LCALL   IIC_WaitAck
                                           ; SOURCE LINE # 136
001D 120000      R     LCALL   IIC_RecByte
;---- Variable 'temp' assigned to Register 'R7' ----
                                           ; SOURCE LINE # 137
0020 120000      R     LCALL   IIC_Stop
                                           ; SOURCE LINE # 139
                                           ; SOURCE LINE # 140
0023         ?C0020:
C51 COMPILER V9.54   IIC                                                                   05/01/2022 13:00:27 PAGE 17  

0023 22                RET     
             ; FUNCTION _AD_Read (END)

C51 COMPILER V9.54   IIC                                                                   05/01/2022 13:00:27 PAGE 18  

NAME                                    CLASS   MSPACE  TYPE    OFFSET  SIZE
====                                    =====   ======  ====    ======  ====


CCF2 . . . . . . . . . . . . . . . . .  ABSBIT   -----  BIT      00DAH  1
P1M0 . . . . . . . . . . . . . . . . .  SFR      DATA   U_CHAR   0092H  1
P0M1 . . . . . . . . . . . . . . . . .  SFR      DATA   U_CHAR   0093H  1
P2M0 . . . . . . . . . . . . . . . . .  SFR      DATA   U_CHAR   0096H  1
P1M1 . . . . . . . . . . . . . . . . .  SFR      DATA   U_CHAR   0091H  1
P0 . . . . . . . . . . . . . . . . . .  SFR      DATA   U_CHAR   0080H  1
P3M0 . . . . . . . . . . . . . . . . .  SFR      DATA   U_CHAR   00B2H  1
P2M1 . . . . . . . . . . . . . . . . .  SFR      DATA   U_CHAR   0095H  1
P1 . . . . . . . . . . . . . . . . . .  SFR      DATA   U_CHAR   0090H  1
P4M0 . . . . . . . . . . . . . . . . .  SFR      DATA   U_CHAR   00B4H  1
P3M1 . . . . . . . . . . . . . . . . .  SFR      DATA   U_CHAR   00B1H  1
P2 . . . . . . . . . . . . . . . . . .  SFR      DATA   U_CHAR   00A0H  1
WKTCH. . . . . . . . . . . . . . . . .  SFR      DATA   U_CHAR   00ABH  1
P5M0 . . . . . . . . . . . . . . . . .  SFR      DATA   U_CHAR   00CAH  1
P4M1 . . . . . . . . . . . . . . . . .  SFR      DATA   U_CHAR   00B3H  1
P3 . . . . . . . . . . . . . . . . . .  SFR      DATA   U_CHAR   00B0H  1
P6M0 . . . . . . . . . . . . . . . . .  SFR      DATA   U_CHAR   00CCH  1
P5M1 . . . . . . . . . . . . . . . . .  SFR      DATA   U_CHAR   00C9H  1
P4 . . . . . . . . . . . . . . . . . .  SFR      DATA   U_CHAR   00C0H  1
AC . . . . . . . . . . . . . . . . . .  ABSBIT   -----  BIT      00D6H  1
PWMIF. . . . . . . . . . . . . . . . .  SFR      DATA   U_CHAR   00F6H  1
P7M0 . . . . . . . . . . . . . . . . .  SFR      DATA   U_CHAR   00E2H  1
P6M1 . . . . . . . . . . . . . . . . .  SFR      DATA   U_CHAR   00CBH  1
P5 . . . . . . . . . . . . . . . . . .  SFR      DATA   U_CHAR   00C8H  1
EA . . . . . . . . . . . . . . . . . .  ABSBIT   -----  BIT      00AFH  1
P7M1 . . . . . . . . . . . . . . . . .  SFR      DATA   U_CHAR   00E1H  1
P6 . . . . . . . . . . . . . . . . . .  SFR      DATA   U_CHAR   00E8H  1
WKTCL. . . . . . . . . . . . . . . . .  SFR      DATA   U_CHAR   00AAH  1
P7 . . . . . . . . . . . . . . . . . .  SFR      DATA   U_CHAR   00F8H  1
SPCTL. . . . . . . . . . . . . . . . .  SFR      DATA   U_CHAR   00CEH  1
CF . . . . . . . . . . . . . . . . . .  ABSBIT   -----  BIT      00DFH  1
PWMCR. . . . . . . . . . . . . . . . .  SFR      DATA   U_CHAR   00F5H  1
CH . . . . . . . . . . . . . . . . . .  SFR      DATA   U_CHAR   00F9H  1
P_SW1. . . . . . . . . . . . . . . . .  SFR      DATA   U_CHAR   00A2H  1
P_SW2. . . . . . . . . . . . . . . . .  SFR      DATA   U_CHAR   00BAH  1
EADC . . . . . . . . . . . . . . . . .  ABSBIT   -----  BIT      00ADH  1
IE . . . . . . . . . . . . . . . . . .  SFR      DATA   U_CHAR   00A8H  1
CL . . . . . . . . . . . . . . . . . .  SFR      DATA   U_CHAR   00E9H  1
IAP_CMD. . . . . . . . . . . . . . . .  SFR      DATA   U_CHAR   00C5H  1
CCAP0H . . . . . . . . . . . . . . . .  SFR      DATA   U_CHAR   00FAH  1
CCAP1H . . . . . . . . . . . . . . . .  SFR      DATA   U_CHAR   00FBH  1
CCAP2H . . . . . . . . . . . . . . . .  SFR      DATA   U_CHAR   00FCH  1
ADC_RES. . . . . . . . . . . . . . . .  SFR      DATA   U_CHAR   00BDH  1
CCAP0L . . . . . . . . . . . . . . . .  SFR      DATA   U_CHAR   00EAH  1
CR . . . . . . . . . . . . . . . . . .  ABSBIT   -----  BIT      00DEH  1
PWMFDCR. . . . . . . . . . . . . . . .  SFR      DATA   U_CHAR   00F7H  1
CCAP1L . . . . . . . . . . . . . . . .  SFR      DATA   U_CHAR   00EBH  1
CCAPM0 . . . . . . . . . . . . . . . .  SFR      DATA   U_CHAR   00DAH  1
CCAP2L . . . . . . . . . . . . . . . .  SFR      DATA   U_CHAR   00ECH  1
CCAPM1 . . . . . . . . . . . . . . . .  SFR      DATA   U_CHAR   00DBH  1
CCAPM2 . . . . . . . . . . . . . . . .  SFR      DATA   U_CHAR   00DCH  1
ES . . . . . . . . . . . . . . . . . .  ABSBIT   -----  BIT      00ACH  1
PADC . . . . . . . . . . . . . . . . .  ABSBIT   -----  BIT      00BDH  1
IP . . . . . . . . . . . . . . . . . .  SFR      DATA   U_CHAR   00B8H  1
RI . . . . . . . . . . . . . . . . . .  ABSBIT   -----  BIT      0098H  1
CY . . . . . . . . . . . . . . . . . .  ABSBIT   -----  BIT      00D7H  1
TI . . . . . . . . . . . . . . . . . .  ABSBIT   -----  BIT      0099H  1
C51 COMPILER V9.54   IIC                                                                   05/01/2022 13:00:27 PAGE 19  

NAME                                    CLASS   MSPACE  TYPE    OFFSET  SIZE
====                                    =====   ======  ====    ======  ====


CLK_DIV. . . . . . . . . . . . . . . .  SFR      DATA   U_CHAR   0097H  1
IAP_ADDRH. . . . . . . . . . . . . . .  SFR      DATA   U_CHAR   00C3H  1
PS . . . . . . . . . . . . . . . . . .  ABSBIT   -----  BIT      00BCH  1
SP . . . . . . . . . . . . . . . . . .  SFR      DATA   U_CHAR   0081H  1
CMOD . . . . . . . . . . . . . . . . .  SFR      DATA   U_CHAR   00D9H  1
CCON . . . . . . . . . . . . . . . . .  SFR      DATA   U_CHAR   00D8H  1
IAP_ADDRL. . . . . . . . . . . . . . .  SFR      DATA   U_CHAR   00C4H  1
PPCA . . . . . . . . . . . . . . . . .  ABSBIT   -----  BIT      00BFH  1
OV . . . . . . . . . . . . . . . . . .  ABSBIT   -----  BIT      00D2H  1
CMPCR1 . . . . . . . . . . . . . . . .  SFR      DATA   U_CHAR   00E6H  1
CMPCR2 . . . . . . . . . . . . . . . .  SFR      DATA   U_CHAR   00E7H  1
ELVD . . . . . . . . . . . . . . . . .  ABSBIT   -----  BIT      00AEH  1
P00. . . . . . . . . . . . . . . . . .  ABSBIT   -----  BIT      0080H  1
ADC_CONTR. . . . . . . . . . . . . . .  SFR      DATA   U_CHAR   00BCH  1
SBUF . . . . . . . . . . . . . . . . .  SFR      DATA   U_CHAR   0099H  1
PCON . . . . . . . . . . . . . . . . .  SFR      DATA   U_CHAR   0087H  1
P10. . . . . . . . . . . . . . . . . .  ABSBIT   -----  BIT      0090H  1
P01. . . . . . . . . . . . . . . . . .  ABSBIT   -----  BIT      0081H  1
P20. . . . . . . . . . . . . . . . . .  ABSBIT   -----  BIT      00A0H  1
P11. . . . . . . . . . . . . . . . . .  ABSBIT   -----  BIT      0091H  1
P02. . . . . . . . . . . . . . . . . .  ABSBIT   -----  BIT      0082H  1
P30. . . . . . . . . . . . . . . . . .  ABSBIT   -----  BIT      00B0H  1
P21. . . . . . . . . . . . . . . . . .  ABSBIT   -----  BIT      00A1H  1
P12. . . . . . . . . . . . . . . . . .  ABSBIT   -----  BIT      0092H  1
P03. . . . . . . . . . . . . . . . . .  ABSBIT   -----  BIT      0083H  1
SCON . . . . . . . . . . . . . . . . .  SFR      DATA   U_CHAR   0098H  1
P40. . . . . . . . . . . . . . . . . .  ABSBIT   -----  BIT      00C0H  1
P31. . . . . . . . . . . . . . . . . .  ABSBIT   -----  BIT      00B1H  1
P22. . . . . . . . . . . . . . . . . .  ABSBIT   -----  BIT      00A2H  1
P13. . . . . . . . . . . . . . . . . .  ABSBIT   -----  BIT      0093H  1
P04. . . . . . . . . . . . . . . . . .  ABSBIT   -----  BIT      0084H  1
TMOD . . . . . . . . . . . . . . . . .  SFR      DATA   U_CHAR   0089H  1
TCON . . . . . . . . . . . . . . . . .  SFR      DATA   U_CHAR   0088H  1
P50. . . . . . . . . . . . . . . . . .  ABSBIT   -----  BIT      00C8H  1
P41. . . . . . . . . . . . . . . . . .  ABSBIT   -----  BIT      00C1H  1
P32. . . . . . . . . . . . . . . . . .  ABSBIT   -----  BIT      00B2H  1
P23. . . . . . . . . . . . . . . . . .  ABSBIT   -----  BIT      00A3H  1
P14. . . . . . . . . . . . . . . . . .  ABSBIT   -----  BIT      0094H  1
P05. . . . . . . . . . . . . . . . . .  ABSBIT   -----  BIT      0085H  1
P60. . . . . . . . . . . . . . . . . .  ABSBIT   -----  BIT      00E8H  1
P51. . . . . . . . . . . . . . . . . .  ABSBIT   -----  BIT      00C9H  1
P42. . . . . . . . . . . . . . . . . .  ABSBIT   -----  BIT      00C2H  1
P33. . . . . . . . . . . . . . . . . .  ABSBIT   -----  BIT      00B3H  1
P24. . . . . . . . . . . . . . . . . .  ABSBIT   -----  BIT      00A4H  1
P15. . . . . . . . . . . . . . . . . .  ABSBIT   -----  BIT      0095H  1
P06. . . . . . . . . . . . . . . . . .  ABSBIT   -----  BIT      0086H  1
PLVD . . . . . . . . . . . . . . . . .  ABSBIT   -----  BIT      00BEH  1
P70. . . . . . . . . . . . . . . . . .  ABSBIT   -----  BIT      00F8H  1
P61. . . . . . . . . . . . . . . . . .  ABSBIT   -----  BIT      00E9H  1
P52. . . . . . . . . . . . . . . . . .  ABSBIT   -----  BIT      00CAH  1
P43. . . . . . . . . . . . . . . . . .  ABSBIT   -----  BIT      00C3H  1
P34. . . . . . . . . . . . . . . . . .  ABSBIT   -----  BIT      00B4H  1
P25. . . . . . . . . . . . . . . . . .  ABSBIT   -----  BIT      00A5H  1
P16. . . . . . . . . . . . . . . . . .  ABSBIT   -----  BIT      0096H  1
P07. . . . . . . . . . . . . . . . . .  ABSBIT   -----  BIT      0087H  1
P71. . . . . . . . . . . . . . . . . .  ABSBIT   -----  BIT      00F9H  1
P62. . . . . . . . . . . . . . . . . .  ABSBIT   -----  BIT      00EAH  1
C51 COMPILER V9.54   IIC                                                                   05/01/2022 13:00:27 PAGE 20  

NAME                                    CLASS   MSPACE  TYPE    OFFSET  SIZE
====                                    =====   ======  ====    ======  ====


P53. . . . . . . . . . . . . . . . . .  ABSBIT   -----  BIT      00CBH  1
P44. . . . . . . . . . . . . . . . . .  ABSBIT   -----  BIT      00C4H  1
P35. . . . . . . . . . . . . . . . . .  ABSBIT   -----  BIT      00B5H  1
P26. . . . . . . . . . . . . . . . . .  ABSBIT   -----  BIT      00A6H  1
P17. . . . . . . . . . . . . . . . . .  ABSBIT   -----  BIT      0097H  1
P72. . . . . . . . . . . . . . . . . .  ABSBIT   -----  BIT      00FAH  1
P63. . . . . . . . . . . . . . . . . .  ABSBIT   -----  BIT      00EBH  1
P54. . . . . . . . . . . . . . . . . .  ABSBIT   -----  BIT      00CCH  1
P45. . . . . . . . . . . . . . . . . .  ABSBIT   -----  BIT      00C5H  1
P36. . . . . . . . . . . . . . . . . .  ABSBIT   -----  BIT      00B6H  1
P27. . . . . . . . . . . . . . . . . .  ABSBIT   -----  BIT      00A7H  1
P73. . . . . . . . . . . . . . . . . .  ABSBIT   -----  BIT      00FBH  1
P64. . . . . . . . . . . . . . . . . .  ABSBIT   -----  BIT      00ECH  1
P55. . . . . . . . . . . . . . . . . .  ABSBIT   -----  BIT      00CDH  1
P46. . . . . . . . . . . . . . . . . .  ABSBIT   -----  BIT      00C6H  1
P37. . . . . . . . . . . . . . . . . .  ABSBIT   -----  BIT      00B7H  1
P74. . . . . . . . . . . . . . . . . .  ABSBIT   -----  BIT      00FCH  1
P65. . . . . . . . . . . . . . . . . .  ABSBIT   -----  BIT      00EDH  1
P56. . . . . . . . . . . . . . . . . .  ABSBIT   -----  BIT      00CEH  1
P47. . . . . . . . . . . . . . . . . .  ABSBIT   -----  BIT      00C7H  1
P75. . . . . . . . . . . . . . . . . .  ABSBIT   -----  BIT      00FDH  1
P66. . . . . . . . . . . . . . . . . .  ABSBIT   -----  BIT      00EEH  1
P57. . . . . . . . . . . . . . . . . .  ABSBIT   -----  BIT      00CFH  1
P76. . . . . . . . . . . . . . . . . .  ABSBIT   -----  BIT      00FEH  1
P67. . . . . . . . . . . . . . . . . .  ABSBIT   -----  BIT      00EFH  1
IE0. . . . . . . . . . . . . . . . . .  ABSBIT   -----  BIT      0089H  1
BUS_SPEED. . . . . . . . . . . . . . .  SFR      DATA   U_CHAR   00A1H  1
P77. . . . . . . . . . . . . . . . . .  ABSBIT   -----  BIT      00FFH  1
IE1. . . . . . . . . . . . . . . . . .  ABSBIT   -----  BIT      008BH  1
IE2. . . . . . . . . . . . . . . . . .  SFR      DATA   U_CHAR   00AFH  1
AUXR . . . . . . . . . . . . . . . . .  SFR      DATA   U_CHAR   008EH  1
B. . . . . . . . . . . . . . . . . . .  SFR      DATA   U_CHAR   00F0H  1
IAP_CONTR. . . . . . . . . . . . . . .  SFR      DATA   U_CHAR   00C7H  1
IIC_Ack. . . . . . . . . . . . . . . .  PUBLIC   CODE   PROC     0000H  -----
  ackbit . . . . . . . . . . . . . . .  AUTO     DATA   BIT      0000H  1
PWMCFG . . . . . . . . . . . . . . . .  SFR      DATA   U_CHAR   00F1H  1
IIC_Start. . . . . . . . . . . . . . .  PUBLIC   CODE   PROC     0000H  -----
ACC. . . . . . . . . . . . . . . . . .  SFR      DATA   U_CHAR   00E0H  1
ET0. . . . . . . . . . . . . . . . . .  ABSBIT   -----  BIT      00A9H  1
TF0. . . . . . . . . . . . . . . . . .  ABSBIT   -----  BIT      008DH  1
ET1. . . . . . . . . . . . . . . . . .  ABSBIT   -----  BIT      00ABH  1
TF1. . . . . . . . . . . . . . . . . .  ABSBIT   -----  BIT      008FH  1
IP2. . . . . . . . . . . . . . . . . .  SFR      DATA   U_CHAR   00B5H  1
RB8. . . . . . . . . . . . . . . . . .  ABSBIT   -----  BIT      009AH  1
TH0. . . . . . . . . . . . . . . . . .  SFR      DATA   U_CHAR   008CH  1
TH1. . . . . . . . . . . . . . . . . .  SFR      DATA   U_CHAR   008DH  1
IT0. . . . . . . . . . . . . . . . . .  ABSBIT   -----  BIT      0088H  1
EX0. . . . . . . . . . . . . . . . . .  ABSBIT   -----  BIT      00A8H  1
TB8. . . . . . . . . . . . . . . . . .  ABSBIT   -----  BIT      009BH  1
T2H. . . . . . . . . . . . . . . . . .  SFR      DATA   U_CHAR   00D6H  1
IT1. . . . . . . . . . . . . . . . . .  ABSBIT   -----  BIT      008AH  1
EX1. . . . . . . . . . . . . . . . . .  ABSBIT   -----  BIT      00AAH  1
T3H. . . . . . . . . . . . . . . . . .  SFR      DATA   U_CHAR   00D4H  1
P. . . . . . . . . . . . . . . . . . .  ABSBIT   -----  BIT      00D0H  1
SM0. . . . . . . . . . . . . . . . . .  ABSBIT   -----  BIT      009FH  1
T4H. . . . . . . . . . . . . . . . . .  SFR      DATA   U_CHAR   00D2H  1
TL0. . . . . . . . . . . . . . . . . .  SFR      DATA   U_CHAR   008AH  1
C51 COMPILER V9.54   IIC                                                                   05/01/2022 13:00:27 PAGE 21  

NAME                                    CLASS   MSPACE  TYPE    OFFSET  SIZE
====                                    =====   ======  ====    ======  ====


SM1. . . . . . . . . . . . . . . . . .  ABSBIT   -----  BIT      009EH  1
TL1. . . . . . . . . . . . . . . . . .  SFR      DATA   U_CHAR   008BH  1
SM2. . . . . . . . . . . . . . . . . .  ABSBIT   -----  BIT      009DH  1
T2L. . . . . . . . . . . . . . . . . .  SFR      DATA   U_CHAR   00D7H  1
T3L. . . . . . . . . . . . . . . . . .  SFR      DATA   U_CHAR   00D5H  1
T4L. . . . . . . . . . . . . . . . . .  SFR      DATA   U_CHAR   00D3H  1
PT0. . . . . . . . . . . . . . . . . .  ABSBIT   -----  BIT      00B9H  1
PT1. . . . . . . . . . . . . . . . . .  ABSBIT   -----  BIT      00BBH  1
RS0. . . . . . . . . . . . . . . . . .  ABSBIT   -----  BIT      00D3H  1
IAP_DATA . . . . . . . . . . . . . . .  SFR      DATA   U_CHAR   00C2H  1
TR0. . . . . . . . . . . . . . . . . .  ABSBIT   -----  BIT      008CH  1
RS1. . . . . . . . . . . . . . . . . .  ABSBIT   -----  BIT      00D4H  1
TR1. . . . . . . . . . . . . . . . . .  ABSBIT   -----  BIT      008EH  1
SDA. . . . . . . . . . . . . . . . . .  ABSBIT   -----  BIT      00A1H  1
WDT_CONTR. . . . . . . . . . . . . . .  SFR      DATA   U_CHAR   00C1H  1
PX0. . . . . . . . . . . . . . . . . .  ABSBIT   -----  BIT      00B8H  1
_IIC_SendByte. . . . . . . . . . . . .  PUBLIC   CODE   PROC     0000H  -----
  byt. . . . . . . . . . . . . . . . .  * REG *  DATA   U_CHAR   0007H  1
  i. . . . . . . . . . . . . . . . . .  * REG *  DATA   U_CHAR   0006H  1
PX1. . . . . . . . . . . . . . . . . .  ABSBIT   -----  BIT      00BAH  1
PCA_PWM0 . . . . . . . . . . . . . . .  SFR      DATA   U_CHAR   00F2H  1
PCA_PWM1 . . . . . . . . . . . . . . .  SFR      DATA   U_CHAR   00F3H  1
PCA_PWM2 . . . . . . . . . . . . . . .  SFR      DATA   U_CHAR   00F4H  1
P1ASF. . . . . . . . . . . . . . . . .  SFR      DATA   U_CHAR   009DH  1
DPH. . . . . . . . . . . . . . . . . .  SFR      DATA   U_CHAR   0083H  1
T3T4M. . . . . . . . . . . . . . . . .  SFR      DATA   U_CHAR   00D1H  1
T4T3M. . . . . . . . . . . . . . . . .  SFR      DATA   U_CHAR   00D1H  1
IIC_WaitAck. . . . . . . . . . . . . .  PUBLIC   CODE   PROC     0003H  -----
IIC_Stop . . . . . . . . . . . . . . .  PUBLIC   CODE   PROC     0000H  -----
ADC_RESL . . . . . . . . . . . . . . .  SFR      DATA   U_CHAR   00BEH  1
DPL. . . . . . . . . . . . . . . . . .  SFR      DATA   U_CHAR   0082H  1
SPSTAT . . . . . . . . . . . . . . . .  SFR      DATA   U_CHAR   00CDH  1
SCL. . . . . . . . . . . . . . . . . .  ABSBIT   -----  BIT      00A0H  1
_AD_Read . . . . . . . . . . . . . . .  PUBLIC   CODE   PROC     0000H  -----
  add. . . . . . . . . . . . . . . . .  * REG *  DATA   U_CHAR   0005H  1
  temp . . . . . . . . . . . . . . . .  * REG *  DATA   U_CHAR   0007H  1
S2BUF. . . . . . . . . . . . . . . . .  SFR      DATA   U_CHAR   009BH  1
S3BUF. . . . . . . . . . . . . . . . .  SFR      DATA   U_CHAR   00ADH  1
S4BUF. . . . . . . . . . . . . . . . .  SFR      DATA   U_CHAR   0085H  1
REN. . . . . . . . . . . . . . . . . .  ABSBIT   -----  BIT      009CH  1
S2CON. . . . . . . . . . . . . . . . .  SFR      DATA   U_CHAR   009AH  1
S3CON. . . . . . . . . . . . . . . . .  SFR      DATA   U_CHAR   00ACH  1
IIC_RecByte. . . . . . . . . . . . . .  PUBLIC   CODE   PROC     0000H  -----
  da . . . . . . . . . . . . . . . . .  * REG *  DATA   U_CHAR   0007H  1
  i. . . . . . . . . . . . . . . . . .  * REG *  DATA   U_CHAR   0006H  1
S4CON. . . . . . . . . . . . . . . . .  SFR      DATA   U_CHAR   0084H  1
SADEN. . . . . . . . . . . . . . . . .  SFR      DATA   U_CHAR   00B9H  1
SADDR. . . . . . . . . . . . . . . . .  SFR      DATA   U_CHAR   00A9H  1
IAP_TRIG . . . . . . . . . . . . . . .  SFR      DATA   U_CHAR   00C6H  1
AUXR1. . . . . . . . . . . . . . . . .  SFR      DATA   U_CHAR   00A2H  1
F0 . . . . . . . . . . . . . . . . . .  ABSBIT   -----  BIT      00D5H  1
INT_CLKO . . . . . . . . . . . . . . .  SFR      DATA   U_CHAR   008FH  1
F1 . . . . . . . . . . . . . . . . . .  ABSBIT   -----  BIT      00D1H  1
PSW. . . . . . . . . . . . . . . . . .  SFR      DATA   U_CHAR   00D0H  1
CCF0 . . . . . . . . . . . . . . . . .  ABSBIT   -----  BIT      00D8H  1
CCF1 . . . . . . . . . . . . . . . . .  ABSBIT   -----  BIT      00D9H  1
SPDAT. . . . . . . . . . . . . . . . .  SFR      DATA   U_CHAR   00CFH  1
C51 COMPILER V9.54   IIC                                                                   05/01/2022 13:00:27 PAGE 22  

NAME                                    CLASS   MSPACE  TYPE    OFFSET  SIZE
====                                    =====   ======  ====    ======  ====


P0M0 . . . . . . . . . . . . . . . . .  SFR      DATA   U_CHAR   0094H  1


MODULE INFORMATION:   STATIC OVERLAYABLE
   CODE SIZE        =    735    ----
   CONSTANT SIZE    =   ----    ----
   XDATA SIZE       =   ----    ----
   PDATA SIZE       =   ----    ----
   DATA SIZE        =   ----    ----
   IDATA SIZE       =   ----    ----
   BIT SIZE         =   ----       1
   EDATA SIZE       =   ----    ----
   HDATA SIZE       =   ----    ----
   XDATA CONST SIZE =   ----    ----
   FAR CONST SIZE   =   ----    ----
END OF MODULE INFORMATION.


C51 COMPILATION COMPLETE.  0 WARNING(S),  0 ERROR(S)
