[2022-05-06 13:18:00]	[done]
	build successfully !

[2022-05-06 13:36:45]	[done]
	build successfully !

[2022-05-06 13:39:04]	compilation failed at : "c:\Users\Maxwell\Desktop\FILMS\kEILPROJECT\第十届国赛\main.c", exit code: 2
  at unify_builder.Program.Main (System.String[] args) [0x018f4] in <bd240058e6d9420e965b9407b6b7bc53>:0 
---
C51 COMPILER V9.54 - SN: K1DZC-FPDZAC
COPYRIGHT Copyright (C) 2012 - 2015 ARM Ltd and ARM Germany GmbH. All rights reserved.
*** WARNING C209 IN LINE 36 OF .\MAIN.C: '_DA_Write': too few actual parameters
*** ERROR C141 IN LINE 37 OF .\MAIN.C: syntax error near 'keyscan16_2'
C51 COMPILATION COMPLETE.  1 WARNING(S),  1 ERROR(S)

[2022-05-06 13:39:28]	[done]
	build successfully !

[2022-05-06 13:42:23]	[done]
	build successfully !

[2022-05-06 13:59:53]	[done]
	build successfully !

[2022-05-06 14:00:35]	[done]
	build successfully !

[2022-05-06 14:01:13]	compilation failed at : "c:\Users\Maxwell\Desktop\FILMS\kEILPROJECT\第十届国赛\main.c", exit code: 2
  at unify_builder.Program.Main (System.String[] args) [0x018f4] in <bd240058e6d9420e965b9407b6b7bc53>:0 
---
C51 COMPILER V9.54 - SN: K1DZC-FPDZAC
COPYRIGHT Copyright (C) 2012 - 2015 ARM Ltd and ARM Germany GmbH. All rights reserved.
*** ERROR C141 IN LINE 70 OF .\MAIN.C: syntax error near 'TF1'
C51 COMPILATION COMPLETE.  0 WARNING(S),  1 ERROR(S)

[2022-05-06 14:01:21]	[done]
	build successfully !

[2022-05-06 14:03:56]	[done]
	build successfully !

[2022-05-06 14:08:05]	[done]
	build successfully !

[2022-05-06 14:08:14]	[done]
	build successfully !

[2022-05-06 14:14:02]	compilation failed at : "c:\Users\Maxwell\Desktop\FILMS\kEILPROJECT\第十届国赛\main.c", exit code: 2
  at unify_builder.Program.Main (System.String[] args) [0x018f4] in <bd240058e6d9420e965b9407b6b7bc53>:0 
---
C51 COMPILER V9.54 - SN: K1DZC-FPDZAC
COPYRIGHT Copyright (C) 2012 - 2015 ARM Ltd and ARM Germany GmbH. All rights reserved.
*** ERROR C202 IN LINE 96 OF .\MAIN.C: 'count': undefined identifier
C51 COMPILATION COMPLETE.  0 WARNING(S),  1 ERROR(S)

[2022-05-06 14:14:21]	[done]
	build successfully !

[2022-05-06 14:14:34]	[done]
	build successfully !

[2022-05-06 14:17:44]	[done]
	build successfully !

[2022-05-06 14:20:18]	[done]
	build successfully !

[2022-05-06 14:21:32]	[done]
	build successfully !

[2022-05-06 14:38:31]	[done]
	build successfully !

[2022-05-06 14:41:47]	[done]
	build successfully !

[2022-05-06 14:42:05]	[done]
	build successfully !

[2022-05-06 14:42:15]	[done]
	build successfully !

[2022-05-06 14:44:12]	[done]
	build successfully !

[2022-05-06 14:45:25]	[done]
	build successfully !

[2022-05-06 14:46:16]	[done]
	build successfully !

[2022-05-06 15:12:55]	[done]
	build successfully !

[2022-05-06 15:15:15]	[done]
	build successfully !

[2022-05-06 15:18:21]	[done]
	build successfully !

[2022-05-06 15:18:52]	[done]
	build successfully !

[2022-05-06 15:21:16]	[done]
	build successfully !

[2022-05-06 15:23:31]	[done]
	build successfully !

[2022-05-06 15:25:53]	[done]
	build successfully !

[2022-05-08 11:11:02]	compilation failed at : "c:\Users\Maxwell\Desktop\FILMS\kEILPROJECT\第十届国赛\main.c", exit code: 2
  at unify_builder.Program.Main (System.String[] args) [0x018f4] in <bd240058e6d9420e965b9407b6b7bc53>:0 
---
C51 COMPILER V9.54 - SN: K1DZC-FPDZAC
COPYRIGHT Copyright (C) 2012 - 2015 ARM Ltd and ARM Germany GmbH. All rights reserved.
*** ERROR C141 IN LINE 106 OF .\MAIN.C: syntax error near '}'
C51 COMPILATION COMPLETE.  0 WARNING(S),  1 ERROR(S)

[2022-05-08 11:11:08]	compilation failed at : "c:\Users\Maxwell\Desktop\FILMS\kEILPROJECT\第十届国赛\main.c", exit code: 2
  at unify_builder.Program.Main (System.String[] args) [0x018f4] in <bd240058e6d9420e965b9407b6b7bc53>:0 
---
C51 COMPILER V9.54 - SN: K1DZC-FPDZAC
COPYRIGHT Copyright (C) 2012 - 2015 ARM Ltd and ARM Germany GmbH. All rights reserved.
*** ERROR C193 IN LINE 154 OF .\MAIN.C: '': bad operand type
C51 COMPILATION COMPLETE.  0 WARNING(S),  1 ERROR(S)

[2022-05-08 11:12:33]	link failed !, exit code: 2
  at unify_builder.Program.Main (System.String[] args) [0x01a98] in <bd240058e6d9420e965b9407b6b7bc53>:0 
---
LX51 LINKER/LOCATER V4.66.41.0 - SN: K1DZC-FPDZAC
COPYRIGHT ARM Germany GmbH 1995 - 2015
"@c:\Users\Maxwell\Desktop\FILMS\kEILPROJECT\第十届国赛\build\Target 1\第十届国赛.lnp" 
".\build\Target 1\iic.o",".\build\Target 1\main.o",".\build\Target 1\onewire.o" TO ".\build\Target 1\第十届国赛"
PRINT(".\build\Target 1\第十届国赛.map") REMOVEUNUSED
*** ERROR L107: ADDRESS SPACE OVERFLOW
    SPACE:   DATA
    SEGMENT: _DATA_GROUP_
    LENGTH:  00001CH   
Program Size: data=128.4 xdata=0 const=0 code=4693
LX51 RUN COMPLETE.  0 WARNING(S),  1 ERROR(S)


[2022-05-08 11:12:55]	link failed !, exit code: 2
  at unify_builder.Program.Main (System.String[] args) [0x01a98] in <bd240058e6d9420e965b9407b6b7bc53>:0 
---
LX51 LINKER/LOCATER V4.66.41.0 - SN: K1DZC-FPDZAC
COPYRIGHT ARM Germany GmbH 1995 - 2015
"@c:\Users\Maxwell\Desktop\FILMS\kEILPROJECT\第十届国赛\build\Target 1\第十届国赛.lnp" 
".\build\Target 1\iic.o",".\build\Target 1\main.o",".\build\Target 1\onewire.o" TO ".\build\Target 1\第十届国赛"
PRINT(".\build\Target 1\第十届国赛.map") REMOVEUNUSED
*** ERROR L107: ADDRESS SPACE OVERFLOW
    SPACE:   DATA
    SEGMENT: _DATA_GROUP_
    LENGTH:  00001CH   
Program Size: data=128.4 xdata=0 const=0 code=4693
LX51 RUN COMPLETE.  0 WARNING(S),  1 ERROR(S)


[2022-05-08 11:13:21]	link failed !, exit code: 2
  at unify_builder.Program.Main (System.String[] args) [0x01a98] in <bd240058e6d9420e965b9407b6b7bc53>:0 
---
LX51 LINKER/LOCATER V4.66.41.0 - SN: K1DZC-FPDZAC
COPYRIGHT ARM Germany GmbH 1995 - 2015
"@c:\Users\Maxwell\Desktop\FILMS\kEILPROJECT\第十届国赛\build\Target 1\第十届国赛.lnp" 
".\build\Target 1\iic.o",".\build\Target 1\main.o",".\build\Target 1\onewire.o" TO ".\build\Target 1\第十届国赛"
PRINT(".\build\Target 1\第十届国赛.map") REMOVEUNUSED
*** ERROR L107: ADDRESS SPACE OVERFLOW
    SPACE:   DATA
    SEGMENT: _DATA_GROUP_
    LENGTH:  00001CH   
Program Size: data=128.4 xdata=0 const=0 code=4693
LX51 RUN COMPLETE.  0 WARNING(S),  1 ERROR(S)


[2022-05-08 11:13:32]	compilation failed at : "c:\Users\Maxwell\Desktop\FILMS\kEILPROJECT\第十届国赛\main.c", exit code: 2
  at unify_builder.Program.Main (System.String[] args) [0x018f4] in <bd240058e6d9420e965b9407b6b7bc53>:0 
---
C51 COMPILER V9.54 - SN: K1DZC-FPDZAC
COPYRIGHT Copyright (C) 2012 - 2015 ARM Ltd and ARM Germany GmbH. All rights reserved.
*** ERROR C193 IN LINE 154 OF .\MAIN.C: '': bad operand type
C51 COMPILATION COMPLETE.  0 WARNING(S),  1 ERROR(S)

[2022-05-08 11:14:05]	compilation failed at : "c:\Users\Maxwell\Desktop\FILMS\kEILPROJECT\第十届国赛\main.c", exit code: 2
  at unify_builder.Program.Main (System.String[] args) [0x018f4] in <bd240058e6d9420e965b9407b6b7bc53>:0 
---
C51 COMPILER V9.54 - SN: K1DZC-FPDZAC
COPYRIGHT Copyright (C) 2012 - 2015 ARM Ltd and ARM Germany GmbH. All rights reserved.
*** ERROR C193 IN LINE 154 OF .\MAIN.C: '': bad operand type
C51 COMPILATION COMPLETE.  0 WARNING(S),  1 ERROR(S)

[2022-05-08 11:15:34]	compilation failed at : "c:\Users\Maxwell\Desktop\FILMS\kEILPROJECT\第十届国赛\main.c", exit code: 2
  at unify_builder.Program.Main (System.String[] args) [0x018f4] in <bd240058e6d9420e965b9407b6b7bc53>:0 
---
C51 COMPILER V9.54 - SN: K1DZC-FPDZAC
COPYRIGHT Copyright (C) 2012 - 2015 ARM Ltd and ARM Germany GmbH. All rights reserved.
*** ERROR C129 IN LINE 11 OF onewire.h: missing ';' before 'Temper_Get'
C51 COMPILATION COMPLETE.  0 WARNING(S),  1 ERROR(S)

[2022-05-08 11:15:55]	compilation failed at : "c:\Users\Maxwell\Desktop\FILMS\kEILPROJECT\第十届国赛\onewire.c", exit code: 2
  at unify_builder.Program.Main (System.String[] args) [0x018f4] in <bd240058e6d9420e965b9407b6b7bc53>:0 
---
C51 COMPILER V9.54 - SN: K1DZC-FPDZAC
COPYRIGHT Copyright (C) 2012 - 2015 ARM Ltd and ARM Germany GmbH. All rights reserved.
*** ERROR C129 IN LINE 73 OF .\ONEWIRE.C: missing ';' before 'Temper_Get'
C51 COMPILATION COMPLETE.  0 WARNING(S),  1 ERROR(S)

[2022-05-08 11:16:25]	link failed !, exit code: 2
  at unify_builder.Program.Main (System.String[] args) [0x01a98] in <bd240058e6d9420e965b9407b6b7bc53>:0 
---
LX51 LINKER/LOCATER V4.66.41.0 - SN: K1DZC-FPDZAC
COPYRIGHT ARM Germany GmbH 1995 - 2015
"@c:\Users\Maxwell\Desktop\FILMS\kEILPROJECT\第十届国赛\build\Target 1\第十届国赛.lnp" 
".\build\Target 1\iic.o",".\build\Target 1\main.o",".\build\Target 1\onewire.o" TO ".\build\Target 1\第十届国赛"
PRINT(".\build\Target 1\第十届国赛.map") REMOVEUNUSED
*** ERROR L107: ADDRESS SPACE OVERFLOW
    SPACE:   DATA
    SEGMENT: _DATA_GROUP_
    LENGTH:  00001CH   
Program Size: data=126.4 xdata=0 const=0 code=4651
LX51 RUN COMPLETE.  0 WARNING(S),  1 ERROR(S)


[2022-05-08 11:17:22]	link failed !, exit code: 2
  at unify_builder.Program.Main (System.String[] args) [0x01a98] in <bd240058e6d9420e965b9407b6b7bc53>:0 
---
LX51 LINKER/LOCATER V4.66.41.0 - SN: K1DZC-FPDZAC
COPYRIGHT ARM Germany GmbH 1995 - 2015
"@c:\Users\Maxwell\Desktop\FILMS\kEILPROJECT\第十届国赛\build\Target 1\第十届国赛.lnp" 
".\build\Target 1\iic.o",".\build\Target 1\main.o",".\build\Target 1\onewire.o" TO ".\build\Target 1\第十届国赛"
PRINT(".\build\Target 1\第十届国赛.map") REMOVEUNUSED
*** ERROR L107: ADDRESS SPACE OVERFLOW
    SPACE:   DATA
    SEGMENT: _DATA_GROUP_
    LENGTH:  00001CH   
Program Size: data=126.4 xdata=0 const=0 code=4680
LX51 RUN COMPLETE.  0 WARNING(S),  1 ERROR(S)


[2022-05-08 11:17:59]	compilation failed at : "c:\Users\Maxwell\Desktop\FILMS\kEILPROJECT\第十届国赛\main.c", exit code: 2
  at unify_builder.Program.Main (System.String[] args) [0x018f4] in <bd240058e6d9420e965b9407b6b7bc53>:0 
---
C51 COMPILER V9.54 - SN: K1DZC-FPDZAC
COPYRIGHT Copyright (C) 2012 - 2015 ARM Ltd and ARM Germany GmbH. All rights reserved.
*** ERROR C193 IN LINE 154 OF .\MAIN.C: '': bad operand type
C51 COMPILATION COMPLETE.  0 WARNING(S),  1 ERROR(S)

[2022-05-08 11:20:22]	link failed !, exit code: 2
  at unify_builder.Program.Main (System.String[] args) [0x01a98] in <bd240058e6d9420e965b9407b6b7bc53>:0 
---
LX51 LINKER/LOCATER V4.66.41.0 - SN: K1DZC-FPDZAC
COPYRIGHT ARM Germany GmbH 1995 - 2015
"@c:\Users\Maxwell\Desktop\FILMS\kEILPROJECT\第十届国赛\build\Target 1\第十届国赛.lnp" 
".\build\Target 1\iic.o",".\build\Target 1\main.o",".\build\Target 1\onewire.o" TO ".\build\Target 1\第十届国赛"
PRINT(".\build\Target 1\第十届国赛.map") REMOVEUNUSED
*** ERROR L107: ADDRESS SPACE OVERFLOW
    SPACE:   DATA
    SEGMENT: _DATA_GROUP_
    LENGTH:  00001CH   
Program Size: data=128.4 xdata=0 const=0 code=5041
LX51 RUN COMPLETE.  0 WARNING(S),  1 ERROR(S)


[2022-05-08 11:20:55]	link failed !, exit code: 2
  at unify_builder.Program.Main (System.String[] args) [0x01a98] in <bd240058e6d9420e965b9407b6b7bc53>:0 
---
LX51 LINKER/LOCATER V4.66.41.0 - SN: K1DZC-FPDZAC
COPYRIGHT ARM Germany GmbH 1995 - 2015
"@c:\Users\Maxwell\Desktop\FILMS\kEILPROJECT\第十届国赛\build\Target 1\第十届国赛.lnp" 
".\build\Target 1\iic.o",".\build\Target 1\main.o",".\build\Target 1\onewire.o" TO ".\build\Target 1\第十届国赛"
PRINT(".\build\Target 1\第十届国赛.map") REMOVEUNUSED
*** ERROR L107: ADDRESS SPACE OVERFLOW
    SPACE:   DATA
    SEGMENT: _DATA_GROUP_
    LENGTH:  00001CH   
Program Size: data=128.4 xdata=0 const=0 code=5066
LX51 RUN COMPLETE.  0 WARNING(S),  1 ERROR(S)


[2022-05-08 11:21:16]	link failed !, exit code: 2
  at unify_builder.Program.Main (System.String[] args) [0x01a98] in <bd240058e6d9420e965b9407b6b7bc53>:0 
---
LX51 LINKER/LOCATER V4.66.41.0 - SN: K1DZC-FPDZAC
COPYRIGHT ARM Germany GmbH 1995 - 2015
"@c:\Users\Maxwell\Desktop\FILMS\kEILPROJECT\第十届国赛\build\Target 1\第十届国赛.lnp" 
".\build\Target 1\iic.o",".\build\Target 1\main.o",".\build\Target 1\onewire.o" TO ".\build\Target 1\第十届国赛"
PRINT(".\build\Target 1\第十届国赛.map") REMOVEUNUSED
*** ERROR L107: ADDRESS SPACE OVERFLOW
    SPACE:   DATA
    SEGMENT: _DATA_GROUP_
    LENGTH:  00001CH   
Program Size: data=128.4 xdata=0 const=0 code=5066
LX51 RUN COMPLETE.  0 WARNING(S),  1 ERROR(S)


[2022-05-08 11:21:47]	link failed !, exit code: 2
  at unify_builder.Program.Main (System.String[] args) [0x01a98] in <bd240058e6d9420e965b9407b6b7bc53>:0 
---
LX51 LINKER/LOCATER V4.66.41.0 - SN: K1DZC-FPDZAC
COPYRIGHT ARM Germany GmbH 1995 - 2015
"@c:\Users\Maxwell\Desktop\FILMS\kEILPROJECT\第十届国赛\build\Target 1\第十届国赛.lnp" 
".\build\Target 1\iic.o",".\build\Target 1\main.o",".\build\Target 1\onewire.o" TO ".\build\Target 1\第十届国赛"
PRINT(".\build\Target 1\第十届国赛.map") REMOVEUNUSED
*** ERROR L107: ADDRESS SPACE OVERFLOW
    SPACE:   DATA
    SEGMENT: _DATA_GROUP_
    LENGTH:  00001CH   
Program Size: data=128.4 xdata=0 const=0 code=5066
LX51 RUN COMPLETE.  0 WARNING(S),  1 ERROR(S)


[2022-05-08 11:22:19]	link failed !, exit code: 2
  at unify_builder.Program.Main (System.String[] args) [0x01a98] in <bd240058e6d9420e965b9407b6b7bc53>:0 
---
LX51 LINKER/LOCATER V4.66.41.0 - SN: K1DZC-FPDZAC
COPYRIGHT ARM Germany GmbH 1995 - 2015
"@c:\Users\Maxwell\Desktop\FILMS\kEILPROJECT\第十届国赛\build\Target 1\第十届国赛.lnp" 
".\build\Target 1\iic.o",".\build\Target 1\main.o",".\build\Target 1\onewire.o" TO ".\build\Target 1\第十届国赛"
PRINT(".\build\Target 1\第十届国赛.map") REMOVEUNUSED
*** ERROR L107: ADDRESS SPACE OVERFLOW
    SPACE:   DATA
    SEGMENT: _DATA_GROUP_
    LENGTH:  00001CH   
Program Size: data=128.4 xdata=0 const=0 code=5066
LX51 RUN COMPLETE.  0 WARNING(S),  1 ERROR(S)


[2022-05-08 11:25:12]	[done]
	build successfully !

[2022-05-08 11:25:25]	[done]
	build successfully !

[2022-05-08 11:27:56]	[done]
	build successfully !

[2022-05-08 11:28:59]	compilation failed at : "c:\Users\Maxwell\Desktop\FILMS\kEILPROJECT\第十届国赛\main.c", exit code: 2
  at unify_builder.Program.Main (System.String[] args) [0x018f4] in <bd240058e6d9420e965b9407b6b7bc53>:0 
---
C51 COMPILER V9.54 - SN: K1DZC-FPDZAC
COPYRIGHT Copyright (C) 2012 - 2015 ARM Ltd and ARM Germany GmbH. All rights reserved.
*** ERROR C141 IN LINE 150 OF .\MAIN.C: syntax error near ')'
*** ERROR C141 IN LINE 151 OF .\MAIN.C: syntax error near ')'
*** ERROR C141 IN LINE 152 OF .\MAIN.C: syntax error near ')'
*** ERROR C141 IN LINE 153 OF .\MAIN.C: syntax error near ')'
C51 COMPILATION COMPLETE.  0 WARNING(S),  4 ERROR(S)

[2022-05-08 11:29:10]	compilation failed at : "c:\Users\Maxwell\Desktop\FILMS\kEILPROJECT\第十届国赛\main.c", exit code: 2
  at unify_builder.Program.Main (System.String[] args) [0x018f4] in <bd240058e6d9420e965b9407b6b7bc53>:0 
---
C51 COMPILER V9.54 - SN: K1DZC-FPDZAC
COPYRIGHT Copyright (C) 2012 - 2015 ARM Ltd and ARM Germany GmbH. All rights reserved.
*** ERROR C193 IN LINE 151 OF .\MAIN.C: '': bad operand type
C51 COMPILATION COMPLETE.  0 WARNING(S),  1 ERROR(S)

[2022-05-08 11:30:09]	compilation failed at : "c:\Users\Maxwell\Desktop\FILMS\kEILPROJECT\第十届国赛\main.c", exit code: 2
  at unify_builder.Program.Main (System.String[] args) [0x018f4] in <bd240058e6d9420e965b9407b6b7bc53>:0 
---
C51 COMPILER V9.54 - SN: K1DZC-FPDZAC
COPYRIGHT Copyright (C) 2012 - 2015 ARM Ltd and ARM Germany GmbH. All rights reserved.
*** ERROR C193 IN LINE 152 OF .\MAIN.C: '': bad operand type
C51 COMPILATION COMPLETE.  0 WARNING(S),  1 ERROR(S)

[2022-05-08 11:30:34]	[done]
	build successfully !

[2022-05-08 11:31:33]	[done]
	build successfully !

[2022-05-08 11:32:52]	[done]
	build successfully !

[2022-05-08 11:35:16]	[done]
	build successfully !

[2022-05-08 11:35:49]	[done]
	build successfully !

[2022-05-08 11:46:19]	[done]
	build successfully !

[2022-05-08 11:46:58]	[done]
	build successfully !

[2022-05-08 11:47:27]	[done]
	build successfully !

[2022-05-08 11:48:00]	[done]
	build successfully !

[2022-05-08 11:48:35]	[done]
	build successfully !

[2022-05-08 11:50:08]	[done]
	build successfully !

[2022-05-08 11:50:56]	[done]
	build successfully !

[2022-05-08 12:29:04]	compilation failed at : "c:\Users\Maxwell\Desktop\FILMS\kEILPROJECT\第十届国赛\main.c", exit code: 2
  at unify_builder.Program.Main (System.String[] args) [0x018f4] in <bd240058e6d9420e965b9407b6b7bc53>:0 
---
C51 COMPILER V9.54 - SN: K1DZC-FPDZAC
COPYRIGHT Copyright (C) 2012 - 2015 ARM Ltd and ARM Germany GmbH. All rights reserved.
*** ERROR C202 IN LINE 190 OF .\MAIN.C: undefined identifier
*** ERROR C202 IN LINE 192 OF .\MAIN.C: undefined identifier
*** ERROR C202 IN LINE 193 OF .\MAIN.C: undefined identifier
*** ERROR C202 IN LINE 194 OF .\MAIN.C: undefined identifier
*** ERROR C202 IN LINE 195 OF .\MAIN.C: undefined identifier
*** ERROR C202 IN LINE 196 OF .\MAIN.C: undefined identifier
*** ERROR C202 IN LINE 198 OF .\MAIN.C: undefined identifier
*** ERROR C202 IN LINE 201 OF .\MAIN.C: undefined identifier
*** ERROR C202 IN LINE 202 OF .\MAIN.C: undefined identifier
*** ERROR C202 IN LINE 203 OF .\MAIN.C: undefined identifier
*** ERROR C202 IN LINE 204 OF .\MAIN.C: undefined identifier
*** ERROR C202 IN LINE 206 OF .\MAIN.C: undefined identifier
*** ERROR C202 IN LINE 210 OF .\MAIN.C: undefined identifier
*** ERROR C202 IN LINE 211 OF .\MAIN.C: undefined identifier
*** ERROR C202 IN LINE 212 OF .\MAIN.C: undefined identifier
*** ERROR C202 IN LINE 214 OF .\MAIN.C: undefined identifier
*** ERROR C202 IN LINE 219 OF .\MAIN.C: undefined identifier
*** ERROR C202 IN LINE 220 OF .\MAIN.C: undefined identifier
*** ERROR C202 IN LINE 222 OF .\MAIN.C: undefined identifier
*** ERROR C202 IN LINE 228 OF .\MAIN.C: undefined identifier
C51 COMPILATION COMPLETE.  0 WARNING(S),  20 ERROR(S)

[2022-05-08 12:29:19]	compilation failed at : "c:\Users\Maxwell\Desktop\FILMS\kEILPROJECT\第十届国赛\main.c", exit code: 2
  at unify_builder.Program.Main (System.String[] args) [0x018f4] in <bd240058e6d9420e965b9407b6b7bc53>:0 
---
C51 COMPILER V9.54 - SN: K1DZC-FPDZAC
COPYRIGHT Copyright (C) 2012 - 2015 ARM Ltd and ARM Germany GmbH. All rights reserved.
*** ERROR C202 IN LINE 192 OF .\MAIN.C: undefined identifier
*** ERROR C202 IN LINE 193 OF .\MAIN.C: undefined identifier
*** ERROR C202 IN LINE 194 OF .\MAIN.C: undefined identifier
*** ERROR C202 IN LINE 195 OF .\MAIN.C: undefined identifier
*** ERROR C202 IN LINE 196 OF .\MAIN.C: undefined identifier
*** ERROR C202 IN LINE 198 OF .\MAIN.C: undefined identifier
*** ERROR C202 IN LINE 201 OF .\MAIN.C: undefined identifier
*** ERROR C202 IN LINE 202 OF .\MAIN.C: undefined identifier
*** ERROR C202 IN LINE 203 OF .\MAIN.C: undefined identifier
*** ERROR C202 IN LINE 204 OF .\MAIN.C: undefined identifier
*** ERROR C202 IN LINE 206 OF .\MAIN.C: undefined identifier
*** ERROR C202 IN LINE 210 OF .\MAIN.C: undefined identifier
*** ERROR C202 IN LINE 211 OF .\MAIN.C: undefined identifier
*** ERROR C202 IN LINE 212 OF .\MAIN.C: undefined identifier
*** ERROR C202 IN LINE 214 OF .\MAIN.C: undefined identifier
*** ERROR C202 IN LINE 219 OF .\MAIN.C: undefined identifier
*** ERROR C202 IN LINE 220 OF .\MAIN.C: undefined identifier
*** ERROR C202 IN LINE 222 OF .\MAIN.C: undefined identifier
*** ERROR C202 IN LINE 228 OF .\MAIN.C: undefined identifier
C51 COMPILATION COMPLETE.  0 WARNING(S),  19 ERROR(S)

[2022-05-08 12:29:49]	link failed !, exit code: 2
  at unify_builder.Program.Main (System.String[] args) [0x01a98] in <bd240058e6d9420e965b9407b6b7bc53>:0 
---
LX51 LINKER/LOCATER V4.66.41.0 - SN: K1DZC-FPDZAC
COPYRIGHT ARM Germany GmbH 1995 - 2015
"@c:\Users\Maxwell\Desktop\FILMS\kEILPROJECT\第十届国赛\build\Target 1\第十届国赛.lnp" 
".\build\Target 1\iic.o",".\build\Target 1\main.o",".\build\Target 1\onewire.o" TO ".\build\Target 1\第十届国赛"
PRINT(".\build\Target 1\第十届国赛.map") REMOVEUNUSED
*** ERROR L107: ADDRESS SPACE OVERFLOW
    SPACE:   DATA
    SEGMENT: _DATA_GROUP_
    LENGTH:  00001CH   
Program Size: data=108.4 xdata=0 const=0 code=5007
LX51 RUN COMPLETE.  0 WARNING(S),  1 ERROR(S)


[2022-05-08 12:34:14]	link failed !, exit code: 2
  at unify_builder.Program.Main (System.String[] args) [0x01a98] in <bd240058e6d9420e965b9407b6b7bc53>:0 
---
LX51 LINKER/LOCATER V4.66.41.0 - SN: K1DZC-FPDZAC
COPYRIGHT ARM Germany GmbH 1995 - 2015
"@c:\Users\Maxwell\Desktop\FILMS\kEILPROJECT\第十届国赛\build\Target 1\第十届国赛.lnp" 
".\build\Target 1\iic.o",".\build\Target 1\main.o",".\build\Target 1\onewire.o" TO ".\build\Target 1\第十届国赛"
PRINT(".\build\Target 1\第十届国赛.map") REMOVEUNUSED
*** ERROR L107: ADDRESS SPACE OVERFLOW
    SPACE:   DATA
    SEGMENT: ?DT?MAIN
    LENGTH:  000060H   
Program Size: data=134.4 xdata=0 const=0 code=5001
LX51 RUN COMPLETE.  0 WARNING(S),  1 ERROR(S)


[2022-05-08 12:34:35]	link failed !, exit code: 2
  at unify_builder.Program.Main (System.String[] args) [0x01a98] in <bd240058e6d9420e965b9407b6b7bc53>:0 
---
LX51 LINKER/LOCATER V4.66.41.0 - SN: K1DZC-FPDZAC
COPYRIGHT ARM Germany GmbH 1995 - 2015
"@c:\Users\Maxwell\Desktop\FILMS\kEILPROJECT\第十届国赛\build\Target 1\第十届国赛.lnp" 
".\build\Target 1\iic.o",".\build\Target 1\main.o",".\build\Target 1\onewire.o" TO ".\build\Target 1\第十届国赛"
PRINT(".\build\Target 1\第十届国赛.map") REMOVEUNUSED
*** ERROR L107: ADDRESS SPACE OVERFLOW
    SPACE:   DATA
    SEGMENT: ?DT?MAIN
    LENGTH:  000060H   
Program Size: data=134.4 xdata=0 const=0 code=5001
LX51 RUN COMPLETE.  0 WARNING(S),  1 ERROR(S)


[2022-05-08 12:34:49]	link failed !, exit code: 2
  at unify_builder.Program.Main (System.String[] args) [0x01a98] in <bd240058e6d9420e965b9407b6b7bc53>:0 
---
LX51 LINKER/LOCATER V4.66.41.0 - SN: K1DZC-FPDZAC
COPYRIGHT ARM Germany GmbH 1995 - 2015
"@c:\Users\Maxwell\Desktop\FILMS\kEILPROJECT\第十届国赛\build\Target 1\第十届国赛.lnp" 
".\build\Target 1\iic.o",".\build\Target 1\main.o",".\build\Target 1\onewire.o" TO ".\build\Target 1\第十届国赛"
PRINT(".\build\Target 1\第十届国赛.map") REMOVEUNUSED
*** ERROR L107: ADDRESS SPACE OVERFLOW
    SPACE:   DATA
    SEGMENT: _DATA_GROUP_
    LENGTH:  00001CH   
Program Size: data=108.4 xdata=0 const=0 code=5007
LX51 RUN COMPLETE.  0 WARNING(S),  1 ERROR(S)


[2022-05-08 12:36:05]	[done]
	build successfully !

[2022-05-08 12:36:18]	[done]
	build successfully !

[2022-05-08 12:36:25]	[done]
	build successfully !

[2022-05-08 12:37:56]	[done]
	build successfully !

[2022-05-08 12:44:15]	[done]
	build successfully !

[2022-05-08 12:49:06]	[done]
	build successfully !

[2022-05-08 12:57:36]	[done]
	build successfully !

[2022-05-08 12:59:39]	[done]
	build successfully !

[2022-05-08 13:00:06]	[done]
	build successfully !

[2022-05-08 13:06:34]	compilation failed at : "c:\Users\Maxwell\Desktop\FILMS\kEILPROJECT\第十届国赛\main.c", exit code: 2
  at unify_builder.Program.Main (System.String[] args) [0x018f4] in <bd240058e6d9420e965b9407b6b7bc53>:0 
---
C51 COMPILER V9.54 - SN: K1DZC-FPDZAC
COPYRIGHT Copyright (C) 2012 - 2015 ARM Ltd and ARM Germany GmbH. All rights reserved.
*** ERROR C202 IN LINE 480 OF .\MAIN.C: '_longpress_flag': undefined identifier
*** ERROR C202 IN LINE 505 OF .\MAIN.C: '_longpress_flag': undefined identifier
C51 COMPILATION COMPLETE.  0 WARNING(S),  2 ERROR(S)

[2022-05-08 13:06:46]	[done]
	build successfully !

[2022-05-08 14:27:41]	[done]
	build successfully !

[2022-05-08 14:28:02]	[done]
	build successfully !

[2022-05-08 14:30:51]	[done]
	build successfully !

[2022-05-08 14:31:41]	[done]
	build successfully !

[2022-05-08 14:35:03]	[done]
	build successfully !

[2022-05-08 14:39:26]	[done]
	build successfully !

[2022-05-08 14:40:46]	[done]
	build successfully !

[2022-05-08 14:40:59]	[done]
	build successfully !

[2022-05-08 14:41:19]	[done]
	build successfully !

[2022-05-08 14:44:45]	[done]
	build successfully !

[2022-05-08 14:45:38]	[done]
	build successfully !

[2022-05-08 14:45:52]	[done]
	build successfully !

[2022-05-08 14:46:34]	[done]
	build successfully !

[2022-05-08 14:48:26]	[done]
	build successfully !

[2022-05-16 20:44:54]	[done]
	build successfully !

