C51 COMPILER V9.54   MAIN                                                                  06/15/2022 18:49:47 PAGE 1   


C51 COMPILER V9.54, COMPILATION OF MODULE MAIN
OBJECT MODULE PLACED IN .\Objects\main.obj
COMPILER INVOKED BY: D:\Keil51\C51\BIN\C51.EXE main.c OPTIMIZE(8,SPEED) BROWSE DEBUG OBJECTEXTEND PRINT(.\Listings\main.
                    -lst) OBJECT(.\Objects\main.obj)

line level    source

   1          #include <stc15f2k60s2.h>
   2          #include <intrins.h>
   3          #include <stdio.h>
   4          
   5          #define uchar unsigned char
   6          #define uint unsigned int
   7                  
   8          void allinit();
   9          void UartInit(void);            //115200bps@11.0592MHz
  10          void Timer2Init(void);          //1??@11.0592MHz
  11          
  12          void Uart_Function();
  13          void Send_Buffer(uchar *p,uchar length);
  14          uchar rec_flag=0;
  15          uchar rec_buffer[]="123\r\n";
  16          uchar send_buffer[15];
  17          bit rec_over=0;
  18          uchar rec_num=0;
  19          
  20          void main()
  21          {
  22   1              allinit();
  23   1              UartInit();
  24   1              Timer2Init();
  25   1              while(1)
  26   1              {
  27   2                      Uart_Function();
  28   2              }
  29   1      }
  30          void Uart_Function()
  31          {
  32   1              if(rec_over==1)
  33   1              {
  34   2                      rec_over=0;
  35   2                      rec_flag=0;
  36   2                      if(((rec_buffer[0]=='s')&(rec_buffer[1]=='s')&(rec_buffer[2]=='s'))&&(rec_num=3))
  37   2                      {
  38   3                              sprintf((char *)send_buffer,"909090\r\n");
  39   3                              Send_Buffer(send_buffer,8);
  40   3                      }
  41   2                      else
  42   2                      {
  43   3                              sprintf((char *)send_buffer,"error\r\n");
  44   3                              Send_Buffer(send_buffer,7);
  45   3                      }
  46   2                      rec_num=0;
  47   2              }
  48   1      }
  49          
  50          void UartInit(void)             //115200bps@11.0592MHz
  51          {
  52   1              SCON = 0x50;            //8???,?????
  53   1              AUXR |= 0x40;           //?????1T??
  54   1              AUXR &= 0xFE;           //??1?????1???????
C51 COMPILER V9.54   MAIN                                                                  06/15/2022 18:49:47 PAGE 2   

  55   1              TMOD &= 0x0F;           //???????
  56   1              TL1 = 0xE8;             //???????
  57   1              TH1 = 0xFF;             //???????
  58   1              ET1 = 0;                //?????%d??
  59   1              TR1 = 1;                //???1????
  60   1              ES=1;
  61   1              EA=1;
  62   1      }
  63          void rec_ser() interrupt 4
  64          {
  65   1              if(RI)
  66   1              {
  67   2                      
  68   2                      rec_buffer[rec_num]=SBUF;
  69   2                      rec_num++;
  70   2                      rec_flag=1;
  71   2                      RI=0;
  72   2              }
  73   1      }
  74          void Send_Buffer(uchar *p,uchar length)
  75          {
  76   1              uchar i=0;
  77   1              for(i=0;i<length;i++)
  78   1              {
  79   2                      SBUF=*(p+i);
  80   2                      while(TI==0);
  81   2                      TI=0;
  82   2              }
  83   1      }
  84          void Timer2Init(void)           //1??@11.0592MHz
  85          {
  86   1              AUXR |= 0x04;           //?????1T??
  87   1              T2L = 0xCD;             //???????
  88   1              T2H = 0xD4;             //???????
  89   1              AUXR |= 0x10;           //???2????
  90   1              
  91   1              IE2|=0x04;
  92   1              EA=1;
  93   1      }
  94          void t2_ser() interrupt 12
  95          {
  96   1              if(rec_flag>=1)
  97   1              {
  98   2                      rec_flag++;
  99   2                      if(rec_flag>=20)
 100   2                      {
 101   3                              rec_over=1;
 102   3                      }
 103   2              }
 104   1      }
 105          void allinit()
 106          {
 107   1              P2|=0xa0;
 108   1              P2&=0xbf;
 109   1              P0=0x00;
 110   1              
 111   1              P2|=0x80;
 112   1              P2&=0x9f;
 113   1              P0=0xff;
 114   1              
 115   1              P2|=0xc0;
 116   1              P2&=0xdf;
C51 COMPILER V9.54   MAIN                                                                  06/15/2022 18:49:47 PAGE 3   

 117   1              P0=0xff;
 118   1              
 119   1              P2|=0xe0;
 120   1              P2&=0xff;
 121   1              P0=0xff;
 122   1              
 123   1      }


MODULE INFORMATION:   STATIC OVERLAYABLE
   CODE SIZE        =    302    ----
   CONSTANT SIZE    =     17    ----
   XDATA SIZE       =   ----    ----
   PDATA SIZE       =   ----    ----
   DATA SIZE        =     23       3
   IDATA SIZE       =   ----    ----
   BIT SIZE         =      1    ----
END OF MODULE INFORMATION.


C51 COMPILATION COMPLETE.  0 WARNING(S),  0 ERROR(S)
