C51 COMPILER V9.54   MAIN                                                                  04/06/2022 18:14:58 PAGE 1   


C51 COMPILER V9.54, COMPILATION OF MODULE MAIN
OBJECT MODULE PLACED IN .\build\Target 1\main.o
COMPILER INVOKED BY: D:\Keil51\C51\BIN\C51.exe .\MAIN.C PRINT(.\build\Target 1\main.lst) OMF2 TABS(4) CODE NOCOND SYMBOL
                    -S OPTIMIZE(8,SPEED) SMALL ROM(LARGE) INCDIR(D:/Keil51/C51/INC/STC;D:\Keil51\C51\INC) DEFINE(__UVISION_VERSION=526) OBJEC
                    -T(.\build\Target 1\main.o)

line level    source

   1          #include <STC15F2K60S2.H>
   2          #include <INTRINS.H>
   3          #include "iic.h"
   4          
   5          #define uchar unsigned char
   6          #define uint unsigned int
   7          
   8          uchar LED_Bits=0xff;
   9          uchar tab[]={0xc0,0xf9,0xa4,0xb0,0x99,0x92,0x82,0xf8,0x80,0x90,
  10                          0x40,0x79,0x24,0x30,0x19,0x12,0x02,0x78,0x00,0x10,
  11                                                                  0xbf,0xff};
  12          uchar Digbuf[]={21,21,21,21,21,21,21,21};
  13          uchar Digcom=0;
  14          
  15          uchar Work_Moded=1;
  16          uint Led_Light_T=0;
  17          uint i=0;
  18          uint Liuzhuan_Interval=400;
  19          uint Liuzhuan_Count_Tt=0;
  20          bit Led_Liuzhuan_On=0;
  21          
  22          
  23          uchar S4_FLAG=0;
  24          uchar FLOW_INTERVAL=1200;
  25          uchar LED_FLOW=1;
  26          uchar S6_SETTING;
  27          uint LED_TT=0,LED_T=0,SET_TT=0,AD_TT=0;
  28          uchar LED_TIME=0;
  29          uchar LED_NUM=0;
  30          uchar WORK_MODE=1;
  31          uchar LIGHT=0;
  32          uchar FLOW_INTERVAL_SAVE_VALUE[5];
  33          uchar AD=0;
  34          uchar KEY_TEMP=0xff,KEY=0xff;
  35          
  36          
  37          void allinit();
  38          void Timer2Init(void);      //1??@12.000MHz
  39          void Timer0Init(void);      //1姣?绉@12.000MHz
  40          
  41          void Delay_ms(uchar ms);        //@12.000MHz
  42          void keyscan();
  43          
  44          
  45          void main(void)
  46          {
  47   1          allinit();
  48   1          Timer2Init();
  49   1          //Timer0Init();
  50   1          while (1)
  51   1          {
  52   2              // AD=AD_Read(0x03);
  53   2              // Digbuf[5]=AD/100;
C51 COMPILER V9.54   MAIN                                                                  04/06/2022 18:14:58 PAGE 2   

  54   2              // Digbuf[6]=AD%100/10;
  55   2              // Digbuf[7]=AD%10;
  56   2              Digbuf[0]=WORK_MODE;
  57   2              keyscan();
  58   2          }
  59   1      }
  60          void keyscan()
  61          {
  62   1          if (P30==0)//7
  63   1          {
  64   2              Delay_ms(5);
  65   2              if (P30==0)
  66   2              {
  67   3                  if (WORK_MODE>3)
  68   3                  {
  69   4                      WORK_MODE=0;
  70   4                  }
  71   3                  
  72   3                  WORK_MODE++;
  73   3              }
  74   2              while(!P30);
  75   2          }
  76   1          
  77   1      }
  78          void Timer0Init(void)       //1微秒@12.000MHz
  79          {
  80   1          AUXR |= 0x80;       //定时器时钟1T模式
  81   1          TMOD &= 0xF0;       //设置定时器模式
  82   1          TL0 = 0xF4;     //设置定时初始值
  83   1          TH0 = 0xFF;     //设置定时初始值
  84   1          TF0 = 0;        //清除TF0标志
  85   1          TR0 = 1;        //定时器0开始计时
  86   1      
  87   1          ET0 = 1;                        //浣胯藉跺?0涓??
  88   1          EA = 1;
  89   1      }
  90          void tm0_isr() interrupt 1
  91          {       
  92   1      
  93   1              
  94   1              
  95   1      }
  96          
  97          void Timer2Init(void)       //1??@12.000MHz
  98          {
  99   1          AUXR |= 0x04;       //?????1T??
 100   1          T2L = 0x20;     //???????
 101   1          T2H = 0xD1;     //???????
 102   1          AUXR |= 0x10;       //???2????
 103   1          
 104   1          IE2 |= 0x04;                    //????2??
 105   1          EA = 1;
 106   1      }
 107          void t2int() interrupt 12           //????
 108          {
 109   1      
 110   1          P2|=0xe0;
 111   1          P2&=0xff;
 112   1          P0=0xff;//露隆
 113   1          
 114   1          P2|=0xc0;
 115   1          P2&=0xdf;
C51 COMPILER V9.54   MAIN                                                                  04/06/2022 18:14:58 PAGE 3   

 116   1          P0=0x01<<Digcom;
 117   1          
 118   1          P2|=0xe0;
 119   1          P2&=0xff;
 120   1          P0=tab[Digbuf[Digcom]];
 121   1          
 122   1          if(++Digcom==8)
 123   1          {
 124   2              Digcom=0;
 125   2          }
 126   1      
 127   1          LED_TT++;
 128   1          SET_TT++;
 129   1          AD_TT++;
 130   1          if ((LED_FLOW==1)&&(LED_TT==1))
 131   1          {
 132   2              if (WORK_MODE==1)
 133   2              {
 134   3                  P2=0x00;
 135   3                  P0=0xff;
 136   3                  P2=0x80;
 137   3                  P0=~(0x01<<LED_NUM);
 138   3                  P2=0x00;
 139   3              }
 140   2              else if (WORK_MODE==2)
 141   2              {
 142   3                  P2=0x00;
 143   3                  P0=0xff;
 144   3                  P2=0x80;
 145   3                  P0=~(0x80>>LED_NUM);
 146   3                  P2=0x00;
 147   3              }
 148   2              else if (WORK_MODE==3)
 149   2              {
 150   3                  P2=0X00;
 151   3                  P0=0XFF;
 152   3                  P2=0X80;
 153   3                  if(LED_NUM==0)P0=0X7E;
 154   3                  else if(LED_NUM==1)P0=0XBD;
 155   3                  else if(LED_NUM==2)P0=0XDB;
 156   3                  else if(LED_NUM==3)P0=0XE7;
 157   3                  P2=0X00;
 158   3              }
 159   2              else if (WORK_MODE==4)
 160   2              {
 161   3                  P2=0X00;P0=0XFF;P2=0X80;
 162   3                  if(LED_NUM==0)P0=0XE7;
 163   3                  else if(LED_NUM==1)P0=0XDB;
 164   3                  else if(LED_NUM==2)P0=0XBD;
 165   3                  else if(LED_NUM==3)P0=0X7E;
 166   3                  P2=0X00;
 167   3              }
 168   2          }
 169   1          else if (LED_TT==LIGHT)
 170   1          {
 171   2              P2=0X00;P0=0XFF;P2=0X80;P0=0xff;P20=0x00;
 172   2          }
 173   1          else if (LED_TT==20)
 174   1          {
 175   2              LED_TT=0;
 176   2              LED_T++;
 177   2              if ((LED_T*20)>=LED_TIME)
C51 COMPILER V9.54   MAIN                                                                  04/06/2022 18:14:58 PAGE 4   

 178   2              {
 179   3                  LED_T=0;
 180   3                  if (WORK_MODE==1)
 181   3                  {
 182   4                      LED_NUM++;if (LED_NUM>=8){LED_NUM=0;}
 183   4                  }
 184   3                  else if (WORK_MODE==2)
 185   3                  {
 186   4                      LED_NUM++;if (LED_NUM>=8){LED_NUM=0;}
 187   4                  }
 188   3                  else if (WORK_MODE==3)
 189   3                  {
 190   4                      LED_NUM++;if (LED_NUM>=4){LED_NUM=0;}
 191   4                  }
 192   3                  else if (WORK_MODE==4)
 193   3                  {
 194   4                      LED_NUM++;if (LED_NUM>=4){LED_NUM=0;}
 195   4                  }
 196   3                  
 197   3              }
 198   2              
 199   2          }
 200   1          if (AD_TT==200)
 201   1          {
 202   2              AD_TT=0;
 203   2              AD=AD_Read(0x03);
 204   2              if (AD<64)
 205   2              {
 206   3                  LIGHT=2;
 207   3              }
 208   2              else if ((AD>=64)&&(AD<128))
 209   2              {
 210   3                  LIGHT=5;
 211   3              }
 212   2              else if ((AD>=128)&&(AD<192))
 213   2              {
 214   3                  LIGHT=10;
 215   3              }
 216   2              else if ((AD>=196)&&(AD<256))
 217   2              {
 218   3                  LIGHT=19;
 219   3              }
 220   2              
 221   2          }
 222   1      
 223   1      }
 224          void Delay_ms(uchar ms)     //@12.000MHz
 225          {
 226   1          unsigned char i, j,k;
 227   1          for(k=0;k<ms;k++)
 228   1          {
 229   2              i = 12;
 230   2              j = 169;
 231   2              do
 232   2              {
 233   3                  while (--j);
 234   3              } while (--i);
 235   2          
 236   2          }
 237   1      }
 238          void allinit()
 239          {
C51 COMPILER V9.54   MAIN                                                                  04/06/2022 18:14:58 PAGE 5   

 240   1          P2|=0xa0;
 241   1          P2&=0xbf;
 242   1          P0=0x00;//路盲霉梅录碌莽梅
 243   1          
 244   1          P2|=0x80;
 245   1          P2&=0x9f;
 246   1          P0=0xff;//LED
 247   1          
 248   1          P2|=0xc0;
 249   1          P2&=0xdf;
 250   1          P0=0xff;//禄隆
 251   1          
 252   1          P2|=0xe0;
 253   1          P2&=0xff;
 254   1          P0=0xff;//露隆
 255   1          
 256   1      }
C51 COMPILER V9.54   MAIN                                                                  04/06/2022 18:14:58 PAGE 6   

ASSEMBLY LISTING OF GENERATED OBJECT CODE


             ; FUNCTION main (BEGIN)
                                           ; SOURCE LINE # 45
                                           ; SOURCE LINE # 46
                                           ; SOURCE LINE # 47
0000 120000      R     LCALL   allinit
                                           ; SOURCE LINE # 48
0003 120000      R     LCALL   Timer2Init
0006         ?C0001:
                                           ; SOURCE LINE # 50
                                           ; SOURCE LINE # 51
                                           ; SOURCE LINE # 56
0006 850000      R     MOV     Digbuf,WORK_MODE
                                           ; SOURCE LINE # 57
0009 120000      R     LCALL   keyscan
                                           ; SOURCE LINE # 58
000C 80F8              SJMP    ?C0001
             ; FUNCTION main (END)

             ; FUNCTION keyscan (BEGIN)
                                           ; SOURCE LINE # 60
                                           ; SOURCE LINE # 61
                                           ; SOURCE LINE # 62
0000 20B017            JB      P30,?C0009
                                           ; SOURCE LINE # 63
                                           ; SOURCE LINE # 64
0003 7F05              MOV     R7,#05H
0005 120000      R     LCALL   _Delay_ms
                                           ; SOURCE LINE # 65
0008 20B00C            JB      P30,?C0007
                                           ; SOURCE LINE # 66
                                           ; SOURCE LINE # 67
000B E500        R     MOV     A,WORK_MODE
000D D3                SETB    C
000E 9403              SUBB    A,#03H
0010 4003              JC      ?C0006
                                           ; SOURCE LINE # 68
                                           ; SOURCE LINE # 69
0012 E4                CLR     A
0013 F500        R     MOV     WORK_MODE,A
                                           ; SOURCE LINE # 70
0015         ?C0006:
                                           ; SOURCE LINE # 72
0015 0500        R     INC     WORK_MODE
                                           ; SOURCE LINE # 73
0017         ?C0007:
                                           ; SOURCE LINE # 74
0017 30B0FD            JNB     P30,?C0007
001A         ?C0008:
                                           ; SOURCE LINE # 75
                                           ; SOURCE LINE # 77
001A         ?C0009:
001A 22                RET     
             ; FUNCTION keyscan (END)

             ; FUNCTION Timer0Init (BEGIN)
                                           ; SOURCE LINE # 78
                                           ; SOURCE LINE # 79
                                           ; SOURCE LINE # 80
0000 438E80            ORL     AUXR,#080H
C51 COMPILER V9.54   MAIN                                                                  04/06/2022 18:14:58 PAGE 7   

                                           ; SOURCE LINE # 81
0003 5389F0            ANL     TMOD,#0F0H
                                           ; SOURCE LINE # 82
0006 758AF4            MOV     TL0,#0F4H
                                           ; SOURCE LINE # 83
0009 758CFF            MOV     TH0,#0FFH
                                           ; SOURCE LINE # 84
000C C28D              CLR     TF0
                                           ; SOURCE LINE # 85
000E D28C              SETB    TR0
                                           ; SOURCE LINE # 87
0010 D2A9              SETB    ET0
                                           ; SOURCE LINE # 88
0012 D2AF              SETB    EA
                                           ; SOURCE LINE # 89
0014 22                RET     
             ; FUNCTION Timer0Init (END)

             ; FUNCTION tm0_isr (BEGIN)
                                           ; SOURCE LINE # 90
                                           ; SOURCE LINE # 95
0000 32                RETI    
             ; FUNCTION tm0_isr (END)

             ; FUNCTION Timer2Init (BEGIN)
                                           ; SOURCE LINE # 97
                                           ; SOURCE LINE # 98
                                           ; SOURCE LINE # 99
0000 438E04            ORL     AUXR,#04H
                                           ; SOURCE LINE # 100
0003 75D720            MOV     T2L,#020H
                                           ; SOURCE LINE # 101
0006 75D6D1            MOV     T2H,#0D1H
                                           ; SOURCE LINE # 102
0009 438E10            ORL     AUXR,#010H
                                           ; SOURCE LINE # 104
000C 43AF04            ORL     IE2,#04H
                                           ; SOURCE LINE # 105
000F D2AF              SETB    EA
                                           ; SOURCE LINE # 106
0011 22                RET     
             ; FUNCTION Timer2Init (END)

             ; FUNCTION t2int (BEGIN)
0000 C0E0              PUSH    ACC
0002 C0F0              PUSH    B
0004 C083              PUSH    DPH
0006 C082              PUSH    DPL
0008 C0D0              PUSH    PSW
000A 75D000            MOV     PSW,#00H
000D C000              PUSH    AR0
000F C001              PUSH    AR1
0011 C002              PUSH    AR2
0013 C003              PUSH    AR3
0015 C004              PUSH    AR4
0017 C005              PUSH    AR5
0019 C006              PUSH    AR6
001B C007              PUSH    AR7
                                           ; SOURCE LINE # 107
                                           ; SOURCE LINE # 110
001D 43A0E0            ORL     P2,#0E0H
                                           ; SOURCE LINE # 111
C51 COMPILER V9.54   MAIN                                                                  04/06/2022 18:14:58 PAGE 8   

                                           ; SOURCE LINE # 112
0020 7580FF            MOV     P0,#0FFH
                                           ; SOURCE LINE # 114
0023 43A0C0            ORL     P2,#0C0H
                                           ; SOURCE LINE # 115
0026 53A0DF            ANL     P2,#0DFH
                                           ; SOURCE LINE # 116
0029 AF00        R     MOV     R7,Digcom
002B 7401              MOV     A,#01H
002D A807              MOV     R0,AR7
002F 08                INC     R0
0030 8002              SJMP    ?C0072
0032         ?C0071:
0032 C3                CLR     C
0033 33                RLC     A
0034         ?C0072:
0034 D8FC              DJNZ    R0,?C0071
0036 F580              MOV     P0,A
                                           ; SOURCE LINE # 118
0038 43A0E0            ORL     P2,#0E0H
                                           ; SOURCE LINE # 119
                                           ; SOURCE LINE # 120
003B 7400        R     MOV     A,#LOW Digbuf
003D 2500        R     ADD     A,Digcom
003F F8                MOV     R0,A
0040 E6                MOV     A,@R0
0041 2400        R     ADD     A,#LOW tab
0043 F8                MOV     R0,A
0044 E6                MOV     A,@R0
0045 F580              MOV     P0,A
                                           ; SOURCE LINE # 122
0047 0500        R     INC     Digcom
0049 E500        R     MOV     A,Digcom
004B B40803            CJNE    A,#08H,?C0013
                                           ; SOURCE LINE # 123
                                           ; SOURCE LINE # 124
004E 750000      R     MOV     Digcom,#00H
                                           ; SOURCE LINE # 125
0051         ?C0013:
                                           ; SOURCE LINE # 127
0051 0500        R     INC     LED_TT+01H
0053 E500        R     MOV     A,LED_TT+01H
0055 7002              JNZ     ?C0073
0057 0500        R     INC     LED_TT
0059         ?C0073:
                                           ; SOURCE LINE # 128
0059 0500        R     INC     SET_TT+01H
005B E500        R     MOV     A,SET_TT+01H
005D 7002              JNZ     ?C0074
005F 0500        R     INC     SET_TT
0061         ?C0074:
                                           ; SOURCE LINE # 129
0061 0500        R     INC     AD_TT+01H
0063 E500        R     MOV     A,AD_TT+01H
0065 7002              JNZ     ?C0075
0067 0500        R     INC     AD_TT
0069         ?C0075:
                                           ; SOURCE LINE # 130
0069 E500        R     MOV     A,LED_FLOW
006B 6401              XRL     A,#01H
006D 6003              JZ      $ + 5H
006F 020000      R     LJMP    ?C0014
C51 COMPILER V9.54   MAIN                                                                  04/06/2022 18:14:58 PAGE 9   

0072 E500        R     MOV     A,LED_TT+01H
0074 6401              XRL     A,#01H
0076 4500        R     ORL     A,LED_TT
0078 6003              JZ      $ + 5H
007A 020000      R     LJMP    ?C0014
                                           ; SOURCE LINE # 131
                                           ; SOURCE LINE # 132
007D E500        R     MOV     A,WORK_MODE
007F B40118            CJNE    A,#01H,?C0015
                                           ; SOURCE LINE # 133
                                           ; SOURCE LINE # 134
0082 75A000            MOV     P2,#00H
                                           ; SOURCE LINE # 135
0085 7580FF            MOV     P0,#0FFH
                                           ; SOURCE LINE # 136
0088 75A080            MOV     P2,#080H
                                           ; SOURCE LINE # 137
008B AF00        R     MOV     R7,LED_NUM
008D 7401              MOV     A,#01H
008F A807              MOV     R0,AR7
0091 08                INC     R0
0092 8002              SJMP    ?C0077
0094         ?C0076:
0094 C3                CLR     C
0095 33                RLC     A
0096         ?C0077:
0096 D8FC              DJNZ    R0,?C0076
                                           ; SOURCE LINE # 138
                                           ; SOURCE LINE # 139
0098 801B              SJMP    ?C0082
009A         ?C0015:
                                           ; SOURCE LINE # 140
009A E500        R     MOV     A,WORK_MODE
009C B4021B            CJNE    A,#02H,?C0017
                                           ; SOURCE LINE # 141
                                           ; SOURCE LINE # 142
009F 75A000            MOV     P2,#00H
                                           ; SOURCE LINE # 143
00A2 7580FF            MOV     P0,#0FFH
                                           ; SOURCE LINE # 144
00A5 75A080            MOV     P2,#080H
                                           ; SOURCE LINE # 145
00A8 AF00        R     MOV     R7,LED_NUM
00AA 7480              MOV     A,#080H
00AC A807              MOV     R0,AR7
00AE 08                INC     R0
00AF 8002              SJMP    ?C0079
00B1         ?C0078:
00B1 C3                CLR     C
00B2 13                RRC     A
00B3         ?C0079:
00B3 D8FC              DJNZ    R0,?C0078
00B5         ?C0082:
00B5 F4                CPL     A
00B6 F580              MOV     P0,A
                                           ; SOURCE LINE # 146
                                           ; SOURCE LINE # 147
00B8 806B              SJMP    ?C0084
00BA         ?C0017:
                                           ; SOURCE LINE # 148
00BA E500        R     MOV     A,WORK_MODE
00BC 6403              XRL     A,#03H
C51 COMPILER V9.54   MAIN                                                                  04/06/2022 18:14:58 PAGE 10  

00BE 702F              JNZ     ?C0019
                                           ; SOURCE LINE # 149
                                           ; SOURCE LINE # 150
00C0 F5A0              MOV     P2,A
                                           ; SOURCE LINE # 151
00C2 7580FF            MOV     P0,#0FFH
                                           ; SOURCE LINE # 152
00C5 75A080            MOV     P2,#080H
                                           ; SOURCE LINE # 153
00C8 E500        R     MOV     A,LED_NUM
00CA 7005              JNZ     ?C0020
00CC 75807E            MOV     P0,#07EH
00CF 801C              SJMP    ?C0021
00D1         ?C0020:
                                           ; SOURCE LINE # 154
00D1 E500        R     MOV     A,LED_NUM
00D3 B40105            CJNE    A,#01H,?C0022
00D6 7580BD            MOV     P0,#0BDH
00D9 8012              SJMP    ?C0021
00DB         ?C0022:
                                           ; SOURCE LINE # 155
00DB E500        R     MOV     A,LED_NUM
00DD B40205            CJNE    A,#02H,?C0024
00E0 7580DB            MOV     P0,#0DBH
00E3 8008              SJMP    ?C0021
00E5         ?C0024:
                                           ; SOURCE LINE # 156
00E5 E500        R     MOV     A,LED_NUM
00E7 B40303            CJNE    A,#03H,?C0021
00EA 7580E7            MOV     P0,#0E7H
00ED         ?C0021:
                                           ; SOURCE LINE # 157
00ED         ?C0083:
                                           ; SOURCE LINE # 158
00ED 8036              SJMP    ?C0084
00EF         ?C0019:
                                           ; SOURCE LINE # 159
00EF E500        R     MOV     A,WORK_MODE
00F1 6404              XRL     A,#04H
00F3 6003              JZ      $ + 5H
00F5 020000      R     LJMP    ?C0036
                                           ; SOURCE LINE # 160
                                           ; SOURCE LINE # 161
00F8 F5A0              MOV     P2,A
00FA 7580FF            MOV     P0,#0FFH
00FD 75A080            MOV     P2,#080H
                                           ; SOURCE LINE # 162
0100 E500        R     MOV     A,LED_NUM
0102 7005              JNZ     ?C0029
0104 7580E7            MOV     P0,#0E7H
0107 801C              SJMP    ?C0030
0109         ?C0029:
                                           ; SOURCE LINE # 163
0109 E500        R     MOV     A,LED_NUM
010B B40105            CJNE    A,#01H,?C0031
010E 7580DB            MOV     P0,#0DBH
0111 8012              SJMP    ?C0030
0113         ?C0031:
                                           ; SOURCE LINE # 164
0113 E500        R     MOV     A,LED_NUM
0115 B40205            CJNE    A,#02H,?C0033
0118 7580BD            MOV     P0,#0BDH
C51 COMPILER V9.54   MAIN                                                                  04/06/2022 18:14:58 PAGE 11  

011B 8008              SJMP    ?C0030
011D         ?C0033:
                                           ; SOURCE LINE # 165
011D E500        R     MOV     A,LED_NUM
011F B40303            CJNE    A,#03H,?C0030
0122 75807E            MOV     P0,#07EH
0125         ?C0030:
                                           ; SOURCE LINE # 166
0125         ?C0084:
0125 75A000            MOV     P2,#00H
                                           ; SOURCE LINE # 167
                                           ; SOURCE LINE # 168
0128 020000      R     LJMP    ?C0036
012B         ?C0014:
                                           ; SOURCE LINE # 169
012B E500        R     MOV     A,LIGHT
012D B50013            CJNE    A,LED_TT+01H,?C0037
0130 E4                CLR     A
0131 B5000F            CJNE    A,LED_TT,?C0037
                                           ; SOURCE LINE # 170
                                           ; SOURCE LINE # 171
0134 F5A0              MOV     P2,A
0136 7580FF            MOV     P0,#0FFH
0139 75A080            MOV     P2,#080H
013C 7580FF            MOV     P0,#0FFH
013F C2A0              CLR     P20
                                           ; SOURCE LINE # 172
0141 806D              SJMP    ?C0036
0143         ?C0037:
                                           ; SOURCE LINE # 173
0143 E500        R     MOV     A,LED_TT+01H
0145 6414              XRL     A,#014H
0147 4500        R     ORL     A,LED_TT
0149 7065              JNZ     ?C0036
                                           ; SOURCE LINE # 174
                                           ; SOURCE LINE # 175
014B F500        R     MOV     LED_TT,A
014D F500        R     MOV     LED_TT+01H,A
                                           ; SOURCE LINE # 176
014F 0500        R     INC     LED_T+01H
0151 E500        R     MOV     A,LED_T+01H
0153 7002              JNZ     ?C0081
0155 0500        R     INC     LED_T
0157         ?C0081:
                                           ; SOURCE LINE # 177
0157 AE00        R     MOV     R6,LED_T
0159 FF                MOV     R7,A
015A 7C00              MOV     R4,#00H
015C 7D14              MOV     R5,#014H
015E 120000      E     LCALL   ?C?IMUL
0161 C3                CLR     C
0162 EF                MOV     A,R7
0163 9500        R     SUBB    A,LED_TIME
0165 EE                MOV     A,R6
0166 9C                SUBB    A,R4
0167 4047              JC      ?C0036
                                           ; SOURCE LINE # 178
                                           ; SOURCE LINE # 179
0169 750000      R     MOV     LED_T,#00H
016C 750000      R     MOV     LED_T+01H,#00H
                                           ; SOURCE LINE # 180
016F E500        R     MOV     A,WORK_MODE
C51 COMPILER V9.54   MAIN                                                                  04/06/2022 18:14:58 PAGE 12  

0171 B4010B            CJNE    A,#01H,?C0041
                                           ; SOURCE LINE # 181
                                           ; SOURCE LINE # 182
0174 0500        R     INC     LED_NUM
0176 E500        R     MOV     A,LED_NUM
0178 C3                CLR     C
0179 9408              SUBB    A,#08H
017B 4033              JC      ?C0036
                                           ; SOURCE LINE # 183
017D 802E              SJMP    ?C0087
017F         ?C0041:
                                           ; SOURCE LINE # 184
017F E500        R     MOV     A,WORK_MODE
0181 B4020B            CJNE    A,#02H,?C0044
                                           ; SOURCE LINE # 185
                                           ; SOURCE LINE # 186
0184 0500        R     INC     LED_NUM
0186 E500        R     MOV     A,LED_NUM
0188 C3                CLR     C
0189 9408              SUBB    A,#08H
018B 4023              JC      ?C0036
018D         ?C0085:
                                           ; SOURCE LINE # 187
018D 801E              SJMP    ?C0087
018F         ?C0044:
                                           ; SOURCE LINE # 188
018F E500        R     MOV     A,WORK_MODE
0191 B4030B            CJNE    A,#03H,?C0047
                                           ; SOURCE LINE # 189
                                           ; SOURCE LINE # 190
0194 0500        R     INC     LED_NUM
0196 E500        R     MOV     A,LED_NUM
0198 C3                CLR     C
0199 9404              SUBB    A,#04H
019B 4013              JC      ?C0036
019D         ?C0086:
                                           ; SOURCE LINE # 191
019D 800E              SJMP    ?C0087
019F         ?C0047:
                                           ; SOURCE LINE # 192
019F E500        R     MOV     A,WORK_MODE
01A1 B4040C            CJNE    A,#04H,?C0036
                                           ; SOURCE LINE # 193
                                           ; SOURCE LINE # 194
01A4 0500        R     INC     LED_NUM
01A6 E500        R     MOV     A,LED_NUM
01A8 C3                CLR     C
01A9 9404              SUBB    A,#04H
01AB 4003              JC      ?C0036
01AD         ?C0087:
01AD 750000      R     MOV     LED_NUM,#00H
                                           ; SOURCE LINE # 195
                                           ; SOURCE LINE # 197
                                           ; SOURCE LINE # 199
01B0         ?C0036:
                                           ; SOURCE LINE # 200
01B0 E500        R     MOV     A,AD_TT+01H
01B2 64C8              XRL     A,#0C8H
01B4 4500        R     ORL     A,AD_TT
01B6 704B              JNZ     ?C0060
                                           ; SOURCE LINE # 201
                                           ; SOURCE LINE # 202
C51 COMPILER V9.54   MAIN                                                                  04/06/2022 18:14:58 PAGE 13  

01B8 F500        R     MOV     AD_TT,A
01BA F500        R     MOV     AD_TT+01H,A
                                           ; SOURCE LINE # 203
01BC 7F03              MOV     R7,#03H
01BE 120000      E     LCALL   _AD_Read
01C1 8F00        R     MOV     AD,R7
                                           ; SOURCE LINE # 204
01C3 E500        R     MOV     A,AD
01C5 C3                CLR     C
01C6 9440              SUBB    A,#040H
01C8 5005              JNC     ?C0053
                                           ; SOURCE LINE # 205
                                           ; SOURCE LINE # 206
01CA 750002      R     MOV     LIGHT,#02H
                                           ; SOURCE LINE # 207
01CD 8034              SJMP    ?C0060
01CF         ?C0053:
                                           ; SOURCE LINE # 208
01CF E500        R     MOV     A,AD
01D1 C3                CLR     C
01D2 9440              SUBB    A,#040H
01D4 400B              JC      ?C0055
01D6 E500        R     MOV     A,AD
01D8 9480              SUBB    A,#080H
01DA 5005              JNC     ?C0055
                                           ; SOURCE LINE # 209
                                           ; SOURCE LINE # 210
01DC 750005      R     MOV     LIGHT,#05H
                                           ; SOURCE LINE # 211
01DF 8022              SJMP    ?C0060
01E1         ?C0055:
                                           ; SOURCE LINE # 212
01E1 E500        R     MOV     A,AD
01E3 C3                CLR     C
01E4 9480              SUBB    A,#080H
01E6 400B              JC      ?C0057
01E8 E500        R     MOV     A,AD
01EA 94C0              SUBB    A,#0C0H
01EC 5005              JNC     ?C0057
                                           ; SOURCE LINE # 213
                                           ; SOURCE LINE # 214
01EE 75000A      R     MOV     LIGHT,#0AH
                                           ; SOURCE LINE # 215
01F1 8010              SJMP    ?C0060
01F3         ?C0057:
                                           ; SOURCE LINE # 216
01F3 E500        R     MOV     A,AD
01F5 C3                CLR     C
01F6 94C4              SUBB    A,#0C4H
01F8 4009              JC      ?C0060
01FA 7480              MOV     A,#080H
01FC 9481              SUBB    A,#081H
01FE 5003              JNC     ?C0060
                                           ; SOURCE LINE # 217
                                           ; SOURCE LINE # 218
0200 750013      R     MOV     LIGHT,#013H
                                           ; SOURCE LINE # 219
                                           ; SOURCE LINE # 221
                                           ; SOURCE LINE # 223
0203         ?C0060:
0203 D007              POP     AR7
0205 D006              POP     AR6
C51 COMPILER V9.54   MAIN                                                                  04/06/2022 18:14:58 PAGE 14  

0207 D005              POP     AR5
0209 D004              POP     AR4
020B D003              POP     AR3
020D D002              POP     AR2
020F D001              POP     AR1
0211 D000              POP     AR0
0213 D0D0              POP     PSW
0215 D082              POP     DPL
0217 D083              POP     DPH
0219 D0F0              POP     B
021B D0E0              POP     ACC
021D 32                RETI    
             ; FUNCTION t2int (END)

             ; FUNCTION _Delay_ms (BEGIN)
                                           ; SOURCE LINE # 224
;---- Variable 'ms' assigned to Register 'R7' ----
                                           ; SOURCE LINE # 225
                                           ; SOURCE LINE # 227
;---- Variable 'k' assigned to Register 'R6' ----
0000 E4                CLR     A
0001 FE                MOV     R6,A
0002         ?C0061:
0002 EE                MOV     A,R6
0003 C3                CLR     C
0004 9F                SUBB    A,R7
0005 500B              JNC     ?C0069
                                           ; SOURCE LINE # 228
                                           ; SOURCE LINE # 229
;---- Variable 'i' assigned to Register 'R5' ----
0007 7D0C              MOV     R5,#0CH
                                           ; SOURCE LINE # 230
;---- Variable 'j' assigned to Register 'R4' ----
0009 7CA9              MOV     R4,#0A9H
                                           ; SOURCE LINE # 232
000B         ?C0067:
                                           ; SOURCE LINE # 233
000B DCFE              DJNZ    R4,?C0067
000D         ?C0068:
                                           ; SOURCE LINE # 234
000D         ?C0064:
000D DDFC              DJNZ    R5,?C0067
                                           ; SOURCE LINE # 236
000F 0E                INC     R6
0010 80F0              SJMP    ?C0061
                                           ; SOURCE LINE # 237
0012         ?C0069:
0012 22                RET     
             ; FUNCTION _Delay_ms (END)

             ; FUNCTION allinit (BEGIN)
                                           ; SOURCE LINE # 238
                                           ; SOURCE LINE # 239
                                           ; SOURCE LINE # 240
0000 43A0A0            ORL     P2,#0A0H
                                           ; SOURCE LINE # 241
0003 53A0BF            ANL     P2,#0BFH
                                           ; SOURCE LINE # 242
0006 E4                CLR     A
0007 F580              MOV     P0,A
                                           ; SOURCE LINE # 244
0009 43A080            ORL     P2,#080H
C51 COMPILER V9.54   MAIN                                                                  04/06/2022 18:14:58 PAGE 15  

                                           ; SOURCE LINE # 245
000C 53A09F            ANL     P2,#09FH
                                           ; SOURCE LINE # 246
000F 7580FF            MOV     P0,#0FFH
                                           ; SOURCE LINE # 248
0012 43A0C0            ORL     P2,#0C0H
                                           ; SOURCE LINE # 249
0015 53A0DF            ANL     P2,#0DFH
                                           ; SOURCE LINE # 250
0018 7580FF            MOV     P0,#0FFH
                                           ; SOURCE LINE # 252
001B 43A0E0            ORL     P2,#0E0H
                                           ; SOURCE LINE # 253
                                           ; SOURCE LINE # 254
001E 7580FF            MOV     P0,#0FFH
                                           ; SOURCE LINE # 256
0021 22                RET     
             ; FUNCTION allinit (END)

C51 COMPILER V9.54   MAIN                                                                  04/06/2022 18:14:58 PAGE 16  

NAME                                    CLASS   MSPACE  TYPE    OFFSET  SIZE
====                                    =====   ======  ====    ======  ====


CCF2 . . . . . . . . . . . . . . . . .  ABSBIT   -----  BIT      00DAH  1
P1M0 . . . . . . . . . . . . . . . . .  SFR      DATA   U_CHAR   0092H  1
P0M1 . . . . . . . . . . . . . . . . .  SFR      DATA   U_CHAR   0093H  1
P2M0 . . . . . . . . . . . . . . . . .  SFR      DATA   U_CHAR   0096H  1
P1M1 . . . . . . . . . . . . . . . . .  SFR      DATA   U_CHAR   0091H  1
P0 . . . . . . . . . . . . . . . . . .  SFR      DATA   U_CHAR   0080H  1
Liuzhuan_Interval. . . . . . . . . . .  PUBLIC   DATA   U_INT    0000H  2
P3M0 . . . . . . . . . . . . . . . . .  SFR      DATA   U_CHAR   00B2H  1
P2M1 . . . . . . . . . . . . . . . . .  SFR      DATA   U_CHAR   0095H  1
P1 . . . . . . . . . . . . . . . . . .  SFR      DATA   U_CHAR   0090H  1
KEY_TEMP . . . . . . . . . . . . . . .  PUBLIC   DATA   U_CHAR   0002H  1
P4M0 . . . . . . . . . . . . . . . . .  SFR      DATA   U_CHAR   00B4H  1
P3M1 . . . . . . . . . . . . . . . . .  SFR      DATA   U_CHAR   00B1H  1
P2 . . . . . . . . . . . . . . . . . .  SFR      DATA   U_CHAR   00A0H  1
FLOW_INTERVAL. . . . . . . . . . . . .  PUBLIC   DATA   U_CHAR   0003H  1
S4_FLAG. . . . . . . . . . . . . . . .  PUBLIC   DATA   U_CHAR   0004H  1
WKTCH. . . . . . . . . . . . . . . . .  SFR      DATA   U_CHAR   00ABH  1
P5M0 . . . . . . . . . . . . . . . . .  SFR      DATA   U_CHAR   00CAH  1
P4M1 . . . . . . . . . . . . . . . . .  SFR      DATA   U_CHAR   00B3H  1
P3 . . . . . . . . . . . . . . . . . .  SFR      DATA   U_CHAR   00B0H  1
P6M0 . . . . . . . . . . . . . . . . .  SFR      DATA   U_CHAR   00CCH  1
P5M1 . . . . . . . . . . . . . . . . .  SFR      DATA   U_CHAR   00C9H  1
P4 . . . . . . . . . . . . . . . . . .  SFR      DATA   U_CHAR   00C0H  1
AC . . . . . . . . . . . . . . . . . .  ABSBIT   -----  BIT      00D6H  1
AD . . . . . . . . . . . . . . . . . .  PUBLIC   DATA   U_CHAR   0005H  1
PWMIF. . . . . . . . . . . . . . . . .  SFR      DATA   U_CHAR   00F6H  1
P7M0 . . . . . . . . . . . . . . . . .  SFR      DATA   U_CHAR   00E2H  1
P6M1 . . . . . . . . . . . . . . . . .  SFR      DATA   U_CHAR   00CBH  1
P5 . . . . . . . . . . . . . . . . . .  SFR      DATA   U_CHAR   00C8H  1
EA . . . . . . . . . . . . . . . . . .  ABSBIT   -----  BIT      00AFH  1
P7M1 . . . . . . . . . . . . . . . . .  SFR      DATA   U_CHAR   00E1H  1
P6 . . . . . . . . . . . . . . . . . .  SFR      DATA   U_CHAR   00E8H  1
WKTCL. . . . . . . . . . . . . . . . .  SFR      DATA   U_CHAR   00AAH  1
P7 . . . . . . . . . . . . . . . . . .  SFR      DATA   U_CHAR   00F8H  1
SPCTL. . . . . . . . . . . . . . . . .  SFR      DATA   U_CHAR   00CEH  1
CF . . . . . . . . . . . . . . . . . .  ABSBIT   -----  BIT      00DFH  1
LED_T. . . . . . . . . . . . . . . . .  PUBLIC   DATA   U_INT    0006H  2
S6_SETTING . . . . . . . . . . . . . .  PUBLIC   DATA   U_CHAR   0008H  1
PWMCR. . . . . . . . . . . . . . . . .  SFR      DATA   U_CHAR   00F5H  1
CH . . . . . . . . . . . . . . . . . .  SFR      DATA   U_CHAR   00F9H  1
P_SW1. . . . . . . . . . . . . . . . .  SFR      DATA   U_CHAR   00A2H  1
P_SW2. . . . . . . . . . . . . . . . .  SFR      DATA   U_CHAR   00BAH  1
AD_TT. . . . . . . . . . . . . . . . .  PUBLIC   DATA   U_INT    0009H  2
EADC . . . . . . . . . . . . . . . . .  ABSBIT   -----  BIT      00ADH  1
IE . . . . . . . . . . . . . . . . . .  SFR      DATA   U_CHAR   00A8H  1
CL . . . . . . . . . . . . . . . . . .  SFR      DATA   U_CHAR   00E9H  1
IAP_CMD. . . . . . . . . . . . . . . .  SFR      DATA   U_CHAR   00C5H  1
CCAP0H . . . . . . . . . . . . . . . .  SFR      DATA   U_CHAR   00FAH  1
CCAP1H . . . . . . . . . . . . . . . .  SFR      DATA   U_CHAR   00FBH  1
CCAP2H . . . . . . . . . . . . . . . .  SFR      DATA   U_CHAR   00FCH  1
ADC_RES. . . . . . . . . . . . . . . .  SFR      DATA   U_CHAR   00BDH  1
CCAP0L . . . . . . . . . . . . . . . .  SFR      DATA   U_CHAR   00EAH  1
CR . . . . . . . . . . . . . . . . . .  ABSBIT   -----  BIT      00DEH  1
PWMFDCR. . . . . . . . . . . . . . . .  SFR      DATA   U_CHAR   00F7H  1
CCAP1L . . . . . . . . . . . . . . . .  SFR      DATA   U_CHAR   00EBH  1
CCAPM0 . . . . . . . . . . . . . . . .  SFR      DATA   U_CHAR   00DAH  1
CCAP2L . . . . . . . . . . . . . . . .  SFR      DATA   U_CHAR   00ECH  1
C51 COMPILER V9.54   MAIN                                                                  04/06/2022 18:14:58 PAGE 17  

NAME                                    CLASS   MSPACE  TYPE    OFFSET  SIZE
====                                    =====   ======  ====    ======  ====


CCAPM1 . . . . . . . . . . . . . . . .  SFR      DATA   U_CHAR   00DBH  1
CCAPM2 . . . . . . . . . . . . . . . .  SFR      DATA   U_CHAR   00DCH  1
ES . . . . . . . . . . . . . . . . . .  ABSBIT   -----  BIT      00ACH  1
PADC . . . . . . . . . . . . . . . . .  ABSBIT   -----  BIT      00BDH  1
IP . . . . . . . . . . . . . . . . . .  SFR      DATA   U_CHAR   00B8H  1
RI . . . . . . . . . . . . . . . . . .  ABSBIT   -----  BIT      0098H  1
CY . . . . . . . . . . . . . . . . . .  ABSBIT   -----  BIT      00D7H  1
TI . . . . . . . . . . . . . . . . . .  ABSBIT   -----  BIT      0099H  1
CLK_DIV. . . . . . . . . . . . . . . .  SFR      DATA   U_CHAR   0097H  1
IAP_ADDRH. . . . . . . . . . . . . . .  SFR      DATA   U_CHAR   00C3H  1
PS . . . . . . . . . . . . . . . . . .  ABSBIT   -----  BIT      00BCH  1
SP . . . . . . . . . . . . . . . . . .  SFR      DATA   U_CHAR   0081H  1
CMOD . . . . . . . . . . . . . . . . .  SFR      DATA   U_CHAR   00D9H  1
CCON . . . . . . . . . . . . . . . . .  SFR      DATA   U_CHAR   00D8H  1
IAP_ADDRL. . . . . . . . . . . . . . .  SFR      DATA   U_CHAR   00C4H  1
PPCA . . . . . . . . . . . . . . . . .  ABSBIT   -----  BIT      00BFH  1
OV . . . . . . . . . . . . . . . . . .  ABSBIT   -----  BIT      00D2H  1
Led_Light_T. . . . . . . . . . . . . .  PUBLIC   DATA   U_INT    000BH  2
main . . . . . . . . . . . . . . . . .  PUBLIC   CODE   PROC     0000H  -----
LED_NUM. . . . . . . . . . . . . . . .  PUBLIC   DATA   U_CHAR   000DH  1
CMPCR1 . . . . . . . . . . . . . . . .  SFR      DATA   U_CHAR   00E6H  1
CMPCR2 . . . . . . . . . . . . . . . .  SFR      DATA   U_CHAR   00E7H  1
ELVD . . . . . . . . . . . . . . . . .  ABSBIT   -----  BIT      00AEH  1
P00. . . . . . . . . . . . . . . . . .  ABSBIT   -----  BIT      0080H  1
ADC_CONTR. . . . . . . . . . . . . . .  SFR      DATA   U_CHAR   00BCH  1
SBUF . . . . . . . . . . . . . . . . .  SFR      DATA   U_CHAR   0099H  1
PCON . . . . . . . . . . . . . . . . .  SFR      DATA   U_CHAR   0087H  1
P10. . . . . . . . . . . . . . . . . .  ABSBIT   -----  BIT      0090H  1
P01. . . . . . . . . . . . . . . . . .  ABSBIT   -----  BIT      0081H  1
P20. . . . . . . . . . . . . . . . . .  ABSBIT   -----  BIT      00A0H  1
P11. . . . . . . . . . . . . . . . . .  ABSBIT   -----  BIT      0091H  1
P02. . . . . . . . . . . . . . . . . .  ABSBIT   -----  BIT      0082H  1
_Delay_ms. . . . . . . . . . . . . . .  PUBLIC   CODE   PROC     0000H  -----
  ms . . . . . . . . . . . . . . . . .  * REG *  DATA   U_CHAR   0007H  1
  i. . . . . . . . . . . . . . . . . .  * REG *  DATA   U_CHAR   0005H  1
  j. . . . . . . . . . . . . . . . . .  * REG *  DATA   U_CHAR   0004H  1
  k. . . . . . . . . . . . . . . . . .  * REG *  DATA   U_CHAR   0006H  1
P30. . . . . . . . . . . . . . . . . .  ABSBIT   -----  BIT      00B0H  1
P21. . . . . . . . . . . . . . . . . .  ABSBIT   -----  BIT      00A1H  1
P12. . . . . . . . . . . . . . . . . .  ABSBIT   -----  BIT      0092H  1
P03. . . . . . . . . . . . . . . . . .  ABSBIT   -----  BIT      0083H  1
SCON . . . . . . . . . . . . . . . . .  SFR      DATA   U_CHAR   0098H  1
P40. . . . . . . . . . . . . . . . . .  ABSBIT   -----  BIT      00C0H  1
P31. . . . . . . . . . . . . . . . . .  ABSBIT   -----  BIT      00B1H  1
P22. . . . . . . . . . . . . . . . . .  ABSBIT   -----  BIT      00A2H  1
P13. . . . . . . . . . . . . . . . . .  ABSBIT   -----  BIT      0093H  1
P04. . . . . . . . . . . . . . . . . .  ABSBIT   -----  BIT      0084H  1
TMOD . . . . . . . . . . . . . . . . .  SFR      DATA   U_CHAR   0089H  1
TCON . . . . . . . . . . . . . . . . .  SFR      DATA   U_CHAR   0088H  1
P50. . . . . . . . . . . . . . . . . .  ABSBIT   -----  BIT      00C8H  1
P41. . . . . . . . . . . . . . . . . .  ABSBIT   -----  BIT      00C1H  1
P32. . . . . . . . . . . . . . . . . .  ABSBIT   -----  BIT      00B2H  1
P23. . . . . . . . . . . . . . . . . .  ABSBIT   -----  BIT      00A3H  1
P14. . . . . . . . . . . . . . . . . .  ABSBIT   -----  BIT      0094H  1
P05. . . . . . . . . . . . . . . . . .  ABSBIT   -----  BIT      0085H  1
P60. . . . . . . . . . . . . . . . . .  ABSBIT   -----  BIT      00E8H  1
P51. . . . . . . . . . . . . . . . . .  ABSBIT   -----  BIT      00C9H  1
C51 COMPILER V9.54   MAIN                                                                  04/06/2022 18:14:58 PAGE 18  

NAME                                    CLASS   MSPACE  TYPE    OFFSET  SIZE
====                                    =====   ======  ====    ======  ====


P42. . . . . . . . . . . . . . . . . .  ABSBIT   -----  BIT      00C2H  1
P33. . . . . . . . . . . . . . . . . .  ABSBIT   -----  BIT      00B3H  1
P24. . . . . . . . . . . . . . . . . .  ABSBIT   -----  BIT      00A4H  1
P15. . . . . . . . . . . . . . . . . .  ABSBIT   -----  BIT      0095H  1
P06. . . . . . . . . . . . . . . . . .  ABSBIT   -----  BIT      0086H  1
PLVD . . . . . . . . . . . . . . . . .  ABSBIT   -----  BIT      00BEH  1
P70. . . . . . . . . . . . . . . . . .  ABSBIT   -----  BIT      00F8H  1
P61. . . . . . . . . . . . . . . . . .  ABSBIT   -----  BIT      00E9H  1
P52. . . . . . . . . . . . . . . . . .  ABSBIT   -----  BIT      00CAH  1
P43. . . . . . . . . . . . . . . . . .  ABSBIT   -----  BIT      00C3H  1
P34. . . . . . . . . . . . . . . . . .  ABSBIT   -----  BIT      00B4H  1
P25. . . . . . . . . . . . . . . . . .  ABSBIT   -----  BIT      00A5H  1
P16. . . . . . . . . . . . . . . . . .  ABSBIT   -----  BIT      0096H  1
P07. . . . . . . . . . . . . . . . . .  ABSBIT   -----  BIT      0087H  1
tab. . . . . . . . . . . . . . . . . .  PUBLIC   DATA   ARRAY    000EH  22
P71. . . . . . . . . . . . . . . . . .  ABSBIT   -----  BIT      00F9H  1
P62. . . . . . . . . . . . . . . . . .  ABSBIT   -----  BIT      00EAH  1
P53. . . . . . . . . . . . . . . . . .  ABSBIT   -----  BIT      00CBH  1
P44. . . . . . . . . . . . . . . . . .  ABSBIT   -----  BIT      00C4H  1
P35. . . . . . . . . . . . . . . . . .  ABSBIT   -----  BIT      00B5H  1
P26. . . . . . . . . . . . . . . . . .  ABSBIT   -----  BIT      00A6H  1
P17. . . . . . . . . . . . . . . . . .  ABSBIT   -----  BIT      0097H  1
P72. . . . . . . . . . . . . . . . . .  ABSBIT   -----  BIT      00FAH  1
P63. . . . . . . . . . . . . . . . . .  ABSBIT   -----  BIT      00EBH  1
P54. . . . . . . . . . . . . . . . . .  ABSBIT   -----  BIT      00CCH  1
P45. . . . . . . . . . . . . . . . . .  ABSBIT   -----  BIT      00C5H  1
P36. . . . . . . . . . . . . . . . . .  ABSBIT   -----  BIT      00B6H  1
P27. . . . . . . . . . . . . . . . . .  ABSBIT   -----  BIT      00A7H  1
P73. . . . . . . . . . . . . . . . . .  ABSBIT   -----  BIT      00FBH  1
P64. . . . . . . . . . . . . . . . . .  ABSBIT   -----  BIT      00ECH  1
P55. . . . . . . . . . . . . . . . . .  ABSBIT   -----  BIT      00CDH  1
P46. . . . . . . . . . . . . . . . . .  ABSBIT   -----  BIT      00C6H  1
P37. . . . . . . . . . . . . . . . . .  ABSBIT   -----  BIT      00B7H  1
P74. . . . . . . . . . . . . . . . . .  ABSBIT   -----  BIT      00FCH  1
P65. . . . . . . . . . . . . . . . . .  ABSBIT   -----  BIT      00EDH  1
P56. . . . . . . . . . . . . . . . . .  ABSBIT   -----  BIT      00CEH  1
P47. . . . . . . . . . . . . . . . . .  ABSBIT   -----  BIT      00C7H  1
P75. . . . . . . . . . . . . . . . . .  ABSBIT   -----  BIT      00FDH  1
P66. . . . . . . . . . . . . . . . . .  ABSBIT   -----  BIT      00EEH  1
P57. . . . . . . . . . . . . . . . . .  ABSBIT   -----  BIT      00CFH  1
P76. . . . . . . . . . . . . . . . . .  ABSBIT   -----  BIT      00FEH  1
P67. . . . . . . . . . . . . . . . . .  ABSBIT   -----  BIT      00EFH  1
IE0. . . . . . . . . . . . . . . . . .  ABSBIT   -----  BIT      0089H  1
BUS_SPEED. . . . . . . . . . . . . . .  SFR      DATA   U_CHAR   00A1H  1
P77. . . . . . . . . . . . . . . . . .  ABSBIT   -----  BIT      00FFH  1
IE1. . . . . . . . . . . . . . . . . .  ABSBIT   -----  BIT      008BH  1
IE2. . . . . . . . . . . . . . . . . .  SFR      DATA   U_CHAR   00AFH  1
AUXR . . . . . . . . . . . . . . . . .  SFR      DATA   U_CHAR   008EH  1
B. . . . . . . . . . . . . . . . . . .  SFR      DATA   U_CHAR   00F0H  1
tm0_isr. . . . . . . . . . . . . . . .  PUBLIC   CODE   PROC     0000H  -----
IAP_CONTR. . . . . . . . . . . . . . .  SFR      DATA   U_CHAR   00C7H  1
PWMCFG . . . . . . . . . . . . . . . .  SFR      DATA   U_CHAR   00F1H  1
ACC. . . . . . . . . . . . . . . . . .  SFR      DATA   U_CHAR   00E0H  1
ET0. . . . . . . . . . . . . . . . . .  ABSBIT   -----  BIT      00A9H  1
LED_Bits . . . . . . . . . . . . . . .  PUBLIC   DATA   U_CHAR   0024H  1
TF0. . . . . . . . . . . . . . . . . .  ABSBIT   -----  BIT      008DH  1
ET1. . . . . . . . . . . . . . . . . .  ABSBIT   -----  BIT      00ABH  1
C51 COMPILER V9.54   MAIN                                                                  04/06/2022 18:14:58 PAGE 19  

NAME                                    CLASS   MSPACE  TYPE    OFFSET  SIZE
====                                    =====   ======  ====    ======  ====


Timer0Init . . . . . . . . . . . . . .  PUBLIC   CODE   PROC     0000H  -----
WORK_MODE. . . . . . . . . . . . . . .  PUBLIC   DATA   U_CHAR   0025H  1
TF1. . . . . . . . . . . . . . . . . .  ABSBIT   -----  BIT      008FH  1
IP2. . . . . . . . . . . . . . . . . .  SFR      DATA   U_CHAR   00B5H  1
RB8. . . . . . . . . . . . . . . . . .  ABSBIT   -----  BIT      009AH  1
TH0. . . . . . . . . . . . . . . . . .  SFR      DATA   U_CHAR   008CH  1
Timer2Init . . . . . . . . . . . . . .  PUBLIC   CODE   PROC     0000H  -----
TH1. . . . . . . . . . . . . . . . . .  SFR      DATA   U_CHAR   008DH  1
IT0. . . . . . . . . . . . . . . . . .  ABSBIT   -----  BIT      0088H  1
EX0. . . . . . . . . . . . . . . . . .  ABSBIT   -----  BIT      00A8H  1
TB8. . . . . . . . . . . . . . . . . .  ABSBIT   -----  BIT      009BH  1
T2H. . . . . . . . . . . . . . . . . .  SFR      DATA   U_CHAR   00D6H  1
IT1. . . . . . . . . . . . . . . . . .  ABSBIT   -----  BIT      008AH  1
EX1. . . . . . . . . . . . . . . . . .  ABSBIT   -----  BIT      00AAH  1
T3H. . . . . . . . . . . . . . . . . .  SFR      DATA   U_CHAR   00D4H  1
P. . . . . . . . . . . . . . . . . . .  ABSBIT   -----  BIT      00D0H  1
SM0. . . . . . . . . . . . . . . . . .  ABSBIT   -----  BIT      009FH  1
T4H. . . . . . . . . . . . . . . . . .  SFR      DATA   U_CHAR   00D2H  1
TL0. . . . . . . . . . . . . . . . . .  SFR      DATA   U_CHAR   008AH  1
SM1. . . . . . . . . . . . . . . . . .  ABSBIT   -----  BIT      009EH  1
TL1. . . . . . . . . . . . . . . . . .  SFR      DATA   U_CHAR   008BH  1
SM2. . . . . . . . . . . . . . . . . .  ABSBIT   -----  BIT      009DH  1
T2L. . . . . . . . . . . . . . . . . .  SFR      DATA   U_CHAR   00D7H  1
T3L. . . . . . . . . . . . . . . . . .  SFR      DATA   U_CHAR   00D5H  1
Digbuf . . . . . . . . . . . . . . . .  PUBLIC   DATA   ARRAY    0026H  8
T4L. . . . . . . . . . . . . . . . . .  SFR      DATA   U_CHAR   00D3H  1
PT0. . . . . . . . . . . . . . . . . .  ABSBIT   -----  BIT      00B9H  1
PT1. . . . . . . . . . . . . . . . . .  ABSBIT   -----  BIT      00BBH  1
RS0. . . . . . . . . . . . . . . . . .  ABSBIT   -----  BIT      00D3H  1
Digcom . . . . . . . . . . . . . . . .  PUBLIC   DATA   U_CHAR   002EH  1
IAP_DATA . . . . . . . . . . . . . . .  SFR      DATA   U_CHAR   00C2H  1
TR0. . . . . . . . . . . . . . . . . .  ABSBIT   -----  BIT      008CH  1
RS1. . . . . . . . . . . . . . . . . .  ABSBIT   -----  BIT      00D4H  1
TR1. . . . . . . . . . . . . . . . . .  ABSBIT   -----  BIT      008EH  1
WDT_CONTR. . . . . . . . . . . . . . .  SFR      DATA   U_CHAR   00C1H  1
PX0. . . . . . . . . . . . . . . . . .  ABSBIT   -----  BIT      00B8H  1
PX1. . . . . . . . . . . . . . . . . .  ABSBIT   -----  BIT      00BAH  1
PCA_PWM0 . . . . . . . . . . . . . . .  SFR      DATA   U_CHAR   00F2H  1
PCA_PWM1 . . . . . . . . . . . . . . .  SFR      DATA   U_CHAR   00F3H  1
PCA_PWM2 . . . . . . . . . . . . . . .  SFR      DATA   U_CHAR   00F4H  1
P1ASF. . . . . . . . . . . . . . . . .  SFR      DATA   U_CHAR   009DH  1
DPH. . . . . . . . . . . . . . . . . .  SFR      DATA   U_CHAR   0083H  1
T3T4M. . . . . . . . . . . . . . . . .  SFR      DATA   U_CHAR   00D1H  1
T4T3M. . . . . . . . . . . . . . . . .  SFR      DATA   U_CHAR   00D1H  1
LED_TT . . . . . . . . . . . . . . . .  PUBLIC   DATA   U_INT    002FH  2
ADC_RESL . . . . . . . . . . . . . . .  SFR      DATA   U_CHAR   00BEH  1
DPL. . . . . . . . . . . . . . . . . .  SFR      DATA   U_CHAR   0082H  1
SPSTAT . . . . . . . . . . . . . . . .  SFR      DATA   U_CHAR   00CDH  1
_AD_Read . . . . . . . . . . . . . . .  EXTERN   CODE   PROC     -----  -----
S2BUF. . . . . . . . . . . . . . . . .  SFR      DATA   U_CHAR   009BH  1
S3BUF. . . . . . . . . . . . . . . . .  SFR      DATA   U_CHAR   00ADH  1
S4BUF. . . . . . . . . . . . . . . . .  SFR      DATA   U_CHAR   0085H  1
REN. . . . . . . . . . . . . . . . . .  ABSBIT   -----  BIT      009CH  1
LED_TIME . . . . . . . . . . . . . . .  PUBLIC   DATA   U_CHAR   0031H  1
S2CON. . . . . . . . . . . . . . . . .  SFR      DATA   U_CHAR   009AH  1
S3CON. . . . . . . . . . . . . . . . .  SFR      DATA   U_CHAR   00ACH  1
i. . . . . . . . . . . . . . . . . . .  PUBLIC   DATA   U_INT    0032H  2
C51 COMPILER V9.54   MAIN                                                                  04/06/2022 18:14:58 PAGE 20  

NAME                                    CLASS   MSPACE  TYPE    OFFSET  SIZE
====                                    =====   ======  ====    ======  ====


S4CON. . . . . . . . . . . . . . . . .  SFR      DATA   U_CHAR   0084H  1
KEY. . . . . . . . . . . . . . . . . .  PUBLIC   DATA   U_CHAR   0034H  1
Led_Liuzhuan_On. . . . . . . . . . . .  PUBLIC   DATA   BIT      0000H  1
Liuzhuan_Count_Tt. . . . . . . . . . .  PUBLIC   DATA   U_INT    0035H  2
SADEN. . . . . . . . . . . . . . . . .  SFR      DATA   U_CHAR   00B9H  1
LED_FLOW . . . . . . . . . . . . . . .  PUBLIC   DATA   U_CHAR   0037H  1
SADDR. . . . . . . . . . . . . . . . .  SFR      DATA   U_CHAR   00A9H  1
allinit. . . . . . . . . . . . . . . .  PUBLIC   CODE   PROC     0000H  -----
Work_Moded . . . . . . . . . . . . . .  PUBLIC   DATA   U_CHAR   0038H  1
keyscan. . . . . . . . . . . . . . . .  PUBLIC   CODE   PROC     0000H  -----
IAP_TRIG . . . . . . . . . . . . . . .  SFR      DATA   U_CHAR   00C6H  1
AUXR1. . . . . . . . . . . . . . . . .  SFR      DATA   U_CHAR   00A2H  1
t2int. . . . . . . . . . . . . . . . .  PUBLIC   CODE   PROC     0000H  -----
FLOW_INTERVAL_SAVE_VALUE . . . . . . .  PUBLIC   DATA   ARRAY    0039H  5
SET_TT . . . . . . . . . . . . . . . .  PUBLIC   DATA   U_INT    003EH  2
F0 . . . . . . . . . . . . . . . . . .  ABSBIT   -----  BIT      00D5H  1
INT_CLKO . . . . . . . . . . . . . . .  SFR      DATA   U_CHAR   008FH  1
LIGHT. . . . . . . . . . . . . . . . .  PUBLIC   DATA   U_CHAR   0040H  1
PSW. . . . . . . . . . . . . . . . . .  SFR      DATA   U_CHAR   00D0H  1
CCF0 . . . . . . . . . . . . . . . . .  ABSBIT   -----  BIT      00D8H  1
CCF1 . . . . . . . . . . . . . . . . .  ABSBIT   -----  BIT      00D9H  1
SPDAT. . . . . . . . . . . . . . . . .  SFR      DATA   U_CHAR   00CFH  1
P0M0 . . . . . . . . . . . . . . . . .  SFR      DATA   U_CHAR   0094H  1


MODULE INFORMATION:   STATIC OVERLAYABLE
   CODE SIZE        =    682    ----
   CONSTANT SIZE    =   ----    ----
   XDATA SIZE       =   ----    ----
   PDATA SIZE       =   ----    ----
   DATA SIZE        =     65    ----
   IDATA SIZE       =   ----    ----
   BIT SIZE         =      1    ----
   EDATA SIZE       =   ----    ----
   HDATA SIZE       =   ----    ----
   XDATA CONST SIZE =   ----    ----
   FAR CONST SIZE   =   ----    ----
END OF MODULE INFORMATION.


C51 COMPILATION COMPLETE.  0 WARNING(S),  0 ERROR(S)
