[2022-03-30 10:43:57]	compilation failed at : "c:\Users\Maxwell\Desktop\FILMS\kEILPROJECT\第十二届省赛题2.0\iic.c", exit code: 2
  at unify_builder.Program.Main (System.String[] args) [0x018f4] in <bd240058e6d9420e965b9407b6b7bc53>:0 
---
C51 COMPILER V9.54 - SN: K1DZC-FPDZAC
COPYRIGHT Copyright (C) 2012 - 2015 ARM Ltd and ARM Germany GmbH. All rights reserved.
*** WARNING C318 IN LINE 8 OF .\IIC.C: can't open file 'STC15F2K60F2.H'
*** ERROR C202 IN LINE 18 OF .\IIC.C: 'P2': undefined identifier
*** ERROR C202 IN LINE 19 OF .\IIC.C: 'P2': undefined identifier
*** ERROR C202 IN LINE 25 OF .\IIC.C: 'SDA': undefined identifier
*** ERROR C202 IN LINE 26 OF .\IIC.C: 'SCL': undefined identifier
*** ERROR C202 IN LINE 28 OF .\IIC.C: 'SDA': undefined identifier
*** ERROR C202 IN LINE 30 OF .\IIC.C: 'SCL': undefined identifier
*** ERROR C202 IN LINE 36 OF .\IIC.C: 'SDA': undefined identifier
*** ERROR C202 IN LINE 37 OF .\IIC.C: 'SCL': undefined identifier
*** ERROR C202 IN LINE 39 OF .\IIC.C: 'SDA': undefined identifier
*** ERROR C202 IN LINE 47 OF .\IIC.C: 'SDA': undefined identifier
*** ERROR C202 IN LINE 51 OF .\IIC.C: 'SDA': undefined identifier
*** ERROR C202 IN LINE 54 OF .\IIC.C: 'SCL': undefined identifier
*** ERROR C202 IN LINE 56 OF .\IIC.C: 'SCL': undefined identifier
*** ERROR C202 IN LINE 57 OF .\IIC.C: 'SDA': undefined identifier
*** ERROR C202 IN LINE 64 OF .\IIC.C: 'SDA': undefined identifier
*** ERROR C202 IN LINE 66 OF .\IIC.C: 'SCL': undefined identifier
*** ERROR C202 IN LINE 68 OF .\IIC.C: 'SDA': undefined identifier
*** ERROR C202 IN LINE 70 OF .\IIC.C: 'SCL': undefined identifier
*** ERROR C202 IN LINE 76 OF .\IIC.C: 'SCL': undefined identifier
*** ERROR C202 IN LINE 89 OF .\IIC.C: 'SDA': undefined identifier
*** ERROR C202 IN LINE 93 OF .\IIC.C: 'SDA': undefined identifier
*** ERROR C202 IN LINE 96 OF .\IIC.C: 'SCL': undefined identifier
*** ERROR C202 IN LINE 99 OF .\IIC.C: 'SCL': undefined identifier
*** ERROR C202 IN LINE 111 OF .\IIC.C: 'SCL': undefined identifier
*** ERROR C202 IN LINE 114 OF .\IIC.C: 'SDA': undefined identifier
*** ERROR C202 IN LINE 116 OF .\IIC.C: 'SCL': undefined identifier
C51 COMPILATION COMPLETE.  1 WARNING(S),  26 ERROR(S)

[2022-03-30 10:44:40]	compilation failed at : "c:\Users\Maxwell\Desktop\FILMS\kEILPROJECT\第十二届省赛题2.0\main.c", exit code: 2
  at unify_builder.Program.Main (System.String[] args) [0x018f4] in <bd240058e6d9420e965b9407b6b7bc53>:0 
---
C51 COMPILER V9.54 - SN: K1DZC-FPDZAC
COPYRIGHT Copyright (C) 2012 - 2015 ARM Ltd and ARM Germany GmbH. All rights reserved.
*** ERROR C202 IN LINE 186 OF .\MAIN.C: 'E2': undefined identifier
*** ERROR C132 IN LINE 190 OF .\MAIN.C: 'interrupt12': not in formal parameter list
*** ERROR C141 IN LINE 190 OF .\MAIN.C: syntax error near '{'
*** ERROR C132 IN LINE 191 OF .\MAIN.C: 'P2': not in formal parameter list
*** ERROR C132 IN LINE 192 OF .\MAIN.C: 'P2': not in formal parameter list
*** ERROR C244 IN LINE 193 OF .\MAIN.C: 'P0': can't initialize, bad type or class
*** ERROR C132 IN LINE 193 OF .\MAIN.C: 'P0': not in formal parameter list
*** ERROR C132 IN LINE 195 OF .\MAIN.C: 'P2': not in formal parameter list
*** ERROR C141 IN LINE 195 OF .\MAIN.C: syntax error near '|='
*** ERROR C132 IN LINE 196 OF .\MAIN.C: 'P2': not in formal parameter list
*** ERROR C244 IN LINE 197 OF .\MAIN.C: 'P0': can't initialize, bad type or class
*** ERROR C132 IN LINE 197 OF .\MAIN.C: 'P0': not in formal parameter list
*** ERROR C132 IN LINE 199 OF .\MAIN.C: 'P2': not in formal parameter list
*** ERROR C141 IN LINE 199 OF .\MAIN.C: syntax error near '|='
*** ERROR C132 IN LINE 200 OF .\MAIN.C: 'P2': not in formal parameter list
*** ERROR C244 IN LINE 201 OF .\MAIN.C: 'P0': can't initialize, bad type or class
*** ERROR C132 IN LINE 201 OF .\MAIN.C: 'P0': not in formal parameter list
*** ERROR C141 IN LINE 203 OF .\MAIN.C: syntax error near 'if'
*** ERROR C141 IN LINE 203 OF .\MAIN.C: syntax error near '++'
*** ERROR C129 IN LINE 203 OF .\MAIN.C: missing ';' before '=='
C51 COMPILATION COMPLETE.  0 WARNING(S),  20 ERROR(S)

[2022-03-30 10:45:19]	compilation failed at : "c:\Users\Maxwell\Desktop\FILMS\kEILPROJECT\第十二届省赛题2.0\main.c", exit code: 2
  at unify_builder.Program.Main (System.String[] args) [0x018f4] in <bd240058e6d9420e965b9407b6b7bc53>:0 
---
C51 COMPILER V9.54 - SN: K1DZC-FPDZAC
COPYRIGHT Copyright (C) 2012 - 2015 ARM Ltd and ARM Germany GmbH. All rights reserved.
*** ERROR C202 IN LINE 186 OF .\MAIN.C: 'E2': undefined identifier
C51 COMPILATION COMPLETE.  0 WARNING(S),  1 ERROR(S)

[2022-03-30 10:45:30]	compilation failed at : "c:\Users\Maxwell\Desktop\FILMS\kEILPROJECT\第十二届省赛题2.0\main.c", exit code: 2
  at unify_builder.Program.Main (System.String[] args) [0x018f4] in <bd240058e6d9420e965b9407b6b7bc53>:0 
---
C51 COMPILER V9.54 - SN: K1DZC-FPDZAC
COPYRIGHT Copyright (C) 2012 - 2015 ARM Ltd and ARM Germany GmbH. All rights reserved.
*** ERROR C202 IN LINE 186 OF .\MAIN.C: 'E2': undefined identifier
C51 COMPILATION COMPLETE.  0 WARNING(S),  1 ERROR(S)

[2022-03-30 10:46:03]	compilation failed at : "c:\Users\Maxwell\Desktop\FILMS\kEILPROJECT\第十二届省赛题2.0\main.c", exit code: 2
  at unify_builder.Program.Main (System.String[] args) [0x018f4] in <bd240058e6d9420e965b9407b6b7bc53>:0 
---
C51 COMPILER V9.54 - SN: K1DZC-FPDZAC
COPYRIGHT Copyright (C) 2012 - 2015 ARM Ltd and ARM Germany GmbH. All rights reserved.
*** ERROR C202 IN LINE 186 OF .\MAIN.C: 'E2': undefined identifier
C51 COMPILATION COMPLETE.  0 WARNING(S),  1 ERROR(S)

[2022-03-30 10:47:24]	compilation failed at : "c:\Users\Maxwell\Desktop\FILMS\kEILPROJECT\第十二届省赛题2.0\main.c", exit code: 2
  at unify_builder.Program.Main (System.String[] args) [0x018f4] in <bd240058e6d9420e965b9407b6b7bc53>:0 
---
C51 COMPILER V9.54 - SN: K1DZC-FPDZAC
COPYRIGHT Copyright (C) 2012 - 2015 ARM Ltd and ARM Germany GmbH. All rights reserved.
*** ERROR C202 IN LINE 186 OF .\MAIN.C: 'E2': undefined identifier
C51 COMPILATION COMPLETE.  0 WARNING(S),  1 ERROR(S)

[2022-03-30 10:47:41]	compilation failed at : "c:\Users\Maxwell\Desktop\FILMS\kEILPROJECT\第十二届省赛题2.0\main.c", exit code: 2
  at unify_builder.Program.Main (System.String[] args) [0x018f4] in <bd240058e6d9420e965b9407b6b7bc53>:0 
---
C51 COMPILER V9.54 - SN: K1DZC-FPDZAC
COPYRIGHT Copyright (C) 2012 - 2015 ARM Ltd and ARM Germany GmbH. All rights reserved.
*** ERROR C202 IN LINE 186 OF .\MAIN.C: 'E2': undefined identifier
C51 COMPILATION COMPLETE.  0 WARNING(S),  1 ERROR(S)

[2022-03-30 10:48:26]	[done]
	build successfully !

[2022-03-30 10:51:14]	compilation failed at : "c:\Users\Maxwell\Desktop\FILMS\kEILPROJECT\第十二届省赛题2.0\iic.c", exit code: 2
  at unify_builder.Program.Main (System.String[] args) [0x018f4] in <bd240058e6d9420e965b9407b6b7bc53>:0 
---
C51 COMPILER V9.54 - SN: K1DZC-FPDZAC
COPYRIGHT Copyright (C) 2012 - 2015 ARM Ltd and ARM Germany GmbH. All rights reserved.
*** ERROR C141 IN LINE 138 OF .\IIC.C: syntax error near 'return'
C51 COMPILATION COMPLETE.  0 WARNING(S),  1 ERROR(S)

[2022-03-30 10:51:23]	[done]
	build successfully !

[2022-03-30 11:04:14]	compilation failed at : "c:\Users\Maxwell\Desktop\FILMS\kEILPROJECT\第十二届省赛题2.0\iic.c", exit code: 2
  at unify_builder.Program.Main (System.String[] args) [0x018f4] in <bd240058e6d9420e965b9407b6b7bc53>:0 
---
C51 COMPILER V9.54 - SN: K1DZC-FPDZAC
COPYRIGHT Copyright (C) 2012 - 2015 ARM Ltd and ARM Germany GmbH. All rights reserved.
*** ERROR C141 IN LINE 168 OF .\IIC.C: syntax error near 'IIC_Stop'
C51 COMPILATION COMPLETE.  0 WARNING(S),  1 ERROR(S)

[2022-03-30 11:04:21]	[done]
	build successfully !

[2022-03-30 11:04:24]	[done]
	build successfully !

[2022-03-30 11:04:38]	[done]
	build successfully !

[2022-03-30 11:04:43]	[done]
	build successfully !

[2022-03-30 11:23:56]	[done]
	build successfully !

[2022-03-30 11:28:48]	[done]
	build successfully !

[2022-03-30 14:30:53]	[done]
	build successfully !

[2022-03-30 14:45:23]	[done]
	build successfully !

