C51 COMPILER V9.54   MAIN                                                                  03/30/2022 14:45:23 PAGE 1   


C51 COMPILER V9.54, COMPILATION OF MODULE MAIN
OBJECT MODULE PLACED IN .\build\Target 1\main.o
COMPILER INVOKED BY: D:\Keil51\C51\BIN\C51.exe .\MAIN.C PRINT(.\build\Target 1\main.lst) OMF2 TABS(4) CODE NOCOND SYMBOL
                    -S OPTIMIZE(8,SPEED) SMALL ROM(LARGE) INCDIR(D:/Keil51/C51/INC/STC;D:\Keil51\C51\INC) DEFINE(__UVISION_VERSION=526) OBJEC
                    -T(.\build\Target 1\main.o)

line level    source

   1          #include <STC15F2K60S2.h>
   2          #include <INTRINS.h>
   3          #include "iic.h"
   4          
   5          #define uchar unsigned char 
   6          #define uint unsigned char 
   7          
   8          uchar tab[]={0xc0,0xf9,0xa4,0xb0,0x99,0x92,0x82,0xf8,0x80,0x90,
   9                          0x40,0x70,0x20,0x30,0x19,0x12,0x02,0x78,0x00,0x10,
  10                                                              0xbf,0xff,
  11                                                                      0xc1,0x8c,0xab};//U P N//
  12          uchar Digbuf[]={21,21,21,21,21,21,21,21};
  13          uchar DIgcom=0;
  14          uchar AD=0;
  15          uchar Voltage_P=0;
  16          uchar Voltage=0;
  17          uchar AD_LAST=0;
  18          uchar AD_NOW=0;
  19          
  20          uchar INTERFACE=0;//0-数据显示，1-参数界面，2-计数界面
  21          uint Counter_Num=0;
  22          uchar wuxiao_Button=0;
  23          uint vol_Over_tt=0;
  24          
  25          void chufa_jishu();
  26          
  27          void allinit();
  28          void keyscan16_2();
  29          void Timer2Init(void);      //1毫秒@12.000MHz
  30          void Delay_ms(uint ms);     //@12.000MHz
  31          void main()
  32          {
  33   1          allinit();
  34   1          Timer2Init();
  35   1      
  36   1          while (1)
  37   1          {
  38   2              chufa_jishu();
  39   2      
  40   2              AD=AD_Read(0x03);
  41   2              Voltage=AD*1.96;
  42   2      
  43   2              Voltage_P=EEPROM_Read(0x00);
  44   2      
  45   2              keyscan16_2();
  46   2      
  47   2      
  48   2              if (wuxiao_Button>=4)//******************************************LED3*****************************
             -*******************//
  49   2              {
  50   3                  P2=0x80;
  51   3                  P0=~0x04;
  52   3              }
C51 COMPILER V9.54   MAIN                                                                  03/30/2022 14:45:23 PAGE 2   

  53   2              else
  54   2              {
  55   3                  P2=0x80;
  56   3                  P0=0xff;
  57   3              }
  58   2              if (vol_Over_tt>=5000)//******************************************LED1****************************
             -********************//
  59   2              {
  60   3                  P2=0x80;
  61   3                  P0=0xfe;
  62   3              }
  63   2              else
  64   2              {
  65   3                  P2=0x80;
  66   3                  P0=0xff;
  67   3              }
  68   2              
  69   2              if (INTERFACE==0)
  70   2              {
  71   3                  Digbuf[0]=22;
  72   3                  Digbuf[1]=21;
  73   3                  Digbuf[2]=21;
  74   3                  Digbuf[3]=21;
  75   3                  Digbuf[4]=21;
  76   3                  Digbuf[5]=Voltage/100+10;
  77   3                  Digbuf[6]=Voltage%100/10;;
  78   3                  Digbuf[7]=Voltage%10;
  79   3              }
  80   2              else if (INTERFACE==1)
  81   2              {
  82   3                  Digbuf[0]=23;
  83   3                  Digbuf[1]=21;
  84   3                  Digbuf[2]=21;
  85   3                  Digbuf[3]=21;
  86   3                  Digbuf[4]=21;
  87   3                  Digbuf[5]=Voltage_P/100+10;
  88   3                  Digbuf[6]=Voltage_P%100/10;;
  89   3                  Digbuf[7]=Voltage_P%10;
  90   3              }
  91   2              else if (INTERFACE==2)
  92   2              {
  93   3                  Digbuf[0]=24;
  94   3                  Digbuf[1]=21;
  95   3                  Digbuf[2]=21;
  96   3                  Digbuf[3]=21;
  97   3                  Digbuf[4]=21;
  98   3                  if((Counter_Num<=999)&&(Counter_Num>99))
  99   3                  {
 100   4                      Digbuf[5]=Counter_Num/100;
 101   4                      Digbuf[6]=Counter_Num%100/10;
 102   4                      Digbuf[7]=Counter_Num%10;
 103   4                  }
 104   3                  else if ((Counter_Num<=99)&&(Counter_Num>9))
 105   3                  {
 106   4                      Digbuf[5]=21;
 107   4                      Digbuf[6]=Counter_Num/10;
 108   4                      Digbuf[7]=Counter_Num%10;
 109   4                  }
 110   3                  else if (Counter_Num<=9)
 111   3                  {
 112   4                      Digbuf[5]=21;
 113   4                      Digbuf[6]=21;
C51 COMPILER V9.54   MAIN                                                                  03/30/2022 14:45:23 PAGE 3   

 114   4                      Digbuf[7]=Counter_Num;
 115   4                  }
 116   3                  
 117   3                  if (Counter_Num%2==1)//**************************************LED2*****************************
             -**************//
 118   3                  {
 119   4                      P2=0x80;
 120   4                      P0=~0x02;
 121   4                  }
 122   3                  else
 123   3                  {
 124   4                      P2=0x80;
 125   4                      P0=0xff;
 126   4                  }
 127   3      
 128   3              }
 129   2              
 130   2      
 131   2          }
 132   1      }
 133          void keyscan16_2()
 134          {
 135   1          uchar temp;
 136   1          
 137   1          P3=0x7f;P44=0;P42=1;
 138   1          temp=P3&0x0f;
 139   1          if (temp!=0x0f)
 140   1          {
 141   2              Delay_ms(5);
 142   2              temp=P3&0x0f;
 143   2              if (temp!=0x0f)
 144   2              {
 145   3                  temp=P3;
 146   3                  switch (temp)
 147   3                  {
 148   4                  case 0x7e://s7
 149   4                      wuxiao_Button++;
 150   4                      break;
 151   4                  case 0x7d://s6
 152   4                      wuxiao_Button++;
 153   4                      break;
 154   4                  case 0x7b://s5
 155   4                      wuxiao_Button++;
 156   4                      break;
 157   4                  case 0x77://s4
 158   4                      wuxiao_Button++;
 159   4                      break;
 160   4                  
 161   4                  default:
 162   4                      break;
 163   4                  }
 164   3      
 165   3              }
 166   2              while (temp!=0x0f)
 167   2              {
 168   3                  temp=P3&0x0f;
 169   3              }
 170   2              
 171   2          }
 172   1          P3=0xbf;P44=1;P42=0;
 173   1          temp=P3&0x0f;
 174   1          if (temp!=0x0f)
C51 COMPILER V9.54   MAIN                                                                  03/30/2022 14:45:23 PAGE 4   

 175   1          {
 176   2              Delay_ms(5);
 177   2              temp=P3&0x0f;
 178   2              if (temp!=0x0f)
 179   2              {
 180   3                  temp=P3;
 181   3                  switch (temp)
 182   3                  {
 183   4                  case 0xbe://s11
 184   4                      wuxiao_Button++;
 185   4                      break;
 186   4                  case 0xbd://s10
 187   4                      wuxiao_Button++;
 188   4                      break;
 189   4                  case 0xbb://s9
 190   4                      wuxiao_Button++;
 191   4                      break;
 192   4                  case 0xb7://s8
 193   4                      wuxiao_Button++;
 194   4                      break;
 195   4                  
 196   4                  default:
 197   4                      break;
 198   4                  }
 199   3      
 200   3              }
 201   2              while (temp!=0x0f)
 202   2              {
 203   3                  temp=P3&0x0f;
 204   3              }
 205   2      
 206   2          }
 207   1          P3=0xdf;P44=1;P42=1;
 208   1          temp=P3&0x0f;
 209   1          if (temp!=0x0f)
 210   1          {
 211   2              Delay_ms(5);
 212   2              temp=P3&0x0f;
 213   2              if (temp!=0x0f)
 214   2              {
 215   3                  temp=P3;
 216   3                  switch (temp)
 217   3                  {
 218   4                  case 0xde://s15
 219   4                      wuxiao_Button++;
 220   4                      break;
 221   4                  case 0xdd://s14
 222   4                      wuxiao_Button++;
 223   4                      break;
 224   4                  case 0xdb://s13
 225   4                      wuxiao_Button=1;
 226   4      
 227   4                      if (INTERFACE==2)
 228   4                      {
 229   5                          Counter_Num=0;
 230   5                      }
 231   4                      
 232   4                      break;
 233   4                  case 0xd7://s12
 234   4                      wuxiao_Button=1;
 235   4                      if (INTERFACE>=3)
 236   4                      {
C51 COMPILER V9.54   MAIN                                                                  03/30/2022 14:45:23 PAGE 5   

 237   5                          INTERFACE=0;
 238   5                      }
 239   4                      else
 240   4                      {
 241   5                          INTERFACE++;
 242   5                      }
 243   4                      if (INTERFACE==3)
 244   4                      {
 245   5                          EEPROM_Write(0x00,Voltage_P*10);
 246   5                      }
 247   4                      
 248   4                      break;
 249   4                  
 250   4                  default:
 251   4                      break;
 252   4                  }
 253   3      
 254   3              }
 255   2              while (temp!=0x0f)
 256   2              {
 257   3                  temp=P3&0x0f;
 258   3              }
 259   2      
 260   2          }
 261   1          P3=0xef;P44=0;P42=1;
 262   1          temp=P3&0x0f;
 263   1          if (temp!=0x0f)
 264   1          {
 265   2              Delay_ms(5);
 266   2              temp=P3&0x0f;
 267   2              if (temp!=0x0f)
 268   2              {
 269   3                  temp=P3;
 270   3                  switch (temp)
 271   3                  {
 272   4                  case 0xee://s19
 273   4                      wuxiao_Button++;
 274   4                      break;
 275   4                  case 0xed://s18
 276   4                      wuxiao_Button++;
 277   4                      break;
 278   4                  case 0xeb://s17
 279   4                      wuxiao_Button=1;
 280   4                      if (INTERFACE==1)
 281   4                      {
 282   5                          if (Voltage_P<=0)
 283   5                          {
 284   6                              Voltage_P=500;
 285   6                          }
 286   5                          Voltage_P-=50;
 287   5                      }
 288   4                      break;
 289   4                  case 0xe7://s16
 290   4                      wuxiao_Button=1;
 291   4                      if (INTERFACE==1)
 292   4                      {
 293   5                          if (Voltage_P>500)
 294   5                          {
 295   6                              Voltage_P=0;
 296   6                          }
 297   5                          Voltage_P+=50;
 298   5                      }
C51 COMPILER V9.54   MAIN                                                                  03/30/2022 14:45:23 PAGE 6   

 299   4                      
 300   4                      break;
 301   4                  
 302   4                  default:
 303   4                      break;
 304   4                  }
 305   3      
 306   3              }
 307   2              while (temp!=0x0f)
 308   2              {
 309   3                  temp=P3&0x0f;
 310   3              }
 311   2      
 312   2          }
 313   1      }
 314          
 315          void Timer2Init(void)       //1毫秒@12.000MHz
 316          {
 317   1          AUXR |= 0x04;       //定时器时钟1T模式
 318   1          T2L = 0x20;     //设置定时初始值
 319   1          T2H = 0xD1;     //设置定时初始值
 320   1          AUXR |= 0x10;       //定时器2开始计时
 321   1          
 322   1          IE2|= 0x04;                    //开定时器2中断
 323   1          EA = 1;
 324   1      }
 325          void TImer2_inter() interrupt 12
 326          {
 327   1          P2|=0xe0;
 328   1          P2&=0xff;
 329   1          P0=0xff;
 330   1      
 331   1          P2|=0xc0;
 332   1          P2&=0xdf;
 333   1          P0=0x01<<DIgcom;
 334   1      
 335   1          P2|=0xe0;
 336   1          P2&=0xff;
 337   1          P0=tab[Digbuf[DIgcom]];
 338   1      
 339   1          if (++DIgcom==8)
 340   1          {
 341   2              DIgcom=0;
 342   2          }
 343   1          
 344   1          if (Voltage<Voltage_P)
 345   1          {
 346   2              vol_Over_tt++;
 347   2          }
 348   1          else
 349   1          {
 350   2              vol_Over_tt=0;
 351   2          }
 352   1          
 353   1      }
 354          
 355          void Delay_ms(uint ms)      //@12.000MHz
 356          {
 357   1          unsigned char i, j,k;
 358   1          for ( k = 0; k < ms; k++)
 359   1          {
 360   2              i = 12;
C51 COMPILER V9.54   MAIN                                                                  03/30/2022 14:45:23 PAGE 7   

 361   2              j = 169;
 362   2              do
 363   2              {
 364   3                  while (--j);
 365   3              } while (--i);
 366   2          }
 367   1          
 368   1      }
 369          void allinit()
 370          {
 371   1          P2|=0xa0;
 372   1          P2&=0xbf;
 373   1          P0=0x00;
 374   1      
 375   1          P2|=0x80;
 376   1          P2&=0x9f;
 377   1          P0=0xff;
 378   1      
 379   1          P2|=0xc0;
 380   1          P2&=0xdf;
 381   1          P0=0xff;
 382   1      
 383   1          P2|=0xe0;
 384   1          P2&=0xff;
 385   1          P0=0xff;
 386   1      
 387   1      }
 388          
 389          void chufa_jishu()
 390          {
 391   1          AD_LAST=AD_NOW;
 392   1          AD_NOW=AD*100/50;
 393   1      
 394   1      }
C51 COMPILER V9.54   MAIN                                                                  03/30/2022 14:45:23 PAGE 8   

ASSEMBLY LISTING OF GENERATED OBJECT CODE


             ; FUNCTION main (BEGIN)
                                           ; SOURCE LINE # 31
                                           ; SOURCE LINE # 32
                                           ; SOURCE LINE # 33
0000 120000      R     LCALL   allinit
                                           ; SOURCE LINE # 34
0003 120000      R     LCALL   Timer2Init
0006         ?C0001:
                                           ; SOURCE LINE # 36
                                           ; SOURCE LINE # 37
                                           ; SOURCE LINE # 38
0006 120000      R     LCALL   chufa_jishu
                                           ; SOURCE LINE # 40
0009 7F03              MOV     R7,#03H
000B 120000      E     LCALL   _AD_Read
000E 8F00        R     MOV     AD,R7
                                           ; SOURCE LINE # 41
0010 AC00        R     MOV     R4,AD
0012 E4                CLR     A
0013 120000      E     LCALL   ?C?FCASTC
0016 7B48              MOV     R3,#048H
0018 7AE1              MOV     R2,#0E1H
001A 79FA              MOV     R1,#0FAH
001C 783F              MOV     R0,#03FH
001E 120000      E     LCALL   ?C?FPMUL
0021 120000      E     LCALL   ?C?CASTF
0024 8F00        R     MOV     Voltage,R7
                                           ; SOURCE LINE # 43
0026 E4                CLR     A
0027 FF                MOV     R7,A
0028 120000      E     LCALL   _EEPROM_Read
002B 8F00        R     MOV     Voltage_P,R7
                                           ; SOURCE LINE # 45
002D 120000      R     LCALL   keyscan16_2
                                           ; SOURCE LINE # 48
0030 E500        R     MOV     A,wuxiao_Button
0032 C3                CLR     C
0033 9404              SUBB    A,#04H
0035 4008              JC      ?C0003
                                           ; SOURCE LINE # 49
                                           ; SOURCE LINE # 50
0037 75A080            MOV     P2,#080H
                                           ; SOURCE LINE # 51
003A 7580FB            MOV     P0,#0FBH
                                           ; SOURCE LINE # 52
003D 8006              SJMP    ?C0004
003F         ?C0003:
                                           ; SOURCE LINE # 54
                                           ; SOURCE LINE # 55
003F 75A080            MOV     P2,#080H
                                           ; SOURCE LINE # 56
0042 7580FF            MOV     P0,#0FFH
                                           ; SOURCE LINE # 57
0045         ?C0004:
                                           ; SOURCE LINE # 58
0045 C3                CLR     C
0046 E500        R     MOV     A,vol_Over_tt
0048 9488              SUBB    A,#088H
004A 7480              MOV     A,#080H
C51 COMPILER V9.54   MAIN                                                                  03/30/2022 14:45:23 PAGE 9   

004C 9493              SUBB    A,#093H
004E 4008              JC      ?C0005
                                           ; SOURCE LINE # 59
                                           ; SOURCE LINE # 60
0050 75A080            MOV     P2,#080H
                                           ; SOURCE LINE # 61
0053 7580FE            MOV     P0,#0FEH
                                           ; SOURCE LINE # 62
0056 8006              SJMP    ?C0006
0058         ?C0005:
                                           ; SOURCE LINE # 64
                                           ; SOURCE LINE # 65
0058 75A080            MOV     P2,#080H
                                           ; SOURCE LINE # 66
005B 7580FF            MOV     P0,#0FFH
                                           ; SOURCE LINE # 67
005E         ?C0006:
                                           ; SOURCE LINE # 69
005E E500        R     MOV     A,INTERFACE
0060 702B              JNZ     ?C0007
                                           ; SOURCE LINE # 70
                                           ; SOURCE LINE # 71
0062 750016      R     MOV     Digbuf,#016H
                                           ; SOURCE LINE # 72
0065 750015      R     MOV     Digbuf+01H,#015H
                                           ; SOURCE LINE # 73
0068 750015      R     MOV     Digbuf+02H,#015H
                                           ; SOURCE LINE # 74
006B 750015      R     MOV     Digbuf+03H,#015H
                                           ; SOURCE LINE # 75
006E 750015      R     MOV     Digbuf+04H,#015H
                                           ; SOURCE LINE # 76
0071 E500        R     MOV     A,Voltage
0073 75F064            MOV     B,#064H
0076 84                DIV     AB
0077 240A              ADD     A,#0AH
0079 F500        R     MOV     Digbuf+05H,A
                                           ; SOURCE LINE # 77
007B E500        R     MOV     A,Voltage
007D 75F064            MOV     B,#064H
0080 84                DIV     AB
0081 E5F0              MOV     A,B
0083 75F00A            MOV     B,#0AH
0086 84                DIV     AB
0087 F500        R     MOV     Digbuf+06H,A
                                           ; SOURCE LINE # 78
0089 E500        R     MOV     A,Voltage
                                           ; SOURCE LINE # 79
008B 802F              SJMP    ?C0087
008D         ?C0007:
                                           ; SOURCE LINE # 80
008D E500        R     MOV     A,INTERFACE
008F 6401              XRL     A,#01H
0091 7033              JNZ     ?C0009
                                           ; SOURCE LINE # 81
                                           ; SOURCE LINE # 82
0093 750017      R     MOV     Digbuf,#017H
                                           ; SOURCE LINE # 83
0096 750015      R     MOV     Digbuf+01H,#015H
                                           ; SOURCE LINE # 84
0099 750015      R     MOV     Digbuf+02H,#015H
                                           ; SOURCE LINE # 85
C51 COMPILER V9.54   MAIN                                                                  03/30/2022 14:45:23 PAGE 10  

009C 750015      R     MOV     Digbuf+03H,#015H
                                           ; SOURCE LINE # 86
009F 750015      R     MOV     Digbuf+04H,#015H
                                           ; SOURCE LINE # 87
00A2 E500        R     MOV     A,Voltage_P
00A4 75F064            MOV     B,#064H
00A7 84                DIV     AB
00A8 240A              ADD     A,#0AH
00AA F500        R     MOV     Digbuf+05H,A
                                           ; SOURCE LINE # 88
00AC E500        R     MOV     A,Voltage_P
00AE 75F064            MOV     B,#064H
00B1 84                DIV     AB
00B2 E5F0              MOV     A,B
00B4 75F00A            MOV     B,#0AH
00B7 84                DIV     AB
00B8 F500        R     MOV     Digbuf+06H,A
                                           ; SOURCE LINE # 89
00BA E500        R     MOV     A,Voltage_P
00BC         ?C0087:
00BC 75F00A            MOV     B,#0AH
00BF 84                DIV     AB
00C0 85F000      R     MOV     Digbuf+07H,B
                                           ; SOURCE LINE # 90
00C3 020000      R     LJMP    ?C0001
00C6         ?C0009:
                                           ; SOURCE LINE # 91
00C6 E500        R     MOV     A,INTERFACE
00C8 6402              XRL     A,#02H
00CA 6003              JZ      $ + 5H
00CC 020000      R     LJMP    ?C0001
                                           ; SOURCE LINE # 92
                                           ; SOURCE LINE # 93
00CF 750018      R     MOV     Digbuf,#018H
                                           ; SOURCE LINE # 94
00D2 750015      R     MOV     Digbuf+01H,#015H
                                           ; SOURCE LINE # 95
00D5 750015      R     MOV     Digbuf+02H,#015H
                                           ; SOURCE LINE # 96
00D8 750015      R     MOV     Digbuf+03H,#015H
                                           ; SOURCE LINE # 97
00DB 750015      R     MOV     Digbuf+04H,#015H
                                           ; SOURCE LINE # 98
00DE D3                SETB    C
00DF E500        R     MOV     A,Counter_Num
00E1 94E7              SUBB    A,#0E7H
00E3 7480              MOV     A,#080H
00E5 9483              SUBB    A,#083H
00E7 5018              JNC     ?C0012
00E9 E500        R     MOV     A,Counter_Num
00EB 9463              SUBB    A,#063H
00ED 4012              JC      ?C0012
                                           ; SOURCE LINE # 99
                                           ; SOURCE LINE # 100
00EF E500        R     MOV     A,Counter_Num
00F1 75F064            MOV     B,#064H
00F4 84                DIV     AB
00F5 F500        R     MOV     Digbuf+05H,A
                                           ; SOURCE LINE # 101
00F7 E500        R     MOV     A,Counter_Num
00F9 75F064            MOV     B,#064H
00FC 84                DIV     AB
C51 COMPILER V9.54   MAIN                                                                  03/30/2022 14:45:23 PAGE 11  

00FD E5F0              MOV     A,B
                                           ; SOURCE LINE # 102
                                           ; SOURCE LINE # 103
00FF 8012              SJMP    ?C0088
0101         ?C0012:
                                           ; SOURCE LINE # 104
0101 E500        R     MOV     A,Counter_Num
0103 D3                SETB    C
0104 9463              SUBB    A,#063H
0106 501C              JNC     ?C0014
0108 E500        R     MOV     A,Counter_Num
010A 9409              SUBB    A,#09H
010C 4016              JC      ?C0014
                                           ; SOURCE LINE # 105
                                           ; SOURCE LINE # 106
010E 750015      R     MOV     Digbuf+05H,#015H
                                           ; SOURCE LINE # 107
0111 E500        R     MOV     A,Counter_Num
0113         ?C0088:
0113 75F00A            MOV     B,#0AH
0116 84                DIV     AB
0117 F500        R     MOV     Digbuf+06H,A
                                           ; SOURCE LINE # 108
0119 E500        R     MOV     A,Counter_Num
011B 75F00A            MOV     B,#0AH
011E 84                DIV     AB
011F 85F000      R     MOV     Digbuf+07H,B
                                           ; SOURCE LINE # 109
0122 8010              SJMP    ?C0013
0124         ?C0014:
                                           ; SOURCE LINE # 110
0124 E500        R     MOV     A,Counter_Num
0126 D3                SETB    C
0127 9409              SUBB    A,#09H
0129 5009              JNC     ?C0013
                                           ; SOURCE LINE # 111
                                           ; SOURCE LINE # 112
012B 750015      R     MOV     Digbuf+05H,#015H
                                           ; SOURCE LINE # 113
012E 750015      R     MOV     Digbuf+06H,#015H
                                           ; SOURCE LINE # 114
0131 850000      R     MOV     Digbuf+07H,Counter_Num
                                           ; SOURCE LINE # 115
0134         ?C0013:
                                           ; SOURCE LINE # 117
0134 E500        R     MOV     A,Counter_Num
0136 30E009            JNB     ACC.0,?C0017
                                           ; SOURCE LINE # 118
                                           ; SOURCE LINE # 119
0139 75A080            MOV     P2,#080H
                                           ; SOURCE LINE # 120
013C 7580FD            MOV     P0,#0FDH
                                           ; SOURCE LINE # 121
013F 020000      R     LJMP    ?C0001
0142         ?C0017:
                                           ; SOURCE LINE # 123
                                           ; SOURCE LINE # 124
0142 75A080            MOV     P2,#080H
                                           ; SOURCE LINE # 125
0145 7580FF            MOV     P0,#0FFH
                                           ; SOURCE LINE # 126
                                           ; SOURCE LINE # 128
C51 COMPILER V9.54   MAIN                                                                  03/30/2022 14:45:23 PAGE 12  

                                           ; SOURCE LINE # 131
0148 020000      R     LJMP    ?C0001
             ; FUNCTION main (END)

             ; FUNCTION keyscan16_2 (BEGIN)
                                           ; SOURCE LINE # 133
                                           ; SOURCE LINE # 134
                                           ; SOURCE LINE # 137
0000 75B07F            MOV     P3,#07FH
0003 C2C4              CLR     P44
0005 D2C2              SETB    P42
                                           ; SOURCE LINE # 138
0007 E5B0              MOV     A,P3
0009 540F              ANL     A,#0FH
000B F500        R     MOV     temp,A
                                           ; SOURCE LINE # 139
000D 640F              XRL     A,#0FH
000F 6037              JZ      ?C0020
                                           ; SOURCE LINE # 140
                                           ; SOURCE LINE # 141
0011 7F05              MOV     R7,#05H
0013 120000      R     LCALL   _Delay_ms
                                           ; SOURCE LINE # 142
0016 E5B0              MOV     A,P3
0018 540F              ANL     A,#0FH
001A F500        R     MOV     temp,A
                                           ; SOURCE LINE # 143
001C 640F              XRL     A,#0FH
001E 601A              JZ      ?C0028
                                           ; SOURCE LINE # 144
                                           ; SOURCE LINE # 145
0020 85B000      R     MOV     temp,P3
                                           ; SOURCE LINE # 146
0023 E500        R     MOV     A,temp
0025 2489              ADD     A,#089H
0027 600F              JZ      ?C0025
0029 24FC              ADD     A,#0FCH
002B 600B              JZ      ?C0025
002D 24FE              ADD     A,#0FEH
002F 6007              JZ      ?C0025
0031 14                DEC     A
0032 7006              JNZ     ?C0028
                                           ; SOURCE LINE # 147
                                           ; SOURCE LINE # 148
0034         ?C0023:
                                           ; SOURCE LINE # 149
0034 0500        R     INC     wuxiao_Button
                                           ; SOURCE LINE # 150
0036 8002              SJMP    ?C0028
                                           ; SOURCE LINE # 151
                                           ; SOURCE LINE # 154
0038         ?C0025:
                                           ; SOURCE LINE # 155
0038 0500        R     INC     wuxiao_Button
                                           ; SOURCE LINE # 156
                                           ; SOURCE LINE # 157
003A         ?C0028:
                                           ; SOURCE LINE # 166
003A E500        R     MOV     A,temp
003C 640F              XRL     A,#0FH
003E 6008              JZ      ?C0020
                                           ; SOURCE LINE # 167
C51 COMPILER V9.54   MAIN                                                                  03/30/2022 14:45:23 PAGE 13  

                                           ; SOURCE LINE # 168
0040 E5B0              MOV     A,P3
0042 540F              ANL     A,#0FH
0044 F500        R     MOV     temp,A
                                           ; SOURCE LINE # 169
0046 80F2              SJMP    ?C0028
                                           ; SOURCE LINE # 171
0048         ?C0020:
                                           ; SOURCE LINE # 172
0048 75B0BF            MOV     P3,#0BFH
004B D2C4              SETB    P44
004D C2C2              CLR     P42
                                           ; SOURCE LINE # 173
004F E5B0              MOV     A,P3
0051 540F              ANL     A,#0FH
0053 F500        R     MOV     temp,A
                                           ; SOURCE LINE # 174
0055 640F              XRL     A,#0FH
0057 603F              JZ      ?C0030
                                           ; SOURCE LINE # 175
                                           ; SOURCE LINE # 176
0059 7F05              MOV     R7,#05H
005B 120000      R     LCALL   _Delay_ms
                                           ; SOURCE LINE # 177
005E E5B0              MOV     A,P3
0060 540F              ANL     A,#0FH
0062 F500        R     MOV     temp,A
                                           ; SOURCE LINE # 178
0064 640F              XRL     A,#0FH
0066 6022              JZ      ?C0038
                                           ; SOURCE LINE # 179
                                           ; SOURCE LINE # 180
0068 85B000      R     MOV     temp,P3
                                           ; SOURCE LINE # 181
006B E500        R     MOV     A,temp
006D 2449              ADD     A,#049H
006F 6017              JZ      ?C0036
0071 24FC              ADD     A,#0FCH
0073 600F              JZ      ?C0035
0075 24FE              ADD     A,#0FEH
0077 6007              JZ      ?C0034
0079 14                DEC     A
007A 700E              JNZ     ?C0038
                                           ; SOURCE LINE # 182
                                           ; SOURCE LINE # 183
007C         ?C0033:
                                           ; SOURCE LINE # 184
007C 0500        R     INC     wuxiao_Button
                                           ; SOURCE LINE # 185
007E 800A              SJMP    ?C0038
                                           ; SOURCE LINE # 186
0080         ?C0034:
                                           ; SOURCE LINE # 187
0080 0500        R     INC     wuxiao_Button
                                           ; SOURCE LINE # 188
0082 8006              SJMP    ?C0038
                                           ; SOURCE LINE # 189
0084         ?C0035:
                                           ; SOURCE LINE # 190
0084 0500        R     INC     wuxiao_Button
                                           ; SOURCE LINE # 191
0086 8002              SJMP    ?C0038
C51 COMPILER V9.54   MAIN                                                                  03/30/2022 14:45:23 PAGE 14  

                                           ; SOURCE LINE # 192
0088         ?C0036:
                                           ; SOURCE LINE # 193
0088 0500        R     INC     wuxiao_Button
                                           ; SOURCE LINE # 194
                                           ; SOURCE LINE # 196
                                           ; SOURCE LINE # 197
                                           ; SOURCE LINE # 198
                                           ; SOURCE LINE # 200
008A         ?C0038:
                                           ; SOURCE LINE # 201
008A E500        R     MOV     A,temp
008C 640F              XRL     A,#0FH
008E 6008              JZ      ?C0030
                                           ; SOURCE LINE # 202
                                           ; SOURCE LINE # 203
0090 E5B0              MOV     A,P3
0092 540F              ANL     A,#0FH
0094 F500        R     MOV     temp,A
                                           ; SOURCE LINE # 204
0096 80F2              SJMP    ?C0038
                                           ; SOURCE LINE # 206
0098         ?C0030:
                                           ; SOURCE LINE # 207
0098 75B0DF            MOV     P3,#0DFH
009B D2C4              SETB    P44
009D D2C2              SETB    P42
                                           ; SOURCE LINE # 208
009F E5B0              MOV     A,P3
00A1 540F              ANL     A,#0FH
00A3 F500        R     MOV     temp,A
                                           ; SOURCE LINE # 209
00A5 640F              XRL     A,#0FH
00A7 6068              JZ      ?C0040
                                           ; SOURCE LINE # 210
                                           ; SOURCE LINE # 211
00A9 7F05              MOV     R7,#05H
00AB 120000      R     LCALL   _Delay_ms
                                           ; SOURCE LINE # 212
00AE E5B0              MOV     A,P3
00B0 540F              ANL     A,#0FH
00B2 F500        R     MOV     temp,A
                                           ; SOURCE LINE # 213
00B4 640F              XRL     A,#0FH
00B6 604B              JZ      ?C0052
                                           ; SOURCE LINE # 214
                                           ; SOURCE LINE # 215
00B8 85B000      R     MOV     temp,P3
                                           ; SOURCE LINE # 216
00BB E500        R     MOV     A,temp
00BD 2429              ADD     A,#029H
00BF 6020              JZ      ?C0047
00C1 24FC              ADD     A,#0FCH
00C3 600F              JZ      ?C0045
00C5 24FE              ADD     A,#0FEH
00C7 6007              JZ      ?C0044
00C9 14                DEC     A
00CA 7037              JNZ     ?C0052
                                           ; SOURCE LINE # 217
                                           ; SOURCE LINE # 218
00CC         ?C0043:
                                           ; SOURCE LINE # 219
C51 COMPILER V9.54   MAIN                                                                  03/30/2022 14:45:23 PAGE 15  

00CC 0500        R     INC     wuxiao_Button
                                           ; SOURCE LINE # 220
00CE 8033              SJMP    ?C0052
                                           ; SOURCE LINE # 221
00D0         ?C0044:
                                           ; SOURCE LINE # 222
00D0 0500        R     INC     wuxiao_Button
                                           ; SOURCE LINE # 223
00D2 802F              SJMP    ?C0052
                                           ; SOURCE LINE # 224
00D4         ?C0045:
                                           ; SOURCE LINE # 225
00D4 750001      R     MOV     wuxiao_Button,#01H
                                           ; SOURCE LINE # 227
00D7 E500        R     MOV     A,INTERFACE
00D9 6402              XRL     A,#02H
00DB 7026              JNZ     ?C0052
                                           ; SOURCE LINE # 228
                                           ; SOURCE LINE # 229
00DD F500        R     MOV     Counter_Num,A
                                           ; SOURCE LINE # 230
                                           ; SOURCE LINE # 232
00DF 8022              SJMP    ?C0052
                                           ; SOURCE LINE # 233
00E1         ?C0047:
                                           ; SOURCE LINE # 234
00E1 750001      R     MOV     wuxiao_Button,#01H
                                           ; SOURCE LINE # 235
00E4 E500        R     MOV     A,INTERFACE
00E6 C3                CLR     C
00E7 9403              SUBB    A,#03H
00E9 4005              JC      ?C0048
                                           ; SOURCE LINE # 236
                                           ; SOURCE LINE # 237
00EB E4                CLR     A
00EC F500        R     MOV     INTERFACE,A
                                           ; SOURCE LINE # 238
00EE 8002              SJMP    ?C0049
00F0         ?C0048:
                                           ; SOURCE LINE # 240
                                           ; SOURCE LINE # 241
00F0 0500        R     INC     INTERFACE
                                           ; SOURCE LINE # 242
00F2         ?C0049:
                                           ; SOURCE LINE # 243
00F2 E500        R     MOV     A,INTERFACE
00F4 B4030C            CJNE    A,#03H,?C0052
                                           ; SOURCE LINE # 244
                                           ; SOURCE LINE # 245
00F7 E500        R     MOV     A,Voltage_P
00F9 75F00A            MOV     B,#0AH
00FC A4                MUL     AB
00FD FD                MOV     R5,A
00FE E4                CLR     A
00FF FF                MOV     R7,A
0100 120000      E     LCALL   _EEPROM_Write
                                           ; SOURCE LINE # 246
                                           ; SOURCE LINE # 248
                                           ; SOURCE LINE # 250
                                           ; SOURCE LINE # 251
                                           ; SOURCE LINE # 252
                                           ; SOURCE LINE # 254
C51 COMPILER V9.54   MAIN                                                                  03/30/2022 14:45:23 PAGE 16  

0103         ?C0052:
                                           ; SOURCE LINE # 255
0103 E500        R     MOV     A,temp
0105 640F              XRL     A,#0FH
0107 6008              JZ      ?C0040
                                           ; SOURCE LINE # 256
                                           ; SOURCE LINE # 257
0109 E5B0              MOV     A,P3
010B 540F              ANL     A,#0FH
010D F500        R     MOV     temp,A
                                           ; SOURCE LINE # 258
010F 80F2              SJMP    ?C0052
                                           ; SOURCE LINE # 260
0111         ?C0040:
                                           ; SOURCE LINE # 261
0111 75B0EF            MOV     P3,#0EFH
0114 C2C4              CLR     P44
0116 D2C2              SETB    P42
                                           ; SOURCE LINE # 262
0118 E5B0              MOV     A,P3
011A 540F              ANL     A,#0FH
011C F500        R     MOV     temp,A
                                           ; SOURCE LINE # 263
011E 640F              XRL     A,#0FH
0120 606C              JZ      ?C0068
                                           ; SOURCE LINE # 264
                                           ; SOURCE LINE # 265
0122 7F05              MOV     R7,#05H
0124 120000      R     LCALL   _Delay_ms
                                           ; SOURCE LINE # 266
0127 E5B0              MOV     A,P3
0129 540F              ANL     A,#0FH
012B F500        R     MOV     temp,A
                                           ; SOURCE LINE # 267
012D 640F              XRL     A,#0FH
012F 604F              JZ      ?C0066
                                           ; SOURCE LINE # 268
                                           ; SOURCE LINE # 269
0131 85B000      R     MOV     temp,P3
                                           ; SOURCE LINE # 270
0134 E500        R     MOV     A,temp
0136 2419              ADD     A,#019H
0138 602A              JZ      ?C0062
013A 24FC              ADD     A,#0FCH
013C 600F              JZ      ?C0059
013E 24FE              ADD     A,#0FEH
0140 6007              JZ      ?C0058
0142 14                DEC     A
0143 703B              JNZ     ?C0066
                                           ; SOURCE LINE # 271
                                           ; SOURCE LINE # 272
0145         ?C0057:
                                           ; SOURCE LINE # 273
0145 0500        R     INC     wuxiao_Button
                                           ; SOURCE LINE # 274
0147 8037              SJMP    ?C0066
                                           ; SOURCE LINE # 275
0149         ?C0058:
                                           ; SOURCE LINE # 276
0149 0500        R     INC     wuxiao_Button
                                           ; SOURCE LINE # 277
014B 8033              SJMP    ?C0066
C51 COMPILER V9.54   MAIN                                                                  03/30/2022 14:45:23 PAGE 17  

                                           ; SOURCE LINE # 278
014D         ?C0059:
                                           ; SOURCE LINE # 279
014D 750001      R     MOV     wuxiao_Button,#01H
                                           ; SOURCE LINE # 280
0150 E500        R     MOV     A,INTERFACE
0152 6401              XRL     A,#01H
0154 702A              JNZ     ?C0066
                                           ; SOURCE LINE # 281
                                           ; SOURCE LINE # 282
0156 E500        R     MOV     A,Voltage_P
0158 D3                SETB    C
0159 9400              SUBB    A,#00H
015B 5003              JNC     ?C0061
                                           ; SOURCE LINE # 283
                                           ; SOURCE LINE # 284
015D 7500F4      R     MOV     Voltage_P,#0F4H
                                           ; SOURCE LINE # 285
0160         ?C0061:
                                           ; SOURCE LINE # 286
0160 74CE              MOV     A,#0CEH
                                           ; SOURCE LINE # 287
                                           ; SOURCE LINE # 288
0162 8018              SJMP    ?C0089
                                           ; SOURCE LINE # 289
0164         ?C0062:
                                           ; SOURCE LINE # 290
0164 750001      R     MOV     wuxiao_Button,#01H
                                           ; SOURCE LINE # 291
0167 E500        R     MOV     A,INTERFACE
0169 B40114            CJNE    A,#01H,?C0066
                                           ; SOURCE LINE # 292
                                           ; SOURCE LINE # 293
016C D3                SETB    C
016D E500        R     MOV     A,Voltage_P
016F 94F4              SUBB    A,#0F4H
0171 7480              MOV     A,#080H
0173 9481              SUBB    A,#081H
0175 4003              JC      ?C0064
                                           ; SOURCE LINE # 294
                                           ; SOURCE LINE # 295
0177 E4                CLR     A
0178 F500        R     MOV     Voltage_P,A
                                           ; SOURCE LINE # 296
017A         ?C0064:
                                           ; SOURCE LINE # 297
017A 7432              MOV     A,#032H
017C         ?C0089:
017C 2500        R     ADD     A,Voltage_P
017E F500        R     MOV     Voltage_P,A
                                           ; SOURCE LINE # 298
                                           ; SOURCE LINE # 300
                                           ; SOURCE LINE # 302
                                           ; SOURCE LINE # 303
                                           ; SOURCE LINE # 304
                                           ; SOURCE LINE # 306
0180         ?C0066:
                                           ; SOURCE LINE # 307
0180 E500        R     MOV     A,temp
0182 640F              XRL     A,#0FH
0184 6008              JZ      ?C0068
                                           ; SOURCE LINE # 308
C51 COMPILER V9.54   MAIN                                                                  03/30/2022 14:45:23 PAGE 18  

                                           ; SOURCE LINE # 309
0186 E5B0              MOV     A,P3
0188 540F              ANL     A,#0FH
018A F500        R     MOV     temp,A
                                           ; SOURCE LINE # 310
018C 80F2              SJMP    ?C0066
                                           ; SOURCE LINE # 312
                                           ; SOURCE LINE # 313
018E         ?C0068:
018E 22                RET     
             ; FUNCTION keyscan16_2 (END)

             ; FUNCTION Timer2Init (BEGIN)
                                           ; SOURCE LINE # 315
                                           ; SOURCE LINE # 316
                                           ; SOURCE LINE # 317
0000 438E04            ORL     AUXR,#04H
                                           ; SOURCE LINE # 318
0003 75D720            MOV     T2L,#020H
                                           ; SOURCE LINE # 319
0006 75D6D1            MOV     T2H,#0D1H
                                           ; SOURCE LINE # 320
0009 438E10            ORL     AUXR,#010H
                                           ; SOURCE LINE # 322
000C 43AF04            ORL     IE2,#04H
                                           ; SOURCE LINE # 323
000F D2AF              SETB    EA
                                           ; SOURCE LINE # 324
0011 22                RET     
             ; FUNCTION Timer2Init (END)

             ; FUNCTION TImer2_inter (BEGIN)
0000 C0E0              PUSH    ACC
0002 C0D0              PUSH    PSW
0004 75D000            MOV     PSW,#00H
0007 C000              PUSH    AR0
0009 C007              PUSH    AR7
                                           ; SOURCE LINE # 325
                                           ; SOURCE LINE # 327
000B 43A0E0            ORL     P2,#0E0H
                                           ; SOURCE LINE # 328
                                           ; SOURCE LINE # 329
000E 7580FF            MOV     P0,#0FFH
                                           ; SOURCE LINE # 331
0011 43A0C0            ORL     P2,#0C0H
                                           ; SOURCE LINE # 332
0014 53A0DF            ANL     P2,#0DFH
                                           ; SOURCE LINE # 333
0017 AF00        R     MOV     R7,DIgcom
0019 7401              MOV     A,#01H
001B A807              MOV     R0,AR7
001D 08                INC     R0
001E 8002              SJMP    ?C0086
0020         ?C0085:
0020 C3                CLR     C
0021 33                RLC     A
0022         ?C0086:
0022 D8FC              DJNZ    R0,?C0085
0024 F580              MOV     P0,A
                                           ; SOURCE LINE # 335
0026 43A0E0            ORL     P2,#0E0H
                                           ; SOURCE LINE # 336
C51 COMPILER V9.54   MAIN                                                                  03/30/2022 14:45:23 PAGE 19  

                                           ; SOURCE LINE # 337
0029 7400        R     MOV     A,#LOW Digbuf
002B 2500        R     ADD     A,DIgcom
002D F8                MOV     R0,A
002E E6                MOV     A,@R0
002F 2400        R     ADD     A,#LOW tab
0031 F8                MOV     R0,A
0032 E6                MOV     A,@R0
0033 F580              MOV     P0,A
                                           ; SOURCE LINE # 339
0035 0500        R     INC     DIgcom
0037 E500        R     MOV     A,DIgcom
0039 B40803            CJNE    A,#08H,?C0070
                                           ; SOURCE LINE # 340
                                           ; SOURCE LINE # 341
003C 750000      R     MOV     DIgcom,#00H
                                           ; SOURCE LINE # 342
003F         ?C0070:
                                           ; SOURCE LINE # 344
003F E500        R     MOV     A,Voltage
0041 C3                CLR     C
0042 9500        R     SUBB    A,Voltage_P
0044 5004              JNC     ?C0071
                                           ; SOURCE LINE # 345
                                           ; SOURCE LINE # 346
0046 0500        R     INC     vol_Over_tt
                                           ; SOURCE LINE # 347
0048 8003              SJMP    ?C0073
004A         ?C0071:
                                           ; SOURCE LINE # 349
                                           ; SOURCE LINE # 350
004A 750000      R     MOV     vol_Over_tt,#00H
                                           ; SOURCE LINE # 351
                                           ; SOURCE LINE # 353
004D         ?C0073:
004D D007              POP     AR7
004F D000              POP     AR0
0051 D0D0              POP     PSW
0053 D0E0              POP     ACC
0055 32                RETI    
             ; FUNCTION TImer2_inter (END)

             ; FUNCTION _Delay_ms (BEGIN)
                                           ; SOURCE LINE # 355
;---- Variable 'ms' assigned to Register 'R7' ----
                                           ; SOURCE LINE # 356
                                           ; SOURCE LINE # 358
;---- Variable 'k' assigned to Register 'R6' ----
0000 E4                CLR     A
0001 FE                MOV     R6,A
0002         ?C0074:
0002 EE                MOV     A,R6
0003 C3                CLR     C
0004 9F                SUBB    A,R7
0005 500B              JNC     ?C0082
                                           ; SOURCE LINE # 359
                                           ; SOURCE LINE # 360
;---- Variable 'i' assigned to Register 'R5' ----
0007 7D0C              MOV     R5,#0CH
                                           ; SOURCE LINE # 361
;---- Variable 'j' assigned to Register 'R4' ----
0009 7CA9              MOV     R4,#0A9H
C51 COMPILER V9.54   MAIN                                                                  03/30/2022 14:45:23 PAGE 20  

                                           ; SOURCE LINE # 363
000B         ?C0080:
                                           ; SOURCE LINE # 364
000B DCFE              DJNZ    R4,?C0080
000D         ?C0081:
                                           ; SOURCE LINE # 365
000D         ?C0077:
000D DDFC              DJNZ    R5,?C0080
                                           ; SOURCE LINE # 366
000F 0E                INC     R6
0010 80F0              SJMP    ?C0074
                                           ; SOURCE LINE # 368
0012         ?C0082:
0012 22                RET     
             ; FUNCTION _Delay_ms (END)

             ; FUNCTION allinit (BEGIN)
                                           ; SOURCE LINE # 369
                                           ; SOURCE LINE # 370
                                           ; SOURCE LINE # 371
0000 43A0A0            ORL     P2,#0A0H
                                           ; SOURCE LINE # 372
0003 53A0BF            ANL     P2,#0BFH
                                           ; SOURCE LINE # 373
0006 E4                CLR     A
0007 F580              MOV     P0,A
                                           ; SOURCE LINE # 375
0009 43A080            ORL     P2,#080H
                                           ; SOURCE LINE # 376
000C 53A09F            ANL     P2,#09FH
                                           ; SOURCE LINE # 377
000F 7580FF            MOV     P0,#0FFH
                                           ; SOURCE LINE # 379
0012 43A0C0            ORL     P2,#0C0H
                                           ; SOURCE LINE # 380
0015 53A0DF            ANL     P2,#0DFH
                                           ; SOURCE LINE # 381
0018 7580FF            MOV     P0,#0FFH
                                           ; SOURCE LINE # 383
001B 43A0E0            ORL     P2,#0E0H
                                           ; SOURCE LINE # 384
                                           ; SOURCE LINE # 385
001E 7580FF            MOV     P0,#0FFH
                                           ; SOURCE LINE # 387
0021 22                RET     
             ; FUNCTION allinit (END)

             ; FUNCTION chufa_jishu (BEGIN)
                                           ; SOURCE LINE # 389
                                           ; SOURCE LINE # 390
                                           ; SOURCE LINE # 391
0000 850000      R     MOV     AD_LAST,AD_NOW
                                           ; SOURCE LINE # 392
0003 E500        R     MOV     A,AD
0005 75F064            MOV     B,#064H
0008 A4                MUL     AB
0009 FF                MOV     R7,A
000A AEF0              MOV     R6,B
000C 7C00              MOV     R4,#00H
000E 7D32              MOV     R5,#032H
0010 120000      E     LCALL   ?C?UIDIV
0013 8F00        R     MOV     AD_NOW,R7
C51 COMPILER V9.54   MAIN                                                                  03/30/2022 14:45:23 PAGE 21  

                                           ; SOURCE LINE # 394
0015 22                RET     
             ; FUNCTION chufa_jishu (END)

C51 COMPILER V9.54   MAIN                                                                  03/30/2022 14:45:23 PAGE 22  

NAME                                    CLASS   MSPACE  TYPE    OFFSET  SIZE
====                                    =====   ======  ====    ======  ====


CCF2 . . . . . . . . . . . . . . . . .  ABSBIT   -----  BIT      00DAH  1
P1M0 . . . . . . . . . . . . . . . . .  SFR      DATA   U_CHAR   0092H  1
P0M1 . . . . . . . . . . . . . . . . .  SFR      DATA   U_CHAR   0093H  1
P2M0 . . . . . . . . . . . . . . . . .  SFR      DATA   U_CHAR   0096H  1
P1M1 . . . . . . . . . . . . . . . . .  SFR      DATA   U_CHAR   0091H  1
P0 . . . . . . . . . . . . . . . . . .  SFR      DATA   U_CHAR   0080H  1
P3M0 . . . . . . . . . . . . . . . . .  SFR      DATA   U_CHAR   00B2H  1
P2M1 . . . . . . . . . . . . . . . . .  SFR      DATA   U_CHAR   0095H  1
P1 . . . . . . . . . . . . . . . . . .  SFR      DATA   U_CHAR   0090H  1
wuxiao_Button. . . . . . . . . . . . .  PUBLIC   DATA   U_CHAR   0000H  1
P4M0 . . . . . . . . . . . . . . . . .  SFR      DATA   U_CHAR   00B4H  1
P3M1 . . . . . . . . . . . . . . . . .  SFR      DATA   U_CHAR   00B1H  1
P2 . . . . . . . . . . . . . . . . . .  SFR      DATA   U_CHAR   00A0H  1
WKTCH. . . . . . . . . . . . . . . . .  SFR      DATA   U_CHAR   00ABH  1
P5M0 . . . . . . . . . . . . . . . . .  SFR      DATA   U_CHAR   00CAH  1
P4M1 . . . . . . . . . . . . . . . . .  SFR      DATA   U_CHAR   00B3H  1
P3 . . . . . . . . . . . . . . . . . .  SFR      DATA   U_CHAR   00B0H  1
P6M0 . . . . . . . . . . . . . . . . .  SFR      DATA   U_CHAR   00CCH  1
P5M1 . . . . . . . . . . . . . . . . .  SFR      DATA   U_CHAR   00C9H  1
P4 . . . . . . . . . . . . . . . . . .  SFR      DATA   U_CHAR   00C0H  1
AC . . . . . . . . . . . . . . . . . .  ABSBIT   -----  BIT      00D6H  1
AD . . . . . . . . . . . . . . . . . .  PUBLIC   DATA   U_CHAR   0001H  1
PWMIF. . . . . . . . . . . . . . . . .  SFR      DATA   U_CHAR   00F6H  1
P7M0 . . . . . . . . . . . . . . . . .  SFR      DATA   U_CHAR   00E2H  1
P6M1 . . . . . . . . . . . . . . . . .  SFR      DATA   U_CHAR   00CBH  1
P5 . . . . . . . . . . . . . . . . . .  SFR      DATA   U_CHAR   00C8H  1
EA . . . . . . . . . . . . . . . . . .  ABSBIT   -----  BIT      00AFH  1
P7M1 . . . . . . . . . . . . . . . . .  SFR      DATA   U_CHAR   00E1H  1
P6 . . . . . . . . . . . . . . . . . .  SFR      DATA   U_CHAR   00E8H  1
Voltage_P. . . . . . . . . . . . . . .  PUBLIC   DATA   U_CHAR   0002H  1
WKTCL. . . . . . . . . . . . . . . . .  SFR      DATA   U_CHAR   00AAH  1
P7 . . . . . . . . . . . . . . . . . .  SFR      DATA   U_CHAR   00F8H  1
SPCTL. . . . . . . . . . . . . . . . .  SFR      DATA   U_CHAR   00CEH  1
CF . . . . . . . . . . . . . . . . . .  ABSBIT   -----  BIT      00DFH  1
PWMCR. . . . . . . . . . . . . . . . .  SFR      DATA   U_CHAR   00F5H  1
CH . . . . . . . . . . . . . . . . . .  SFR      DATA   U_CHAR   00F9H  1
P_SW1. . . . . . . . . . . . . . . . .  SFR      DATA   U_CHAR   00A2H  1
P_SW2. . . . . . . . . . . . . . . . .  SFR      DATA   U_CHAR   00BAH  1
EADC . . . . . . . . . . . . . . . . .  ABSBIT   -----  BIT      00ADH  1
IE . . . . . . . . . . . . . . . . . .  SFR      DATA   U_CHAR   00A8H  1
CL . . . . . . . . . . . . . . . . . .  SFR      DATA   U_CHAR   00E9H  1
IAP_CMD. . . . . . . . . . . . . . . .  SFR      DATA   U_CHAR   00C5H  1
chufa_jishu. . . . . . . . . . . . . .  PUBLIC   CODE   PROC     0000H  -----
CCAP0H . . . . . . . . . . . . . . . .  SFR      DATA   U_CHAR   00FAH  1
CCAP1H . . . . . . . . . . . . . . . .  SFR      DATA   U_CHAR   00FBH  1
CCAP2H . . . . . . . . . . . . . . . .  SFR      DATA   U_CHAR   00FCH  1
ADC_RES. . . . . . . . . . . . . . . .  SFR      DATA   U_CHAR   00BDH  1
INTERFACE. . . . . . . . . . . . . . .  PUBLIC   DATA   U_CHAR   0003H  1
CCAP0L . . . . . . . . . . . . . . . .  SFR      DATA   U_CHAR   00EAH  1
CR . . . . . . . . . . . . . . . . . .  ABSBIT   -----  BIT      00DEH  1
PWMFDCR. . . . . . . . . . . . . . . .  SFR      DATA   U_CHAR   00F7H  1
CCAP1L . . . . . . . . . . . . . . . .  SFR      DATA   U_CHAR   00EBH  1
CCAPM0 . . . . . . . . . . . . . . . .  SFR      DATA   U_CHAR   00DAH  1
CCAP2L . . . . . . . . . . . . . . . .  SFR      DATA   U_CHAR   00ECH  1
CCAPM1 . . . . . . . . . . . . . . . .  SFR      DATA   U_CHAR   00DBH  1
CCAPM2 . . . . . . . . . . . . . . . .  SFR      DATA   U_CHAR   00DCH  1
ES . . . . . . . . . . . . . . . . . .  ABSBIT   -----  BIT      00ACH  1
C51 COMPILER V9.54   MAIN                                                                  03/30/2022 14:45:23 PAGE 23  

NAME                                    CLASS   MSPACE  TYPE    OFFSET  SIZE
====                                    =====   ======  ====    ======  ====


PADC . . . . . . . . . . . . . . . . .  ABSBIT   -----  BIT      00BDH  1
IP . . . . . . . . . . . . . . . . . .  SFR      DATA   U_CHAR   00B8H  1
vol_Over_tt. . . . . . . . . . . . . .  PUBLIC   DATA   U_CHAR   0004H  1
AD_LAST. . . . . . . . . . . . . . . .  PUBLIC   DATA   U_CHAR   0005H  1
RI . . . . . . . . . . . . . . . . . .  ABSBIT   -----  BIT      0098H  1
TImer2_inter . . . . . . . . . . . . .  PUBLIC   CODE   PROC     0000H  -----
CY . . . . . . . . . . . . . . . . . .  ABSBIT   -----  BIT      00D7H  1
TI . . . . . . . . . . . . . . . . . .  ABSBIT   -----  BIT      0099H  1
CLK_DIV. . . . . . . . . . . . . . . .  SFR      DATA   U_CHAR   0097H  1
IAP_ADDRH. . . . . . . . . . . . . . .  SFR      DATA   U_CHAR   00C3H  1
PS . . . . . . . . . . . . . . . . . .  ABSBIT   -----  BIT      00BCH  1
SP . . . . . . . . . . . . . . . . . .  SFR      DATA   U_CHAR   0081H  1
CMOD . . . . . . . . . . . . . . . . .  SFR      DATA   U_CHAR   00D9H  1
CCON . . . . . . . . . . . . . . . . .  SFR      DATA   U_CHAR   00D8H  1
IAP_ADDRL. . . . . . . . . . . . . . .  SFR      DATA   U_CHAR   00C4H  1
PPCA . . . . . . . . . . . . . . . . .  ABSBIT   -----  BIT      00BFH  1
OV . . . . . . . . . . . . . . . . . .  ABSBIT   -----  BIT      00D2H  1
main . . . . . . . . . . . . . . . . .  PUBLIC   CODE   PROC     0000H  -----
CMPCR1 . . . . . . . . . . . . . . . .  SFR      DATA   U_CHAR   00E6H  1
_EEPROM_Read . . . . . . . . . . . . .  EXTERN   CODE   PROC     -----  -----
CMPCR2 . . . . . . . . . . . . . . . .  SFR      DATA   U_CHAR   00E7H  1
ELVD . . . . . . . . . . . . . . . . .  ABSBIT   -----  BIT      00AEH  1
P00. . . . . . . . . . . . . . . . . .  ABSBIT   -----  BIT      0080H  1
ADC_CONTR. . . . . . . . . . . . . . .  SFR      DATA   U_CHAR   00BCH  1
SBUF . . . . . . . . . . . . . . . . .  SFR      DATA   U_CHAR   0099H  1
PCON . . . . . . . . . . . . . . . . .  SFR      DATA   U_CHAR   0087H  1
P10. . . . . . . . . . . . . . . . . .  ABSBIT   -----  BIT      0090H  1
P01. . . . . . . . . . . . . . . . . .  ABSBIT   -----  BIT      0081H  1
P20. . . . . . . . . . . . . . . . . .  ABSBIT   -----  BIT      00A0H  1
P11. . . . . . . . . . . . . . . . . .  ABSBIT   -----  BIT      0091H  1
P02. . . . . . . . . . . . . . . . . .  ABSBIT   -----  BIT      0082H  1
_Delay_ms. . . . . . . . . . . . . . .  PUBLIC   CODE   PROC     0000H  -----
  ms . . . . . . . . . . . . . . . . .  * REG *  DATA   U_CHAR   0007H  1
  i. . . . . . . . . . . . . . . . . .  * REG *  DATA   U_CHAR   0005H  1
  j. . . . . . . . . . . . . . . . . .  * REG *  DATA   U_CHAR   0004H  1
  k. . . . . . . . . . . . . . . . . .  * REG *  DATA   U_CHAR   0006H  1
P30. . . . . . . . . . . . . . . . . .  ABSBIT   -----  BIT      00B0H  1
P21. . . . . . . . . . . . . . . . . .  ABSBIT   -----  BIT      00A1H  1
P12. . . . . . . . . . . . . . . . . .  ABSBIT   -----  BIT      0092H  1
P03. . . . . . . . . . . . . . . . . .  ABSBIT   -----  BIT      0083H  1
SCON . . . . . . . . . . . . . . . . .  SFR      DATA   U_CHAR   0098H  1
P40. . . . . . . . . . . . . . . . . .  ABSBIT   -----  BIT      00C0H  1
P31. . . . . . . . . . . . . . . . . .  ABSBIT   -----  BIT      00B1H  1
P22. . . . . . . . . . . . . . . . . .  ABSBIT   -----  BIT      00A2H  1
P13. . . . . . . . . . . . . . . . . .  ABSBIT   -----  BIT      0093H  1
P04. . . . . . . . . . . . . . . . . .  ABSBIT   -----  BIT      0084H  1
TMOD . . . . . . . . . . . . . . . . .  SFR      DATA   U_CHAR   0089H  1
TCON . . . . . . . . . . . . . . . . .  SFR      DATA   U_CHAR   0088H  1
P50. . . . . . . . . . . . . . . . . .  ABSBIT   -----  BIT      00C8H  1
P41. . . . . . . . . . . . . . . . . .  ABSBIT   -----  BIT      00C1H  1
P32. . . . . . . . . . . . . . . . . .  ABSBIT   -----  BIT      00B2H  1
P23. . . . . . . . . . . . . . . . . .  ABSBIT   -----  BIT      00A3H  1
P14. . . . . . . . . . . . . . . . . .  ABSBIT   -----  BIT      0094H  1
P05. . . . . . . . . . . . . . . . . .  ABSBIT   -----  BIT      0085H  1
DIgcom . . . . . . . . . . . . . . . .  PUBLIC   DATA   U_CHAR   0006H  1
P60. . . . . . . . . . . . . . . . . .  ABSBIT   -----  BIT      00E8H  1
P51. . . . . . . . . . . . . . . . . .  ABSBIT   -----  BIT      00C9H  1
C51 COMPILER V9.54   MAIN                                                                  03/30/2022 14:45:23 PAGE 24  

NAME                                    CLASS   MSPACE  TYPE    OFFSET  SIZE
====                                    =====   ======  ====    ======  ====


P42. . . . . . . . . . . . . . . . . .  ABSBIT   -----  BIT      00C2H  1
P33. . . . . . . . . . . . . . . . . .  ABSBIT   -----  BIT      00B3H  1
P24. . . . . . . . . . . . . . . . . .  ABSBIT   -----  BIT      00A4H  1
P15. . . . . . . . . . . . . . . . . .  ABSBIT   -----  BIT      0095H  1
P06. . . . . . . . . . . . . . . . . .  ABSBIT   -----  BIT      0086H  1
PLVD . . . . . . . . . . . . . . . . .  ABSBIT   -----  BIT      00BEH  1
P70. . . . . . . . . . . . . . . . . .  ABSBIT   -----  BIT      00F8H  1
P61. . . . . . . . . . . . . . . . . .  ABSBIT   -----  BIT      00E9H  1
P52. . . . . . . . . . . . . . . . . .  ABSBIT   -----  BIT      00CAH  1
P43. . . . . . . . . . . . . . . . . .  ABSBIT   -----  BIT      00C3H  1
P34. . . . . . . . . . . . . . . . . .  ABSBIT   -----  BIT      00B4H  1
P25. . . . . . . . . . . . . . . . . .  ABSBIT   -----  BIT      00A5H  1
P16. . . . . . . . . . . . . . . . . .  ABSBIT   -----  BIT      0096H  1
P07. . . . . . . . . . . . . . . . . .  ABSBIT   -----  BIT      0087H  1
tab. . . . . . . . . . . . . . . . . .  PUBLIC   DATA   ARRAY    0007H  25
P71. . . . . . . . . . . . . . . . . .  ABSBIT   -----  BIT      00F9H  1
P62. . . . . . . . . . . . . . . . . .  ABSBIT   -----  BIT      00EAH  1
P53. . . . . . . . . . . . . . . . . .  ABSBIT   -----  BIT      00CBH  1
P44. . . . . . . . . . . . . . . . . .  ABSBIT   -----  BIT      00C4H  1
P35. . . . . . . . . . . . . . . . . .  ABSBIT   -----  BIT      00B5H  1
P26. . . . . . . . . . . . . . . . . .  ABSBIT   -----  BIT      00A6H  1
P17. . . . . . . . . . . . . . . . . .  ABSBIT   -----  BIT      0097H  1
_EEPROM_Write. . . . . . . . . . . . .  EXTERN   CODE   PROC     -----  -----
P72. . . . . . . . . . . . . . . . . .  ABSBIT   -----  BIT      00FAH  1
P63. . . . . . . . . . . . . . . . . .  ABSBIT   -----  BIT      00EBH  1
P54. . . . . . . . . . . . . . . . . .  ABSBIT   -----  BIT      00CCH  1
P45. . . . . . . . . . . . . . . . . .  ABSBIT   -----  BIT      00C5H  1
P36. . . . . . . . . . . . . . . . . .  ABSBIT   -----  BIT      00B6H  1
P27. . . . . . . . . . . . . . . . . .  ABSBIT   -----  BIT      00A7H  1
P73. . . . . . . . . . . . . . . . . .  ABSBIT   -----  BIT      00FBH  1
P64. . . . . . . . . . . . . . . . . .  ABSBIT   -----  BIT      00ECH  1
P55. . . . . . . . . . . . . . . . . .  ABSBIT   -----  BIT      00CDH  1
P46. . . . . . . . . . . . . . . . . .  ABSBIT   -----  BIT      00C6H  1
P37. . . . . . . . . . . . . . . . . .  ABSBIT   -----  BIT      00B7H  1
P74. . . . . . . . . . . . . . . . . .  ABSBIT   -----  BIT      00FCH  1
P65. . . . . . . . . . . . . . . . . .  ABSBIT   -----  BIT      00EDH  1
P56. . . . . . . . . . . . . . . . . .  ABSBIT   -----  BIT      00CEH  1
P47. . . . . . . . . . . . . . . . . .  ABSBIT   -----  BIT      00C7H  1
P75. . . . . . . . . . . . . . . . . .  ABSBIT   -----  BIT      00FDH  1
P66. . . . . . . . . . . . . . . . . .  ABSBIT   -----  BIT      00EEH  1
P57. . . . . . . . . . . . . . . . . .  ABSBIT   -----  BIT      00CFH  1
P76. . . . . . . . . . . . . . . . . .  ABSBIT   -----  BIT      00FEH  1
P67. . . . . . . . . . . . . . . . . .  ABSBIT   -----  BIT      00EFH  1
IE0. . . . . . . . . . . . . . . . . .  ABSBIT   -----  BIT      0089H  1
BUS_SPEED. . . . . . . . . . . . . . .  SFR      DATA   U_CHAR   00A1H  1
P77. . . . . . . . . . . . . . . . . .  ABSBIT   -----  BIT      00FFH  1
IE1. . . . . . . . . . . . . . . . . .  ABSBIT   -----  BIT      008BH  1
IE2. . . . . . . . . . . . . . . . . .  SFR      DATA   U_CHAR   00AFH  1
AUXR . . . . . . . . . . . . . . . . .  SFR      DATA   U_CHAR   008EH  1
B. . . . . . . . . . . . . . . . . . .  SFR      DATA   U_CHAR   00F0H  1
IAP_CONTR. . . . . . . . . . . . . . .  SFR      DATA   U_CHAR   00C7H  1
PWMCFG . . . . . . . . . . . . . . . .  SFR      DATA   U_CHAR   00F1H  1
ACC. . . . . . . . . . . . . . . . . .  SFR      DATA   U_CHAR   00E0H  1
ET0. . . . . . . . . . . . . . . . . .  ABSBIT   -----  BIT      00A9H  1
TF0. . . . . . . . . . . . . . . . . .  ABSBIT   -----  BIT      008DH  1
ET1. . . . . . . . . . . . . . . . . .  ABSBIT   -----  BIT      00ABH  1
TF1. . . . . . . . . . . . . . . . . .  ABSBIT   -----  BIT      008FH  1
C51 COMPILER V9.54   MAIN                                                                  03/30/2022 14:45:23 PAGE 25  

NAME                                    CLASS   MSPACE  TYPE    OFFSET  SIZE
====                                    =====   ======  ====    ======  ====


IP2. . . . . . . . . . . . . . . . . .  SFR      DATA   U_CHAR   00B5H  1
RB8. . . . . . . . . . . . . . . . . .  ABSBIT   -----  BIT      009AH  1
TH0. . . . . . . . . . . . . . . . . .  SFR      DATA   U_CHAR   008CH  1
Timer2Init . . . . . . . . . . . . . .  PUBLIC   CODE   PROC     0000H  -----
TH1. . . . . . . . . . . . . . . . . .  SFR      DATA   U_CHAR   008DH  1
IT0. . . . . . . . . . . . . . . . . .  ABSBIT   -----  BIT      0088H  1
EX0. . . . . . . . . . . . . . . . . .  ABSBIT   -----  BIT      00A8H  1
TB8. . . . . . . . . . . . . . . . . .  ABSBIT   -----  BIT      009BH  1
T2H. . . . . . . . . . . . . . . . . .  SFR      DATA   U_CHAR   00D6H  1
IT1. . . . . . . . . . . . . . . . . .  ABSBIT   -----  BIT      008AH  1
EX1. . . . . . . . . . . . . . . . . .  ABSBIT   -----  BIT      00AAH  1
T3H. . . . . . . . . . . . . . . . . .  SFR      DATA   U_CHAR   00D4H  1
P. . . . . . . . . . . . . . . . . . .  ABSBIT   -----  BIT      00D0H  1
SM0. . . . . . . . . . . . . . . . . .  ABSBIT   -----  BIT      009FH  1
T4H. . . . . . . . . . . . . . . . . .  SFR      DATA   U_CHAR   00D2H  1
TL0. . . . . . . . . . . . . . . . . .  SFR      DATA   U_CHAR   008AH  1
SM1. . . . . . . . . . . . . . . . . .  ABSBIT   -----  BIT      009EH  1
TL1. . . . . . . . . . . . . . . . . .  SFR      DATA   U_CHAR   008BH  1
SM2. . . . . . . . . . . . . . . . . .  ABSBIT   -----  BIT      009DH  1
T2L. . . . . . . . . . . . . . . . . .  SFR      DATA   U_CHAR   00D7H  1
T3L. . . . . . . . . . . . . . . . . .  SFR      DATA   U_CHAR   00D5H  1
Digbuf . . . . . . . . . . . . . . . .  PUBLIC   DATA   ARRAY    0020H  8
T4L. . . . . . . . . . . . . . . . . .  SFR      DATA   U_CHAR   00D3H  1
PT0. . . . . . . . . . . . . . . . . .  ABSBIT   -----  BIT      00B9H  1
PT1. . . . . . . . . . . . . . . . . .  ABSBIT   -----  BIT      00BBH  1
RS0. . . . . . . . . . . . . . . . . .  ABSBIT   -----  BIT      00D3H  1
Voltage. . . . . . . . . . . . . . . .  PUBLIC   DATA   U_CHAR   0028H  1
IAP_DATA . . . . . . . . . . . . . . .  SFR      DATA   U_CHAR   00C2H  1
TR0. . . . . . . . . . . . . . . . . .  ABSBIT   -----  BIT      008CH  1
RS1. . . . . . . . . . . . . . . . . .  ABSBIT   -----  BIT      00D4H  1
TR1. . . . . . . . . . . . . . . . . .  ABSBIT   -----  BIT      008EH  1
WDT_CONTR. . . . . . . . . . . . . . .  SFR      DATA   U_CHAR   00C1H  1
PX0. . . . . . . . . . . . . . . . . .  ABSBIT   -----  BIT      00B8H  1
PX1. . . . . . . . . . . . . . . . . .  ABSBIT   -----  BIT      00BAH  1
AD_NOW . . . . . . . . . . . . . . . .  PUBLIC   DATA   U_CHAR   0029H  1
PCA_PWM0 . . . . . . . . . . . . . . .  SFR      DATA   U_CHAR   00F2H  1
PCA_PWM1 . . . . . . . . . . . . . . .  SFR      DATA   U_CHAR   00F3H  1
PCA_PWM2 . . . . . . . . . . . . . . .  SFR      DATA   U_CHAR   00F4H  1
P1ASF. . . . . . . . . . . . . . . . .  SFR      DATA   U_CHAR   009DH  1
DPH. . . . . . . . . . . . . . . . . .  SFR      DATA   U_CHAR   0083H  1
T3T4M. . . . . . . . . . . . . . . . .  SFR      DATA   U_CHAR   00D1H  1
T4T3M. . . . . . . . . . . . . . . . .  SFR      DATA   U_CHAR   00D1H  1
ADC_RESL . . . . . . . . . . . . . . .  SFR      DATA   U_CHAR   00BEH  1
DPL. . . . . . . . . . . . . . . . . .  SFR      DATA   U_CHAR   0082H  1
SPSTAT . . . . . . . . . . . . . . . .  SFR      DATA   U_CHAR   00CDH  1
_AD_Read . . . . . . . . . . . . . . .  EXTERN   CODE   PROC     -----  -----
S2BUF. . . . . . . . . . . . . . . . .  SFR      DATA   U_CHAR   009BH  1
S3BUF. . . . . . . . . . . . . . . . .  SFR      DATA   U_CHAR   00ADH  1
S4BUF. . . . . . . . . . . . . . . . .  SFR      DATA   U_CHAR   0085H  1
REN. . . . . . . . . . . . . . . . . .  ABSBIT   -----  BIT      009CH  1
S2CON. . . . . . . . . . . . . . . . .  SFR      DATA   U_CHAR   009AH  1
S3CON. . . . . . . . . . . . . . . . .  SFR      DATA   U_CHAR   00ACH  1
S4CON. . . . . . . . . . . . . . . . .  SFR      DATA   U_CHAR   0084H  1
keyscan16_2. . . . . . . . . . . . . .  PUBLIC   CODE   PROC     0000H  -----
  temp . . . . . . . . . . . . . . . .  AUTO     DATA   U_CHAR   0000H  1
SADEN. . . . . . . . . . . . . . . . .  SFR      DATA   U_CHAR   00B9H  1
SADDR. . . . . . . . . . . . . . . . .  SFR      DATA   U_CHAR   00A9H  1
C51 COMPILER V9.54   MAIN                                                                  03/30/2022 14:45:23 PAGE 26  

NAME                                    CLASS   MSPACE  TYPE    OFFSET  SIZE
====                                    =====   ======  ====    ======  ====


allinit. . . . . . . . . . . . . . . .  PUBLIC   CODE   PROC     0000H  -----
IAP_TRIG . . . . . . . . . . . . . . .  SFR      DATA   U_CHAR   00C6H  1
AUXR1. . . . . . . . . . . . . . . . .  SFR      DATA   U_CHAR   00A2H  1
F0 . . . . . . . . . . . . . . . . . .  ABSBIT   -----  BIT      00D5H  1
Counter_Num. . . . . . . . . . . . . .  PUBLIC   DATA   U_CHAR   002AH  1
INT_CLKO . . . . . . . . . . . . . . .  SFR      DATA   U_CHAR   008FH  1
PSW. . . . . . . . . . . . . . . . . .  SFR      DATA   U_CHAR   00D0H  1
CCF0 . . . . . . . . . . . . . . . . .  ABSBIT   -----  BIT      00D8H  1
CCF1 . . . . . . . . . . . . . . . . .  ABSBIT   -----  BIT      00D9H  1
SPDAT. . . . . . . . . . . . . . . . .  SFR      DATA   U_CHAR   00CFH  1
P0M0 . . . . . . . . . . . . . . . . .  SFR      DATA   U_CHAR   0094H  1


MODULE INFORMATION:   STATIC OVERLAYABLE
   CODE SIZE        =    912    ----
   CONSTANT SIZE    =   ----    ----
   XDATA SIZE       =   ----    ----
   PDATA SIZE       =   ----    ----
   DATA SIZE        =     43       1
   IDATA SIZE       =   ----    ----
   BIT SIZE         =   ----    ----
   EDATA SIZE       =   ----    ----
   HDATA SIZE       =   ----    ----
   XDATA CONST SIZE =   ----    ----
   FAR CONST SIZE   =   ----    ----
END OF MODULE INFORMATION.


C51 COMPILATION COMPLETE.  0 WARNING(S),  0 ERROR(S)
