C51 COMPILER V9.54   DS1302                                                                06/17/2022 23:02:38 PAGE 1   


C51 COMPILER V9.54, COMPILATION OF MODULE DS1302
OBJECT MODULE PLACED IN .\Objects\ds1302.obj
COMPILER INVOKED BY: D:\Keil51\C51\BIN\C51.EXE ds1302.c OPTIMIZE(8,SPEED) BROWSE DEBUG OBJECTEXTEND PRINT(.\Listings\ds1
                    -302.lst) OBJECT(.\Objects\ds1302.obj)

line level    source

   1          #include "ds1302.h"                                                                     
   2          #include <stc15f2k60s2.h>
   3          #include <intrins.h>
   4          
   5          sbit SCK = P1^7;                
   6          sbit SDA = P2^3;                
   7          sbit RST = P1^3; 
   8          
   9          
  10          unsigned char shijian[7]={55,59,23,0,0,0,0};
  11          void Write_Ds1302(unsigned  char temp) 
  12          {
  13   1              unsigned char i;
  14   1              for (i=0;i<8;i++)       
  15   1              { 
  16   2                      SCK = 0;
  17   2                      SDA = temp&0x01;
  18   2                      temp>>=1; 
  19   2                      SCK=1;
  20   2              }
  21   1      }   
  22          
  23          //
  24          void Write_Ds1302_Byte( unsigned char address,unsigned char dat )     
  25          {
  26   1              RST=0;  _nop_();
  27   1              SCK=0;  _nop_();
  28   1              RST=1;  _nop_();  
  29   1              Write_Ds1302(address);  
  30   1              dat=(((dat/10)<<4)|(dat%10));
  31   1              Write_Ds1302(dat);              
  32   1              RST=0; 
  33   1      }
  34          
  35          //
  36          unsigned char Read_Ds1302_Byte ( unsigned char address )
  37          {
  38   1              unsigned char i,temp=0x00;
  39   1              RST=0;  _nop_();
  40   1              SCK=0;  _nop_();
  41   1              RST=1;  _nop_();
  42   1              Write_Ds1302(address);
  43   1              for (i=0;i<8;i++)       
  44   1              {               
  45   2                      SCK=0;
  46   2                      temp>>=1;       
  47   2                      if(SDA)
  48   2                      temp|=0x80;     
  49   2                      SCK=1;
  50   2              } 
  51   1              RST=0;  _nop_();
  52   1              SCK=0;  _nop_();
  53   1              SCK=1;  _nop_();
  54   1              SDA=0;  _nop_();
C51 COMPILER V9.54   DS1302                                                                06/17/2022 23:02:38 PAGE 2   

  55   1              SDA=1;  _nop_();
  56   1              temp=(temp/16)*10+(temp%16);
  57   1              return (temp);                  
  58   1      }
  59          void ds1302_init()
  60          {
  61   1              unsigned char i=0;
  62   1              unsigned char add=0x80;
  63   1              Write_Ds1302_Byte(0x8e,0x00);
  64   1              for(i=0;i<8;i++)
  65   1              {
  66   2                      Write_Ds1302_Byte(add,shijian[i]);
  67   2                      add+=2;
  68   2              }
  69   1              Write_Ds1302_Byte(0x8e,0x80);
  70   1      }
  71          void ds1302_get()
  72          {
  73   1              unsigned char i=0;
  74   1              unsigned char add=0x81;
  75   1              Write_Ds1302_Byte(0x8e,0x00);
  76   1              for(i=0;i<8;i++)
  77   1              {
  78   2                      shijian[i]=Read_Ds1302_Byte(add);
  79   2                      add+=2;
  80   2              }
  81   1              Write_Ds1302_Byte(0x8e,0x80);
  82   1      }


MODULE INFORMATION:   STATIC OVERLAYABLE
   CODE SIZE        =    188    ----
   CONSTANT SIZE    =   ----    ----
   XDATA SIZE       =   ----    ----
   PDATA SIZE       =   ----    ----
   DATA SIZE        =      7    ----
   IDATA SIZE       =   ----    ----
   BIT SIZE         =   ----    ----
END OF MODULE INFORMATION.


C51 COMPILATION COMPLETE.  0 WARNING(S),  0 ERROR(S)
