C51 COMPILER V9.54   MAIN                                                                  06/17/2022 23:57:22 PAGE 1   


C51 COMPILER V9.54, COMPILATION OF MODULE MAIN
OBJECT MODULE PLACED IN .\Objects\main.obj
COMPILER INVOKED BY: D:\Keil51\C51\BIN\C51.EXE main.c OPTIMIZE(8,SPEED) BROWSE DEBUG OBJECTEXTEND PRINT(.\Listings\main.
                    -lst) OBJECT(.\Objects\main.obj)

line level    source

   1          #include <stc15f2k60s2.h>
   2          #include <intrins.h>
   3          #include "iic.h"
   4          #include "ds1302.h"
   5          #include "onewire.h"
   6          #include <stdio.h>
   7          
   8          #define Somenop {_nop_();_nop_();_nop_();_nop_();_nop_();_nop_();_nop_();_nop_();_nop_();_nop_();}
   9          
  10          #define uchar unsigned char
  11          #define uint unsigned int
  12          
  13          sbit TX=P1^0;
  14          sbit RX=P1^1;
  15          
  16          extern uchar shijian[7];
  17          
  18          code uchar tab[]={0xc0,0xf9,0xa4,0xb0,0x99,0x92,0x82,0xf8,0x80,0x90,
  19                                                  0x40,0x79,0x24,0x30,0x19,0x12,0x02,0x78,0x00,0x10,
  20                                                                                                                                  0xbf,0xff};
  21          uchar Digbuf[]={21,21,21,21,21,21,21,21};
  22          uchar Digcom=0;
  23          void allinit();
  24          void Delay_ms(uint ms);         //@11.0592MHz
  25          void Timer2Init(void);          //1??@11.0592MHz
  26          
  27          uchar AD=0;
  28          uint temper=0;
  29          
  30          //*************³¬Éù²¨****************//
  31          void Bo_function();
  32          void Timer0Init(void);          //1??@11.0592MHz
  33          void Send_Wave();
  34          uint Dis_Get();
  35          uint dis=0;
  36          uint distance=0;
  37          bit bo_flag=0;
  38          
  39          //*************´®¿Ú*******************//
  40          void UartInit(void);            //115200bps@11.0592MHz
  41          void Uart_function();
  42          void Send_Buffer(uchar *p,uchar length);
  43          uchar rec_num=0;
  44          uchar rec_flag=0;
  45          bit rec_over=0;
  46          uchar rec_buffer[]="123\r\n";
  47          uchar send_buffer[15];
  48          void main()
  49          {
  50   1              allinit();
  51   1              Timer2Init();
  52   1              Timer0Init();
  53   1              ds1302_init();
  54   1              UartInit();
C51 COMPILER V9.54   MAIN                                                                  06/17/2022 23:57:22 PAGE 2   

  55   1              while(1)
  56   1              {       
  57   2                      DA_Write(255);
  58   2                      temper=rd_temperature();
  59   2      //              AD=AD_Read(0x03);
  60   2      //              Digbuf[0]=AD/100;
  61   2      //              Digbuf[1]=AD%100/10;
  62   2      //              Digbuf[2]=AD%10;
  63   2                      ds1302_get();
  64   2      //              Digbuf[0]=shijian[0]/10;
  65   2      //              Digbuf[1]=shijian[0]%10;
  66   2      //              Digbuf[2]=20;
  67   2      //              Digbuf[3]=shijian[1]/10;
  68   2      //              Digbuf[4]=shijian[1]%10;
  69   2      //              Digbuf[5]=20;
  70   2      //              Digbuf[6]=shijian[2]/10;
  71   2      //              Digbuf[7]=shijian[2]%10;
  72   2      //              Digbuf[4]=temper/1000;
  73   2      //              Digbuf[5]=temper%1000/100+10;
  74   2      //              Digbuf[6]=temper%100/10;
  75   2      //              Digbuf[7]=temper%10;
  76   2                      Uart_function();
  77   2                      Bo_function();
  78   2                      Digbuf[5]=dis/100;
  79   2                      Digbuf[6]=dis%100/10;
  80   2                      Digbuf[7]=dis%10;
  81   2              }
  82   1      }
  83          void Bo_function()
  84          {
  85   1              if(bo_flag==1)
  86   1              {
  87   2                      bo_flag=0;
  88   2                      dis=Dis_Get();
  89   2              }
  90   1      }
  91          uint Dis_Get()
  92          {
  93   1              TH0=0;
  94   1              TL0=0;
  95   1              Send_Wave();
  96   1              TR0=1;
  97   1              while((TF0==0)&&(RX==1));
  98   1              TR0=0;
  99   1              if(TF0==1)
 100   1              {
 101   2                      distance=999;
 102   2                      TF0=0;
 103   2              }
 104   1              if(RX==0)
 105   1              {
 106   2                      RX=1;
 107   2                      distance=(((TH0<<8)|(TL0))*0.017);
 108   2              }
 109   1              return distance;
 110   1      }
 111          void Send_Wave()
 112          {
 113   1              uchar i=8;
 114   1              do
 115   1              {
 116   2                      TX=1;
C51 COMPILER V9.54   MAIN                                                                  06/17/2022 23:57:22 PAGE 3   

 117   2                      Somenop;Somenop;Somenop;Somenop;Somenop;Somenop;Somenop;Somenop;Somenop;Somenop;
 118   2                      TX=0;
 119   2                      Somenop;Somenop;Somenop;Somenop;Somenop;Somenop;Somenop;Somenop;Somenop;Somenop;
 120   2              }while(i--);
 121   1      }
 122          
 123          void Uart_function()
 124          {
 125   1              if(rec_over==1)
 126   1              {
 127   2                      rec_over=0;
 128   2                      if((rec_buffer[0]=='t')&(rec_buffer[1]=='t')&(rec_buffer[2]=='t')&(rec_buffer[3]=='\r')&(rec_buffer[4]==
             -'\n')&&(rec_num==5))
 129   2                      {
 130   3                              sprintf((uchar*)send_buffer,"123213\r\n");
 131   3                              Send_Buffer(send_buffer,8);
 132   3                      }
 133   2                      else
 134   2                      {
 135   3                              sprintf((uchar*)send_buffer,"error\r\n");
 136   3                              Send_Buffer(send_buffer,7);
 137   3                      }
 138   2                      rec_num=0;
 139   2              }
 140   1      }
 141          
 142          void UartInit(void)             //115200bps@11.0592MHz
 143          {
 144   1              SCON = 0x50;            //8???,?????
 145   1              AUXR |= 0x40;           //?????1T??
 146   1              AUXR &= 0xFE;           //??1?????1???????
 147   1              TMOD &= 0x0F;           //???????
 148   1              TL1 = 0xE8;             //???????
 149   1              TH1 = 0xFF;             //???????
 150   1              ET1 = 0;                //?????%d??
 151   1              TR1 = 1;                //???1????
 152   1              
 153   1              ES=1;
 154   1              EA=1;
 155   1      }
 156          void red_ser() interrupt 4
 157          {
 158   1              if(RI)
 159   1              {
 160   2                      rec_buffer[rec_num]=SBUF;
 161   2                      rec_num++;
 162   2                      RI=0;
 163   2                      rec_flag=1;
 164   2              }
 165   1      }
 166          void Send_Buffer(uchar *p,uchar length)
 167          {
 168   1              uchar i=0;
 169   1              for(i=0;i<length;i++)
 170   1              {
 171   2                      SBUF=*(p+i);
 172   2                      while(TI==0);
 173   2                      TI=0;
 174   2              }
 175   1      }
 176          
 177          void Timer2Init(void)           //1??@11.0592MHz
C51 COMPILER V9.54   MAIN                                                                  06/17/2022 23:57:22 PAGE 4   

 178          {
 179   1              AUXR |= 0x04;           //?????1T??
 180   1              T2L = 0xCD;             //???????
 181   1              T2H = 0xD4;             //???????
 182   1              AUXR |= 0x10;           //???2????
 183   1              IE2|=0x04;
 184   1              EA=1;
 185   1      }
 186          void t2_ser() interrupt 12
 187          {
 188   1              
 189   1              static uint bo_tt=0;
 190   1              
 191   1              P2|=0xe0;
 192   1              P2&=0xff;
 193   1              P0=0xff;
 194   1              
 195   1              P2|=0xc0;
 196   1              P2&=0xdf;
 197   1              P0=0x01<<Digcom;
 198   1              
 199   1              P2|=0xe0;
 200   1              P2&=0xff;
 201   1              P0=tab[Digbuf[Digcom]];
 202   1              if(++Digcom==8){Digcom=0;}
 203   1              
 204   1              if(rec_flag>=1)
 205   1              {
 206   2                      rec_flag++;
 207   2                      if(rec_flag>=20)
 208   2                      {
 209   3                              rec_over=1;
 210   3                              rec_flag=0;
 211   3                      }
 212   2              }
 213   1              
 214   1              if(++bo_tt==500)
 215   1              {
 216   2                      bo_tt=0;
 217   2                      bo_flag=1;
 218   2              }
 219   1      }
 220          void Timer0Init(void)           //1??@11.0592MHz
 221          {
 222   1              AUXR &= 0x7F;           //?????12T??
 223   1              TMOD &= 0xF0;           //???????
 224   1              TL0 = 0;                //???????
 225   1              TH0 = 0;                //???????
 226   1              TF0 = 0;                //??TF0??
 227   1              TR0 = 0;                //???0????
 228   1      }
 229          
 230          void allinit()
 231          {
 232   1              P2|=0xa0;
 233   1              P2&=0xbf;
 234   1              P0=0x00;
 235   1              
 236   1              P2|=0x80;
 237   1              P2&=0x9f;
 238   1              P0=0xff;
 239   1              
C51 COMPILER V9.54   MAIN                                                                  06/17/2022 23:57:22 PAGE 5   

 240   1              P2|=0xc0;
 241   1              P2&=0xdf;
 242   1              P0=0xff;
 243   1              
 244   1              P2|=0xe0;
 245   1              P2&=0xff;
 246   1              P0=0xff;
 247   1              
 248   1      }
 249          void Delay_ms(uint ms)          //@11.0592MHz
 250          {
 251   1              unsigned char i, j,k;
 252   1              for(k=0;k<ms;k++)
 253   1              {
 254   2                      _nop_();
 255   2                      _nop_();
 256   2                      _nop_();
 257   2                      i = 11;
 258   2                      j = 190;
 259   2                      do
 260   2                      {
 261   3                              while (--j);
 262   3                      } while (--i);
 263   2              }
 264   1      }


MODULE INFORMATION:   STATIC OVERLAYABLE
   CODE SIZE        =    847    ----
   CONSTANT SIZE    =     39    ----
   XDATA SIZE       =   ----    ----
   PDATA SIZE       =   ----    ----
   DATA SIZE        =     41       3
   IDATA SIZE       =   ----    ----
   BIT SIZE         =      2    ----
END OF MODULE INFORMATION.


C51 COMPILATION COMPLETE.  0 WARNING(S),  0 ERROR(S)
