C51 COMPILER V9.54   ONEWIRE                                                               03/25/2022 11:28:24 PAGE 1   


C51 COMPILER V9.54, COMPILATION OF MODULE ONEWIRE
OBJECT MODULE PLACED IN .\Objects\onewire.obj
COMPILER INVOKED BY: D:\Keil51\C51\BIN\C51.EXE onewire.c OPTIMIZE(8,SPEED) BROWSE DEBUG OBJECTEXTEND PRINT(.\Listings\on
                    -ewire.lst) OBJECT(.\Objects\onewire.obj)

line level    source

   1          /*
   2            ???????: ??????????????
   3            ????????: Keil uVision 4.10 
   4            ???????: CT107???????????? 8051 12MHz
   5            ??    ??: 2011-8-9
   6          */
   7          #include <STC15F2K60S2.H>
   8          #include <INTRINS.H>
   9          
  10          sbit DQ = P1^4;  //????????
  11          
  12          //?????????????
  13          void Delay_OneWire(unsigned int t)  
  14          {
  15   1              unsigned char i;
  16   1              while(t--){
  17   2                      for(i=0; i<8; i++);
  18   2              }
  19   1      }
  20          
  21          
  22          //???????????DS18B20?h?????
  23          void Write_DS18B20(unsigned char dat)
  24          {
  25   1              unsigned char i;
  26   1              for(i=0;i<8;i++)
  27   1              {
  28   2                      DQ = 0;
  29   2                      DQ = dat&0x01;
  30   2                      Delay_OneWire(5);
  31   2                      DQ = 1;
  32   2                      dat >>= 1;
  33   2              }
  34   1              Delay_OneWire(5);
  35   1      }
  36          
  37          //??DS18B20???h?????
  38          unsigned char Read_DS18B20(void)
  39          {
  40   1              unsigned char i;
  41   1              unsigned char dat;
  42   1        
  43   1              for(i=0;i<8;i++)
  44   1              {
  45   2                      DQ = 0;
  46   2                      dat >>= 1;
  47   2                      DQ = 1;
  48   2                      if(DQ)
  49   2                      {
  50   3                              dat |= 0x80;
  51   3                      }           
  52   2                      Delay_OneWire(5);
  53   2              }
  54   1              return dat;
C51 COMPILER V9.54   ONEWIRE                                                               03/25/2022 11:28:24 PAGE 2   

  55   1      }
  56          
  57          //DS18B20????'??
  58          bit init_ds18b20(void)
  59          {
  60   1              bit initflag = 0;
  61   1              
  62   1              DQ = 1;
  63   1              Delay_OneWire(12);
  64   1              DQ = 0;
  65   1              Delay_OneWire(80);
  66   1              DQ = 1;
  67   1              Delay_OneWire(10); 
  68   1              initflag = DQ;     
  69   1              Delay_OneWire(5);
  70   1        
  71   1              return initflag;
  72   1      }
  73          
  74          unsigned char Temper_Get()
  75          {
  76   1              
  77   1              unsigned char low,high,temp;
  78   1              init_ds18b20();
  79   1              Write_DS18B20(0xcc);
  80   1              Write_DS18B20(0x44);
  81   1              Delay_OneWire(20);
  82   1              
  83   1              init_ds18b20();
  84   1              Write_DS18B20(0xcc);
  85   1              Write_DS18B20(0xbe);
  86   1              
  87   1              low=Read_DS18B20();
  88   1              high=Read_DS18B20();
  89   1              
  90   1              temp=(low>>4)|(high<<4);
  91   1      
  92   1              return temp;
  93   1      }
  94          
  95          
  96          
  97          


MODULE INFORMATION:   STATIC OVERLAYABLE
   CODE SIZE        =    174    ----
   CONSTANT SIZE    =   ----    ----
   XDATA SIZE       =   ----    ----
   PDATA SIZE       =   ----    ----
   DATA SIZE        =   ----    ----
   IDATA SIZE       =   ----    ----
   BIT SIZE         =   ----       1
END OF MODULE INFORMATION.


C51 COMPILATION COMPLETE.  0 WARNING(S),  0 ERROR(S)
